[0.771s] Invoking command in '/home/katzchen/Documents/Robotics/Examples_ws/Example_py_ws': PYTHONPATH=/home/katzchen/Documents/Robotics/Examples_ws/build/Example_py_ws/prefix_override:/usr/lib/python3/dist-packages/colcon_core/task/python/colcon_distutils_commands:/home/katzchen/Documents/Robotics/Examples_ws/install/Example_py_ws/lib/python3.10/site-packages:${PYTHONPATH} /usr/bin/python3 -W ignore:setup.py install is deprecated setup.py egg_info --egg-base ../build/Example_py_ws build --build-base /home/katzchen/Documents/Robotics/Examples_ws/build/Example_py_ws/build install --record /home/katzchen/Documents/Robotics/Examples_ws/build/Example_py_ws/install.log --single-version-externally-managed install_data
[1.037s] running egg_info
[1.037s] writing ../build/Example_py_ws/Example_py_ws.egg-info/PKG-INFO
[1.038s] writing dependency_links to ../build/Example_py_ws/Example_py_ws.egg-info/dependency_links.txt
[1.038s] writing entry points to ../build/Example_py_ws/Example_py_ws.egg-info/entry_points.txt
[1.038s] writing requirements to ../build/Example_py_ws/Example_py_ws.egg-info/requires.txt
[1.039s] writing top-level names to ../build/Example_py_ws/Example_py_ws.egg-info/top_level.txt
[1.040s] reading manifest file '../build/Example_py_ws/Example_py_ws.egg-info/SOURCES.txt'
[1.046s] adding license file 'LICENSE'
[1.047s] writing manifest file '../build/Example_py_ws/Example_py_ws.egg-info/SOURCES.txt'
[1.047s] running build
[1.048s] running build_py
[1.048s] copying Example_py_ws/Publicator.py -> /home/katzchen/Documents/Robotics/Examples_ws/build/Example_py_ws/build/lib/Example_py_ws
[1.048s] running install
[1.049s] running install_lib
[1.049s] copying /home/katzchen/Documents/Robotics/Examples_ws/build/Example_py_ws/build/lib/Example_py_ws/Publicator.py -> /home/katzchen/Documents/Robotics/Examples_ws/install/Example_py_ws/lib/python3.10/site-packages/Example_py_ws
[1.050s] byte-compiling /home/katzchen/Documents/Robotics/Examples_ws/install/Example_py_ws/lib/python3.10/site-packages/Example_py_ws/Publicator.py to Publicator.cpython-310.pyc
[1.051s] running install_data
[1.051s] running install_egg_info
[1.054s] removing '/home/katzchen/Documents/Robotics/Examples_ws/install/Example_py_ws/lib/python3.10/site-packages/Example_py_ws-0.0.0-py3.10.egg-info' (and everything under it)
[1.054s] Copying ../build/Example_py_ws/Example_py_ws.egg-info to /home/katzchen/Documents/Robotics/Examples_ws/install/Example_py_ws/lib/python3.10/site-packages/Example_py_ws-0.0.0-py3.10.egg-info
[1.056s] running install_scripts
[1.077s] Installing Listener script to /home/katzchen/Documents/Robotics/Examples_ws/install/Example_py_ws/lib/Example_py_ws
[1.077s] Installing Talker script to /home/katzchen/Documents/Robotics/Examples_ws/install/Example_py_ws/lib/Example_py_ws
[1.078s] writing list of installed files to '/home/katzchen/Documents/Robotics/Examples_ws/build/Example_py_ws/install.log'
[1.104s] Invoked command in '/home/katzchen/Documents/Robotics/Examples_ws/Example_py_ws' returned '0': PYTHONPATH=/home/katzchen/Documents/Robotics/Examples_ws/build/Example_py_ws/prefix_override:/usr/lib/python3/dist-packages/colcon_core/task/python/colcon_distutils_commands:/home/katzchen/Documents/Robotics/Examples_ws/install/Example_py_ws/lib/python3.10/site-packages:${PYTHONPATH} /usr/bin/python3 -W ignore:setup.py install is deprecated setup.py egg_info --egg-base ../build/Example_py_ws build --build-base /home/katzchen/Documents/Robotics/Examples_ws/build/Example_py_ws/build install --record /home/katzchen/Documents/Robotics/Examples_ws/build/Example_py_ws/install.log --single-version-externally-managed install_data
