[0.018s] Invoking command in '/home/katzchen/Documents/Robotics/Examples_ws/build/Example_C_ws': CMAKE_PREFIX_PATH=/opt/ros/humble /usr/bin/cmake --build /home/katzchen/Documents/Robotics/Examples_ws/build/Example_C_ws -- -j16 -l16
[0.075s] [35m[1mConsolidate compiler generated dependencies of target pub[0m
[0.092s] [ 66%] Built target sub
[0.092s] [ 66%] Built target pubsub
[0.098s] [ 83%] [32mBuilding CXX object CMakeFiles/pub.dir/src/pub.cpp.o[0m
[2.565s] [01m[K/home/katzchen/Documents/Robotics/Examples_ws/Example_C_ws/src/pub.cpp:[m[K In member function ‘[01m[Kvoid Alpha_Publisher::timer_callback()[m[K’:
[2.566s] [01m[K/home/katzchen/Documents/Robotics/Examples_ws/Example_C_ws/src/pub.cpp:28:23:[m[K [01;31m[Kerror: [m[Kexpected identifier before numeric constant
[2.566s]    28 |       message.data = [[01;31m[K1[m[K, 2, 3, 4, 5];
[2.566s]       |                       [01;31m[K^[m[K
[2.566s] [01m[K/home/katzchen/Documents/Robotics/Examples_ws/Example_C_ws/src/pub.cpp:28:24:[m[K [01;31m[Kerror: [m[Kexpected ‘[01m[K][m[K’ before ‘[01m[K,[m[K’ token
[2.566s]    28 |       message.data = [1[01;31m[K,[m[K 2, 3, 4, 5];
[2.566s]       |                        [01;31m[K^[m[K
[2.566s] [01m[K/home/katzchen/Documents/Robotics/Examples_ws/Example_C_ws/src/pub.cpp:[m[K In lambda function:
[2.566s] [01m[K/home/katzchen/Documents/Robotics/Examples_ws/Example_C_ws/src/pub.cpp:28:24:[m[K [01;31m[Kerror: [m[Kexpected ‘[01m[K{[m[K’ before ‘[01m[K,[m[K’ token
[2.566s] [01m[K/home/katzchen/Documents/Robotics/Examples_ws/Example_C_ws/src/pub.cpp:[m[K In member function ‘[01m[Kvoid Alpha_Publisher::timer_callback()[m[K’:
[2.566s] [01m[K/home/katzchen/Documents/Robotics/Examples_ws/Example_C_ws/src/pub.cpp:28:24:[m[K [01;31m[Kerror: [m[Kno match for ‘[01m[Koperator=[m[K’ (operand types are ‘[01m[Kstd_msgs::msg::UInt8MultiArray_<std::allocator<void> >::_data_type[m[K’ {aka ‘[01m[Kstd::vector<unsigned char, std::allocator<unsigned char> >[m[K’} and ‘[01m[KAlpha_Publisher::timer_callback()::<lambda()>[m[K’)
[2.566s] In file included from [01m[K/usr/include/c++/11/vector:72[m[K,
[2.566s]                  from [01m[K/usr/include/c++/11/functional:62[m[K,
[2.567s]                  from [01m[K/home/katzchen/Documents/Robotics/Examples_ws/Example_C_ws/src/pub.cpp:2[m[K:
[2.567s] [01m[K/usr/include/c++/11/bits/vector.tcc:198:5:[m[K [01;36m[Knote: [m[Kcandidate: ‘[01m[Kstd::vector<_Tp, _Alloc>& std::vector<_Tp, _Alloc>::operator=(const std::vector<_Tp, _Alloc>&) [with _Tp = unsigned char; _Alloc = std::allocator<unsigned char>][m[K’
[2.567s]   198 |     [01;36m[Kvector<_Tp, _Alloc>[m[K::
[2.567s]       |     [01;36m[K^~~~~~~~~~~~~~~~~~~[m[K
[2.567s] [01m[K/usr/include/c++/11/bits/vector.tcc:199:42:[m[K [01;36m[Knote: [m[K  no known conversion for argument 1 from ‘[01m[KAlpha_Publisher::timer_callback()::<lambda()>[m[K’ to ‘[01m[Kconst std::vector<unsigned char, std::allocator<unsigned char> >&[m[K’
[2.567s]   199 |     operator=([01;36m[Kconst vector<_Tp, _Alloc>& __x[m[K)
[2.567s]       |               [01;36m[K~~~~~~~~~~~~~~~~~~~~~~~~~~~^~~[m[K
[2.567s] In file included from [01m[K/usr/include/c++/11/vector:67[m[K,
[2.567s]                  from [01m[K/usr/include/c++/11/functional:62[m[K,
[2.567s]                  from [01m[K/home/katzchen/Documents/Robotics/Examples_ws/Example_C_ws/src/pub.cpp:2[m[K:
[2.567s] [01m[K/usr/include/c++/11/bits/stl_vector.h:709:7:[m[K [01;36m[Knote: [m[Kcandidate: ‘[01m[Kstd::vector<_Tp, _Alloc>& std::vector<_Tp, _Alloc>::operator=(std::vector<_Tp, _Alloc>&&) [with _Tp = unsigned char; _Alloc = std::allocator<unsigned char>][m[K’
[2.567s]   709 |       [01;36m[Koperator[m[K=(vector&& __x) noexcept(_Alloc_traits::_S_nothrow_move())
[2.567s]       |       [01;36m[K^~~~~~~~[m[K
[2.567s] [01m[K/usr/include/c++/11/bits/stl_vector.h:709:26:[m[K [01;36m[Knote: [m[K  no known conversion for argument 1 from ‘[01m[KAlpha_Publisher::timer_callback()::<lambda()>[m[K’ to ‘[01m[Kstd::vector<unsigned char, std::allocator<unsigned char> >&&[m[K’
[2.567s]   709 |       operator=([01;36m[Kvector&& __x[m[K) noexcept(_Alloc_traits::_S_nothrow_move())
[2.568s]       |                 [01;36m[K~~~~~~~~~^~~[m[K
[2.568s] [01m[K/usr/include/c++/11/bits/stl_vector.h:730:7:[m[K [01;36m[Knote: [m[Kcandidate: ‘[01m[Kstd::vector<_Tp, _Alloc>& std::vector<_Tp, _Alloc>::operator=(std::initializer_list<_Tp>) [with _Tp = unsigned char; _Alloc = std::allocator<unsigned char>][m[K’
[2.568s]   730 |       [01;36m[Koperator[m[K=(initializer_list<value_type> __l)
[2.568s]       |       [01;36m[K^~~~~~~~[m[K
[2.568s] [01m[K/usr/include/c++/11/bits/stl_vector.h:730:46:[m[K [01;36m[Knote: [m[K  no known conversion for argument 1 from ‘[01m[KAlpha_Publisher::timer_callback()::<lambda()>[m[K’ to ‘[01m[Kstd::initializer_list<unsigned char>[m[K’
[2.568s]   730 |       operator=([01;36m[Kinitializer_list<value_type> __l[m[K)
[2.568s]       |                 [01;36m[K~~~~~~~~~~~~~~~~~~~~~~~~~~~~~^~~[m[K
[3.388s] gmake[2]: *** [CMakeFiles/pub.dir/build.make:76: CMakeFiles/pub.dir/src/pub.cpp.o] Error 1
[3.388s] gmake[1]: *** [CMakeFiles/Makefile2:141: CMakeFiles/pub.dir/all] Error 2
[3.389s] gmake: *** [Makefile:146: all] Error 2
[3.392s] Invoked command in '/home/katzchen/Documents/Robotics/Examples_ws/build/Example_C_ws' returned '2': CMAKE_PREFIX_PATH=/opt/ros/humble /usr/bin/cmake --build /home/katzchen/Documents/Robotics/Examples_ws/build/Example_C_ws -- -j16 -l16
