running egg_info
writing ../build/Example_py_ws/Example_py_ws.egg-info/PKG-INFO
writing dependency_links to ../build/Example_py_ws/Example_py_ws.egg-info/dependency_links.txt
writing entry points to ../build/Example_py_ws/Example_py_ws.egg-info/entry_points.txt
writing requirements to ../build/Example_py_ws/Example_py_ws.egg-info/requires.txt
writing top-level names to ../build/Example_py_ws/Example_py_ws.egg-info/top_level.txt
reading manifest file '../build/Example_py_ws/Example_py_ws.egg-info/SOURCES.txt'
adding license file 'LICENSE'
writing manifest file '../build/Example_py_ws/Example_py_ws.egg-info/SOURCES.txt'
running build
running build_py
copying Example_py_ws/pub.py -> /home/katzchen/Documents/Robotics/Examples_ws/build/Example_py_ws/build/lib/Example_py_ws
running install
running install_lib
copying /home/katzchen/Documents/Robotics/Examples_ws/build/Example_py_ws/build/lib/Example_py_ws/pub.py -> /home/katzchen/Documents/Robotics/Examples_ws/install/Example_py_ws/lib/python3.10/site-packages/Example_py_ws
byte-compiling /home/katzchen/Documents/Robotics/Examples_ws/install/Example_py_ws/lib/python3.10/site-packages/Example_py_ws/pub.py to pub.cpython-310.pyc
running install_data
running install_egg_info
removing '/home/katzchen/Documents/Robotics/Examples_ws/install/Example_py_ws/lib/python3.10/site-packages/Example_py_ws-0.0.0-py3.10.egg-info' (and everything under it)
Copying ../build/Example_py_ws/Example_py_ws.egg-info to /home/katzchen/Documents/Robotics/Examples_ws/install/Example_py_ws/lib/python3.10/site-packages/Example_py_ws-0.0.0-py3.10.egg-info
running install_scripts
Installing Listener script to /home/katzchen/Documents/Robotics/Examples_ws/install/Example_py_ws/lib/Example_py_ws
Installing pub script to /home/katzchen/Documents/Robotics/Examples_ws/install/Example_py_ws/lib/Example_py_ws
writing list of installed files to '/home/katzchen/Documents/Robotics/Examples_ws/build/Example_py_ws/install.log'
