running egg_info
creating ../build/Example_py_ws/Example_py_ws.egg-info
writing ../build/Example_py_ws/Example_py_ws.egg-info/PKG-INFO
writing dependency_links to ../build/Example_py_ws/Example_py_ws.egg-info/dependency_links.txt
writing entry points to ../build/Example_py_ws/Example_py_ws.egg-info/entry_points.txt
writing requirements to ../build/Example_py_ws/Example_py_ws.egg-info/requires.txt
writing top-level names to ../build/Example_py_ws/Example_py_ws.egg-info/top_level.txt
writing manifest file '../build/Example_py_ws/Example_py_ws.egg-info/SOURCES.txt'
reading manifest file '../build/Example_py_ws/Example_py_ws.egg-info/SOURCES.txt'
adding license file 'LICENSE'
writing manifest file '../build/Example_py_ws/Example_py_ws.egg-info/SOURCES.txt'
running build
running build_py
creating /home/katzchen/Documents/Robotics/Examples_ws/build/Example_py_ws/build
creating /home/katzchen/Documents/Robotics/Examples_ws/build/Example_py_ws/build/lib
creating /home/katzchen/Documents/Robotics/Examples_ws/build/Example_py_ws/build/lib/Example_py_ws
copying Example_py_ws/__init__.py -> /home/katzchen/Documents/Robotics/Examples_ws/build/Example_py_ws/build/lib/Example_py_ws
running install
running install_lib
creating /home/katzchen/Documents/Robotics/Examples_ws/install/Example_py_ws/lib/python3.10/site-packages/Example_py_ws
copying /home/katzchen/Documents/Robotics/Examples_ws/build/Example_py_ws/build/lib/Example_py_ws/__init__.py -> /home/katzchen/Documents/Robotics/Examples_ws/install/Example_py_ws/lib/python3.10/site-packages/Example_py_ws
byte-compiling /home/katzchen/Documents/Robotics/Examples_ws/install/Example_py_ws/lib/python3.10/site-packages/Example_py_ws/__init__.py to __init__.cpython-310.pyc
running install_data
creating /home/katzchen/Documents/Robotics/Examples_ws/install/Example_py_ws/share/ament_index
creating /home/katzchen/Documents/Robotics/Examples_ws/install/Example_py_ws/share/ament_index/resource_index
creating /home/katzchen/Documents/Robotics/Examples_ws/install/Example_py_ws/share/ament_index/resource_index/packages
copying resource/Example_py_ws -> /home/katzchen/Documents/Robotics/Examples_ws/install/Example_py_ws/share/ament_index/resource_index/packages
copying package.xml -> /home/katzchen/Documents/Robotics/Examples_ws/install/Example_py_ws/share/Example_py_ws
running install_egg_info
Copying ../build/Example_py_ws/Example_py_ws.egg-info to /home/katzchen/Documents/Robotics/Examples_ws/install/Example_py_ws/lib/python3.10/site-packages/Example_py_ws-0.0.0-py3.10.egg-info
running install_scripts
writing list of installed files to '/home/katzchen/Documents/Robotics/Examples_ws/build/Example_py_ws/install.log'
