[0.758s] Invoking command in '/home/katzchen/Documents/Robotics/Examples_ws/Example_py_ws': PYTHONPATH=/home/katzchen/Documents/Robotics/Examples_ws/build/Example_py_ws/prefix_override:/usr/lib/python3/dist-packages/colcon_core/task/python/colcon_distutils_commands:/home/katzchen/Documents/Robotics/Examples_ws/install/Example_py_ws/lib/python3.10/site-packages:${PYTHONPATH} /usr/bin/python3 -W ignore:setup.py install is deprecated setup.py egg_info --egg-base ../build/Example_py_ws build --build-base /home/katzchen/Documents/Robotics/Examples_ws/build/Example_py_ws/build install --record /home/katzchen/Documents/Robotics/Examples_ws/build/Example_py_ws/install.log --single-version-externally-managed install_data
[1.019s] running egg_info
[1.020s] creating ../build/Example_py_ws/Example_py_ws.egg-info
[1.020s] writing ../build/Example_py_ws/Example_py_ws.egg-info/PKG-INFO
[1.020s] writing dependency_links to ../build/Example_py_ws/Example_py_ws.egg-info/dependency_links.txt
[1.020s] writing entry points to ../build/Example_py_ws/Example_py_ws.egg-info/entry_points.txt
[1.021s] writing requirements to ../build/Example_py_ws/Example_py_ws.egg-info/requires.txt
[1.021s] writing top-level names to ../build/Example_py_ws/Example_py_ws.egg-info/top_level.txt
[1.021s] writing manifest file '../build/Example_py_ws/Example_py_ws.egg-info/SOURCES.txt'
[1.023s] reading manifest file '../build/Example_py_ws/Example_py_ws.egg-info/SOURCES.txt'
[1.023s] adding license file 'LICENSE'
[1.024s] writing manifest file '../build/Example_py_ws/Example_py_ws.egg-info/SOURCES.txt'
[1.024s] running build
[1.024s] running build_py
[1.024s] creating /home/katzchen/Documents/Robotics/Examples_ws/build/Example_py_ws/build
[1.024s] creating /home/katzchen/Documents/Robotics/Examples_ws/build/Example_py_ws/build/lib
[1.024s] creating /home/katzchen/Documents/Robotics/Examples_ws/build/Example_py_ws/build/lib/Example_py_ws
[1.024s] copying Example_py_ws/__init__.py -> /home/katzchen/Documents/Robotics/Examples_ws/build/Example_py_ws/build/lib/Example_py_ws
[1.024s] running install
[1.025s] running install_lib
[1.026s] creating /home/katzchen/Documents/Robotics/Examples_ws/install/Example_py_ws/lib/python3.10/site-packages/Example_py_ws
[1.026s] copying /home/katzchen/Documents/Robotics/Examples_ws/build/Example_py_ws/build/lib/Example_py_ws/__init__.py -> /home/katzchen/Documents/Robotics/Examples_ws/install/Example_py_ws/lib/python3.10/site-packages/Example_py_ws
[1.026s] byte-compiling /home/katzchen/Documents/Robotics/Examples_ws/install/Example_py_ws/lib/python3.10/site-packages/Example_py_ws/__init__.py to __init__.cpython-310.pyc
[1.026s] running install_data
[1.027s] creating /home/katzchen/Documents/Robotics/Examples_ws/install/Example_py_ws/share/ament_index
[1.027s] creating /home/katzchen/Documents/Robotics/Examples_ws/install/Example_py_ws/share/ament_index/resource_index
[1.027s] creating /home/katzchen/Documents/Robotics/Examples_ws/install/Example_py_ws/share/ament_index/resource_index/packages
[1.027s] copying resource/Example_py_ws -> /home/katzchen/Documents/Robotics/Examples_ws/install/Example_py_ws/share/ament_index/resource_index/packages
[1.027s] copying package.xml -> /home/katzchen/Documents/Robotics/Examples_ws/install/Example_py_ws/share/Example_py_ws
[1.027s] running install_egg_info
[1.030s] Copying ../build/Example_py_ws/Example_py_ws.egg-info to /home/katzchen/Documents/Robotics/Examples_ws/install/Example_py_ws/lib/python3.10/site-packages/Example_py_ws-0.0.0-py3.10.egg-info
[1.031s] running install_scripts
[1.054s] writing list of installed files to '/home/katzchen/Documents/Robotics/Examples_ws/build/Example_py_ws/install.log'
[1.087s] Invoked command in '/home/katzchen/Documents/Robotics/Examples_ws/Example_py_ws' returned '0': PYTHONPATH=/home/katzchen/Documents/Robotics/Examples_ws/build/Example_py_ws/prefix_override:/usr/lib/python3/dist-packages/colcon_core/task/python/colcon_distutils_commands:/home/katzchen/Documents/Robotics/Examples_ws/install/Example_py_ws/lib/python3.10/site-packages:${PYTHONPATH} /usr/bin/python3 -W ignore:setup.py install is deprecated setup.py egg_info --egg-base ../build/Example_py_ws build --build-base /home/katzchen/Documents/Robotics/Examples_ws/build/Example_py_ws/build install --record /home/katzchen/Documents/Robotics/Examples_ws/build/Example_py_ws/install.log --single-version-externally-managed install_data
