[0.010s] Invoking command in '/home/katzchen/Documents/Robotics/RVizRobot_ws/build/RViz_pkg': CMAKE_PREFIX_PATH=/opt/ros/humble /usr/bin/cmake /home/katzchen/Documents/Robotics/RVizRobot_ws/src/RViz_pkg -DCMAKE_INSTALL_PREFIX=/home/katzchen/Documents/Robotics/RVizRobot_ws/install/RViz_pkg
[0.129s] -- The C compiler identification is GNU 11.4.0
[0.229s] -- The CXX compiler identification is GNU 11.4.0
[0.241s] -- Detecting C compiler ABI info
[0.337s] -- Detecting C compiler ABI info - done
[0.344s] -- Check for working C compiler: /usr/bin/cc - skipped
[0.344s] -- Detecting C compile features
[0.345s] -- Detecting C compile features - done
[0.349s] -- Detecting CXX compiler ABI info
[0.451s] -- Detecting CXX compiler ABI info - done
[0.458s] -- Check for working CXX compiler: /usr/bin/c++ - skipped
[0.459s] -- Detecting CXX compile features
[0.459s] -- Detecting CXX compile features - done
[0.466s] -- Found ament_cmake: 1.3.10 (/opt/ros/humble/share/ament_cmake/cmake)
[0.636s] -- Found Python3: /usr/bin/python3 (found version "3.10.12") found components: Interpreter 
[0.739s] -- Found ament_lint_auto: 0.12.11 (/opt/ros/humble/share/ament_lint_auto/cmake)
[0.794s] WARNING: Package name "RViz_pkg" does not follow the naming conventions. It should start with a lower case letter and only contain lower case letters, digits, underscores, and dashes.
[0.826s] -- Added test 'flake8' to check Python code syntax and style conventions
[0.827s] -- Added test 'lint_cmake' to check CMake code style
[0.828s] -- Added test 'pep257' to check Python code against some of the docstring style conventions in PEP 257
[0.829s] -- Added test 'xmllint' to check XML markup files
[0.831s] -- Configuring done
[0.836s] -- Generating done
[0.837s] -- Build files have been written to: /home/katzchen/Documents/Robotics/RVizRobot_ws/build/RViz_pkg
[0.844s] Invoked command in '/home/katzchen/Documents/Robotics/RVizRobot_ws/build/RViz_pkg' returned '0': CMAKE_PREFIX_PATH=/opt/ros/humble /usr/bin/cmake /home/katzchen/Documents/Robotics/RVizRobot_ws/src/RViz_pkg -DCMAKE_INSTALL_PREFIX=/home/katzchen/Documents/Robotics/RVizRobot_ws/install/RViz_pkg
[0.847s] Invoking command in '/home/katzchen/Documents/Robotics/RVizRobot_ws/build/RViz_pkg': CMAKE_PREFIX_PATH=/opt/ros/humble /usr/bin/cmake --build /home/katzchen/Documents/Robotics/RVizRobot_ws/build/RViz_pkg -- -j16 -l16
[0.898s] Invoked command in '/home/katzchen/Documents/Robotics/RVizRobot_ws/build/RViz_pkg' returned '0': CMAKE_PREFIX_PATH=/opt/ros/humble /usr/bin/cmake --build /home/katzchen/Documents/Robotics/RVizRobot_ws/build/RViz_pkg -- -j16 -l16
[0.942s] Invoking command in '/home/katzchen/Documents/Robotics/RVizRobot_ws/build/RViz_pkg': CMAKE_PREFIX_PATH=/opt/ros/humble /usr/bin/cmake --install /home/katzchen/Documents/Robotics/RVizRobot_ws/build/RViz_pkg
[0.950s] -- Install configuration: ""
[0.950s] -- Installing: /home/katzchen/Documents/Robotics/RVizRobot_ws/install/RViz_pkg/share/RViz_pkg/launch
[0.950s] -- Installing: /home/katzchen/Documents/Robotics/RVizRobot_ws/install/RViz_pkg/share/RViz_pkg/launch/Robot_View.py
[0.951s] -- Installing: /home/katzchen/Documents/Robotics/RVizRobot_ws/install/RViz_pkg/share/RViz_pkg/urdf
[0.951s] -- Installing: /home/katzchen/Documents/Robotics/RVizRobot_ws/install/RViz_pkg/share/RViz_pkg/urdf/Robot.urdf
[0.951s] -- Installing: /home/katzchen/Documents/Robotics/RVizRobot_ws/install/RViz_pkg/share/RViz_pkg/rviz
[0.951s] -- Installing: /home/katzchen/Documents/Robotics/RVizRobot_ws/install/RViz_pkg/share/RViz_pkg/rviz/urdf.rviz
[0.959s] -- Installing: /home/katzchen/Documents/Robotics/RVizRobot_ws/install/RViz_pkg/share/ament_index/resource_index/package_run_dependencies/RViz_pkg
[0.959s] -- Installing: /home/katzchen/Documents/Robotics/RVizRobot_ws/install/RViz_pkg/share/ament_index/resource_index/parent_prefix_path/RViz_pkg
[0.960s] -- Installing: /home/katzchen/Documents/Robotics/RVizRobot_ws/install/RViz_pkg/share/RViz_pkg/environment/ament_prefix_path.sh
[0.960s] -- Installing: /home/katzchen/Documents/Robotics/RVizRobot_ws/install/RViz_pkg/share/RViz_pkg/environment/ament_prefix_path.dsv
[0.960s] -- Installing: /home/katzchen/Documents/Robotics/RVizRobot_ws/install/RViz_pkg/share/RViz_pkg/environment/path.sh
[0.960s] -- Installing: /home/katzchen/Documents/Robotics/RVizRobot_ws/install/RViz_pkg/share/RViz_pkg/environment/path.dsv
[0.960s] -- Installing: /home/katzchen/Documents/Robotics/RVizRobot_ws/install/RViz_pkg/share/RViz_pkg/local_setup.bash
[0.961s] -- Installing: /home/katzchen/Documents/Robotics/RVizRobot_ws/install/RViz_pkg/share/RViz_pkg/local_setup.sh
[0.961s] -- Installing: /home/katzchen/Documents/Robotics/RVizRobot_ws/install/RViz_pkg/share/RViz_pkg/local_setup.zsh
[0.961s] -- Installing: /home/katzchen/Documents/Robotics/RVizRobot_ws/install/RViz_pkg/share/RViz_pkg/local_setup.dsv
[0.961s] -- Installing: /home/katzchen/Documents/Robotics/RVizRobot_ws/install/RViz_pkg/share/RViz_pkg/package.dsv
[0.962s] -- Installing: /home/katzchen/Documents/Robotics/RVizRobot_ws/install/RViz_pkg/share/ament_index/resource_index/packages/RViz_pkg
[0.962s] -- Installing: /home/katzchen/Documents/Robotics/RVizRobot_ws/install/RViz_pkg/share/RViz_pkg/cmake/RViz_pkgConfig.cmake
[0.962s] -- Installing: /home/katzchen/Documents/Robotics/RVizRobot_ws/install/RViz_pkg/share/RViz_pkg/cmake/RViz_pkgConfig-version.cmake
[0.963s] -- Installing: /home/katzchen/Documents/Robotics/RVizRobot_ws/install/RViz_pkg/share/RViz_pkg/package.xml
[0.966s] Invoked command in '/home/katzchen/Documents/Robotics/RVizRobot_ws/build/RViz_pkg' returned '0': CMAKE_PREFIX_PATH=/opt/ros/humble /usr/bin/cmake --install /home/katzchen/Documents/Robotics/RVizRobot_ws/build/RViz_pkg
