[0.791s] Invoking command in '/home/katzchen/Documents/Robotics/Service_ws/Service_ws': PYTHONPATH=/home/katzchen/Documents/Robotics/Service_ws/build/Service_ws/prefix_override:/usr/lib/python3/dist-packages/colcon_core/task/python/colcon_distutils_commands:/home/katzchen/Documents/Robotics/Service_ws/install/Service_ws/lib/python3.10/site-packages:${PYTHONPATH} /usr/bin/python3 -W ignore:setup.py install is deprecated setup.py egg_info --egg-base ../build/Service_ws build --build-base /home/katzchen/Documents/Robotics/Service_ws/build/Service_ws/build install --record /home/katzchen/Documents/Robotics/Service_ws/build/Service_ws/install.log --single-version-externally-managed install_data
[1.078s] running egg_info
[1.078s] writing ../build/Service_ws/Service_ws.egg-info/PKG-INFO
[1.079s] writing dependency_links to ../build/Service_ws/Service_ws.egg-info/dependency_links.txt
[1.079s] writing entry points to ../build/Service_ws/Service_ws.egg-info/entry_points.txt
[1.079s] writing requirements to ../build/Service_ws/Service_ws.egg-info/requires.txt
[1.079s] writing top-level names to ../build/Service_ws/Service_ws.egg-info/top_level.txt
[1.081s] reading manifest file '../build/Service_ws/Service_ws.egg-info/SOURCES.txt'
[1.081s] adding license file 'LICENSE'
[1.082s] writing manifest file '../build/Service_ws/Service_ws.egg-info/SOURCES.txt'
[1.082s] running build
[1.082s] running build_py
[1.083s] running install
[1.083s] running install_lib
[1.084s] running install_data
[1.085s] running install_egg_info
[1.088s] removing '/home/katzchen/Documents/Robotics/Service_ws/install/Service_ws/lib/python3.10/site-packages/Service_ws-0.0.0-py3.10.egg-info' (and everything under it)
[1.089s] Copying ../build/Service_ws/Service_ws.egg-info to /home/katzchen/Documents/Robotics/Service_ws/install/Service_ws/lib/python3.10/site-packages/Service_ws-0.0.0-py3.10.egg-info
[1.090s] running install_scripts
[1.115s] Installing cli script to /home/katzchen/Documents/Robotics/Service_ws/install/Service_ws/lib/Service_ws
[1.115s] Installing ser script to /home/katzchen/Documents/Robotics/Service_ws/install/Service_ws/lib/Service_ws
[1.116s] writing list of installed files to '/home/katzchen/Documents/Robotics/Service_ws/build/Service_ws/install.log'
[1.157s] Invoked command in '/home/katzchen/Documents/Robotics/Service_ws/Service_ws' returned '0': PYTHONPATH=/home/katzchen/Documents/Robotics/Service_ws/build/Service_ws/prefix_override:/usr/lib/python3/dist-packages/colcon_core/task/python/colcon_distutils_commands:/home/katzchen/Documents/Robotics/Service_ws/install/Service_ws/lib/python3.10/site-packages:${PYTHONPATH} /usr/bin/python3 -W ignore:setup.py install is deprecated setup.py egg_info --egg-base ../build/Service_ws build --build-base /home/katzchen/Documents/Robotics/Service_ws/build/Service_ws/build install --record /home/katzchen/Documents/Robotics/Service_ws/build/Service_ws/install.log --single-version-externally-managed install_data
