[0.164s] DEBUG:colcon:Command line arguments: ['/usr/bin/colcon', 'build']
[0.164s] DEBUG:colcon:Parsed command line arguments: Namespace(log_base=None, log_level=None, verb_name='build', build_base='build', install_base='install', merge_install=False, symlink_install=False, test_result_base=None, continue_on_error=False, executor='parallel', parallel_workers=16, event_handlers=None, ignore_user_meta=False, metas=['./colcon.meta'], base_paths=['.'], packages_ignore=None, packages_ignore_regex=None, paths=None, packages_up_to=None, packages_up_to_regex=None, packages_above=None, packages_above_and_dependencies=None, packages_above_depth=None, packages_select_by_dep=None, packages_skip_by_dep=None, packages_skip_up_to=None, packages_select_build_failed=False, packages_skip_build_finished=False, packages_select_test_failures=False, packages_skip_test_passed=False, packages_select=None, packages_skip=None, packages_select_regex=None, packages_skip_regex=None, packages_start=None, packages_end=None, allow_overriding=[], cmake_args=None, cmake_target=None, cmake_target_skip_unavailable=False, cmake_clean_cache=False, cmake_clean_first=False, cmake_force_configure=False, ament_cmake_args=None, catkin_cmake_args=None, catkin_skip_building_tests=False, mixin_files=None, mixin=None, verb_parser=<colcon_mixin.mixin.mixin_argument.MixinArgumentDecorator object at 0x75c60ad32dd0>, verb_extension=<colcon_core.verb.build.BuildVerb object at 0x75c60aee4760>, main=<bound method BuildVerb.main of <colcon_core.verb.build.BuildVerb object at 0x75c60aee4760>>, mixin_verb=('build',))
[0.406s] Level 1:colcon.colcon_core.package_discovery:discover_packages(colcon_meta) check parameters
[0.406s] Level 1:colcon.colcon_core.package_discovery:discover_packages(recursive) check parameters
[0.406s] Level 1:colcon.colcon_core.package_discovery:discover_packages(ignore) check parameters
[0.406s] Level 1:colcon.colcon_core.package_discovery:discover_packages(path) check parameters
[0.406s] Level 1:colcon.colcon_core.package_discovery:discover_packages(colcon_meta) discover
[0.406s] Level 1:colcon.colcon_core.package_discovery:discover_packages(recursive) discover
[0.407s] INFO:colcon.colcon_core.package_discovery:Crawling recursively for packages in '/home/katzchen/Documents/Robotics/Examples_ws'
[0.407s] Level 1:colcon.colcon_core.package_identification:_identify(.) by extensions ['ignore', 'ignore_ament_install']
[0.407s] Level 1:colcon.colcon_core.package_identification:_identify(.) by extension 'ignore'
[0.407s] Level 1:colcon.colcon_core.package_identification:_identify(.) by extension 'ignore_ament_install'
[0.407s] Level 1:colcon.colcon_core.package_identification:_identify(.) by extensions ['colcon_pkg']
[0.407s] Level 1:colcon.colcon_core.package_identification:_identify(.) by extension 'colcon_pkg'
[0.407s] Level 1:colcon.colcon_core.package_identification:_identify(.) by extensions ['colcon_meta']
[0.407s] Level 1:colcon.colcon_core.package_identification:_identify(.) by extension 'colcon_meta'
[0.407s] Level 1:colcon.colcon_core.package_identification:_identify(.) by extensions ['ros']
[0.407s] Level 1:colcon.colcon_core.package_identification:_identify(.) by extension 'ros'
[0.420s] Level 1:colcon.colcon_core.package_identification:_identify(.) by extensions ['cmake', 'python']
[0.421s] Level 1:colcon.colcon_core.package_identification:_identify(.) by extension 'cmake'
[0.421s] Level 1:colcon.colcon_core.package_identification:_identify(.) by extension 'python'
[0.421s] Level 1:colcon.colcon_core.package_identification:_identify(.) by extensions ['python_setup_py']
[0.421s] Level 1:colcon.colcon_core.package_identification:_identify(.) by extension 'python_setup_py'
[0.421s] Level 1:colcon.colcon_core.package_identification:_identify(Example_C_ws) by extensions ['ignore', 'ignore_ament_install']
[0.421s] Level 1:colcon.colcon_core.package_identification:_identify(Example_C_ws) by extension 'ignore'
[0.421s] Level 1:colcon.colcon_core.package_identification:_identify(Example_C_ws) by extension 'ignore_ament_install'
[0.421s] Level 1:colcon.colcon_core.package_identification:_identify(Example_C_ws) by extensions ['colcon_pkg']
[0.421s] Level 1:colcon.colcon_core.package_identification:_identify(Example_C_ws) by extension 'colcon_pkg'
[0.421s] Level 1:colcon.colcon_core.package_identification:_identify(Example_C_ws) by extensions ['colcon_meta']
[0.421s] Level 1:colcon.colcon_core.package_identification:_identify(Example_C_ws) by extension 'colcon_meta'
[0.421s] Level 1:colcon.colcon_core.package_identification:_identify(Example_C_ws) by extensions ['ros']
[0.421s] Level 1:colcon.colcon_core.package_identification:_identify(Example_C_ws) by extension 'ros'
[0.424s] DEBUG:colcon.colcon_core.package_identification:Package 'Example_C_ws' with type 'ros.ament_cmake' and name 'Example_C_ws'
[0.424s] Level 1:colcon.colcon_core.package_identification:_identify(Example_py_ws) by extensions ['ignore', 'ignore_ament_install']
[0.424s] Level 1:colcon.colcon_core.package_identification:_identify(Example_py_ws) by extension 'ignore'
[0.425s] Level 1:colcon.colcon_core.package_identification:_identify(Example_py_ws) by extension 'ignore_ament_install'
[0.425s] Level 1:colcon.colcon_core.package_identification:_identify(Example_py_ws) by extensions ['colcon_pkg']
[0.425s] Level 1:colcon.colcon_core.package_identification:_identify(Example_py_ws) by extension 'colcon_pkg'
[0.425s] Level 1:colcon.colcon_core.package_identification:_identify(Example_py_ws) by extensions ['colcon_meta']
[0.425s] Level 1:colcon.colcon_core.package_identification:_identify(Example_py_ws) by extension 'colcon_meta'
[0.425s] Level 1:colcon.colcon_core.package_identification:_identify(Example_py_ws) by extensions ['ros']
[0.425s] Level 1:colcon.colcon_core.package_identification:_identify(Example_py_ws) by extension 'ros'
[0.425s] DEBUG:colcon.colcon_core.package_identification:Package 'Example_py_ws' with type 'ros.ament_python' and name 'Example_py_ws'
[0.426s] Level 1:colcon.colcon_core.package_identification:_identify(build) by extensions ['ignore', 'ignore_ament_install']
[0.426s] Level 1:colcon.colcon_core.package_identification:_identify(build) by extension 'ignore'
[0.426s] Level 1:colcon.colcon_core.package_identification:_identify(build) ignored
[0.426s] Level 1:colcon.colcon_core.package_identification:_identify(install) by extensions ['ignore', 'ignore_ament_install']
[0.426s] Level 1:colcon.colcon_core.package_identification:_identify(install) by extension 'ignore'
[0.426s] Level 1:colcon.colcon_core.package_identification:_identify(install) ignored
[0.426s] Level 1:colcon.colcon_core.package_identification:_identify(log) by extensions ['ignore', 'ignore_ament_install']
[0.426s] Level 1:colcon.colcon_core.package_identification:_identify(log) by extension 'ignore'
[0.426s] Level 1:colcon.colcon_core.package_identification:_identify(log) ignored
[0.426s] Level 1:colcon.colcon_core.package_discovery:discover_packages(recursive) using defaults
[0.426s] Level 1:colcon.colcon_core.package_discovery:discover_packages(ignore) discover
[0.426s] Level 1:colcon.colcon_core.package_discovery:discover_packages(ignore) using defaults
[0.426s] Level 1:colcon.colcon_core.package_discovery:discover_packages(path) discover
[0.426s] Level 1:colcon.colcon_core.package_discovery:discover_packages(path) using defaults
[0.453s] Level 1:colcon.colcon_core.package_discovery:discover_packages(prefix_path) check parameters
[0.453s] Level 1:colcon.colcon_core.package_discovery:discover_packages(prefix_path) discover
[0.456s] DEBUG:colcon.colcon_installed_package_information.package_discovery:Found 2 installed packages in /home/katzchen/Documents/Robotics/Examples_ws/install
[0.457s] DEBUG:colcon.colcon_installed_package_information.package_discovery:Found 270 installed packages in /opt/ros/humble
[0.472s] Level 1:colcon.colcon_core.package_discovery:discover_packages(prefix_path) using defaults
[0.510s] Level 5:colcon.colcon_core.verb:set package 'Example_C_ws' build argument 'cmake_args' from command line to 'None'
[0.510s] Level 5:colcon.colcon_core.verb:set package 'Example_C_ws' build argument 'cmake_target' from command line to 'None'
[0.510s] Level 5:colcon.colcon_core.verb:set package 'Example_C_ws' build argument 'cmake_target_skip_unavailable' from command line to 'False'
[0.510s] Level 5:colcon.colcon_core.verb:set package 'Example_C_ws' build argument 'cmake_clean_cache' from command line to 'False'
[0.510s] Level 5:colcon.colcon_core.verb:set package 'Example_C_ws' build argument 'cmake_clean_first' from command line to 'False'
[0.510s] Level 5:colcon.colcon_core.verb:set package 'Example_C_ws' build argument 'cmake_force_configure' from command line to 'False'
[0.510s] Level 5:colcon.colcon_core.verb:set package 'Example_C_ws' build argument 'ament_cmake_args' from command line to 'None'
[0.510s] Level 5:colcon.colcon_core.verb:set package 'Example_C_ws' build argument 'catkin_cmake_args' from command line to 'None'
[0.510s] Level 5:colcon.colcon_core.verb:set package 'Example_C_ws' build argument 'catkin_skip_building_tests' from command line to 'False'
[0.510s] DEBUG:colcon.colcon_core.verb:Building package 'Example_C_ws' with the following arguments: {'ament_cmake_args': None, 'build_base': '/home/katzchen/Documents/Robotics/Examples_ws/build/Example_C_ws', 'catkin_cmake_args': None, 'catkin_skip_building_tests': False, 'cmake_args': None, 'cmake_clean_cache': False, 'cmake_clean_first': False, 'cmake_force_configure': False, 'cmake_target': None, 'cmake_target_skip_unavailable': False, 'install_base': '/home/katzchen/Documents/Robotics/Examples_ws/install/Example_C_ws', 'merge_install': False, 'path': '/home/katzchen/Documents/Robotics/Examples_ws/Example_C_ws', 'symlink_install': False, 'test_result_base': None}
[0.511s] Level 5:colcon.colcon_core.verb:set package 'Example_py_ws' build argument 'cmake_args' from command line to 'None'
[0.511s] Level 5:colcon.colcon_core.verb:set package 'Example_py_ws' build argument 'cmake_target' from command line to 'None'
[0.511s] Level 5:colcon.colcon_core.verb:set package 'Example_py_ws' build argument 'cmake_target_skip_unavailable' from command line to 'False'
[0.511s] Level 5:colcon.colcon_core.verb:set package 'Example_py_ws' build argument 'cmake_clean_cache' from command line to 'False'
[0.511s] Level 5:colcon.colcon_core.verb:set package 'Example_py_ws' build argument 'cmake_clean_first' from command line to 'False'
[0.511s] Level 5:colcon.colcon_core.verb:set package 'Example_py_ws' build argument 'cmake_force_configure' from command line to 'False'
[0.511s] Level 5:colcon.colcon_core.verb:set package 'Example_py_ws' build argument 'ament_cmake_args' from command line to 'None'
[0.511s] Level 5:colcon.colcon_core.verb:set package 'Example_py_ws' build argument 'catkin_cmake_args' from command line to 'None'
[0.511s] Level 5:colcon.colcon_core.verb:set package 'Example_py_ws' build argument 'catkin_skip_building_tests' from command line to 'False'
[0.511s] DEBUG:colcon.colcon_core.verb:Building package 'Example_py_ws' with the following arguments: {'ament_cmake_args': None, 'build_base': '/home/katzchen/Documents/Robotics/Examples_ws/build/Example_py_ws', 'catkin_cmake_args': None, 'catkin_skip_building_tests': False, 'cmake_args': None, 'cmake_clean_cache': False, 'cmake_clean_first': False, 'cmake_force_configure': False, 'cmake_target': None, 'cmake_target_skip_unavailable': False, 'install_base': '/home/katzchen/Documents/Robotics/Examples_ws/install/Example_py_ws', 'merge_install': False, 'path': '/home/katzchen/Documents/Robotics/Examples_ws/Example_py_ws', 'symlink_install': False, 'test_result_base': None}
[0.511s] INFO:colcon.colcon_core.executor:Executing jobs using 'parallel' executor
[0.513s] DEBUG:colcon.colcon_parallel_executor.executor.parallel:run_until_complete
[0.513s] INFO:colcon.colcon_ros.task.ament_cmake.build:Building ROS package in '/home/katzchen/Documents/Robotics/Examples_ws/Example_C_ws' with build type 'ament_cmake'
[0.514s] INFO:colcon.colcon_cmake.task.cmake.build:Building CMake package in '/home/katzchen/Documents/Robotics/Examples_ws/Example_C_ws'
[0.517s] INFO:colcon.colcon_core.plugin_system:Skipping extension 'colcon_core.shell.bat': Not used on non-Windows systems
[0.518s] INFO:colcon.colcon_core.shell:Skip shell extension 'powershell' for command environment: Not usable outside of PowerShell
[0.518s] DEBUG:colcon.colcon_core.shell:Skip shell extension 'dsv' for command environment
[0.521s] INFO:colcon.colcon_ros.task.ament_python.build:Building ROS package in '/home/katzchen/Documents/Robotics/Examples_ws/Example_py_ws' with build type 'ament_python'
[0.522s] Level 1:colcon.colcon_core.shell:create_environment_hook('Example_py_ws', 'ament_prefix_path')
[0.522s] INFO:colcon.colcon_core.shell:Creating environment hook '/home/katzchen/Documents/Robotics/Examples_ws/install/Example_py_ws/share/Example_py_ws/hook/ament_prefix_path.ps1'
[0.523s] INFO:colcon.colcon_core.shell:Creating environment descriptor '/home/katzchen/Documents/Robotics/Examples_ws/install/Example_py_ws/share/Example_py_ws/hook/ament_prefix_path.dsv'
[0.523s] INFO:colcon.colcon_core.shell:Creating environment hook '/home/katzchen/Documents/Robotics/Examples_ws/install/Example_py_ws/share/Example_py_ws/hook/ament_prefix_path.sh'
[0.524s] INFO:colcon.colcon_core.shell:Skip shell extension 'powershell' for command environment: Not usable outside of PowerShell
[0.524s] DEBUG:colcon.colcon_core.shell:Skip shell extension 'dsv' for command environment
[0.535s] DEBUG:colcon.colcon_core.event_handler.log_command:Invoking command in '/home/katzchen/Documents/Robotics/Examples_ws/build/Example_C_ws': CMAKE_PREFIX_PATH=${CMAKE_PREFIX_PATH}:/home/katzchen/Documents/Robotics/Examples_ws/install/Example_py_ws:/opt/ros/humble /usr/bin/cmake --build /home/katzchen/Documents/Robotics/Examples_ws/build/Example_C_ws -- -j16 -l16
[0.828s] INFO:colcon.colcon_core.task.python.build:Building Python package in '/home/katzchen/Documents/Robotics/Examples_ws/Example_py_ws'
[0.828s] INFO:colcon.colcon_core.shell:Skip shell extension 'powershell' for command environment: Not usable outside of PowerShell
[0.828s] DEBUG:colcon.colcon_core.shell:Skip shell extension 'dsv' for command environment
[0.835s] DEBUG:colcon.colcon_core.event_handler.log_command:Invoked command in '/home/katzchen/Documents/Robotics/Examples_ws/build/Example_C_ws' returned '0': CMAKE_PREFIX_PATH=${CMAKE_PREFIX_PATH}:/home/katzchen/Documents/Robotics/Examples_ws/install/Example_py_ws:/opt/ros/humble /usr/bin/cmake --build /home/katzchen/Documents/Robotics/Examples_ws/build/Example_C_ws -- -j16 -l16
[0.887s] DEBUG:colcon.colcon_core.event_handler.log_command:Invoking command in '/home/katzchen/Documents/Robotics/Examples_ws/build/Example_C_ws': CMAKE_PREFIX_PATH=${CMAKE_PREFIX_PATH}:/home/katzchen/Documents/Robotics/Examples_ws/install/Example_py_ws:/opt/ros/humble /usr/bin/cmake --install /home/katzchen/Documents/Robotics/Examples_ws/build/Example_C_ws
[0.901s] Level 1:colcon.colcon_core.environment:create_environment_scripts_only(Example_C_ws)
[0.901s] DEBUG:colcon.colcon_core.event_handler.log_command:Invoked command in '/home/katzchen/Documents/Robotics/Examples_ws/build/Example_C_ws' returned '0': CMAKE_PREFIX_PATH=${CMAKE_PREFIX_PATH}:/home/katzchen/Documents/Robotics/Examples_ws/install/Example_py_ws:/opt/ros/humble /usr/bin/cmake --install /home/katzchen/Documents/Robotics/Examples_ws/build/Example_C_ws
[0.905s] Level 1:colcon.colcon_core.environment:checking '/home/katzchen/Documents/Robotics/Examples_ws/install/Example_C_ws' for CMake module files
[0.905s] Level 1:colcon.colcon_core.environment:checking '/home/katzchen/Documents/Robotics/Examples_ws/install/Example_C_ws' for CMake config files
[0.906s] Level 1:colcon.colcon_core.shell:create_environment_hook('Example_C_ws', 'cmake_prefix_path')
[0.906s] INFO:colcon.colcon_core.shell:Creating environment hook '/home/katzchen/Documents/Robotics/Examples_ws/install/Example_C_ws/share/Example_C_ws/hook/cmake_prefix_path.ps1'
[0.906s] INFO:colcon.colcon_core.shell:Creating environment descriptor '/home/katzchen/Documents/Robotics/Examples_ws/install/Example_C_ws/share/Example_C_ws/hook/cmake_prefix_path.dsv'
[0.907s] INFO:colcon.colcon_core.shell:Creating environment hook '/home/katzchen/Documents/Robotics/Examples_ws/install/Example_C_ws/share/Example_C_ws/hook/cmake_prefix_path.sh'
[0.907s] Level 1:colcon.colcon_core.environment:checking '/home/katzchen/Documents/Robotics/Examples_ws/install/Example_C_ws/lib'
[0.908s] Level 1:colcon.colcon_core.environment:checking '/home/katzchen/Documents/Robotics/Examples_ws/install/Example_C_ws/bin'
[0.908s] Level 1:colcon.colcon_core.environment:checking '/home/katzchen/Documents/Robotics/Examples_ws/install/Example_C_ws/lib/pkgconfig/Example_C_ws.pc'
[0.908s] Level 1:colcon.colcon_core.environment:checking '/home/katzchen/Documents/Robotics/Examples_ws/install/Example_C_ws/lib/python3.10/site-packages'
[0.908s] Level 1:colcon.colcon_core.environment:checking '/home/katzchen/Documents/Robotics/Examples_ws/install/Example_C_ws/bin'
[0.908s] INFO:colcon.colcon_core.shell:Creating package script '/home/katzchen/Documents/Robotics/Examples_ws/install/Example_C_ws/share/Example_C_ws/package.ps1'
[0.909s] INFO:colcon.colcon_core.shell:Creating package descriptor '/home/katzchen/Documents/Robotics/Examples_ws/install/Example_C_ws/share/Example_C_ws/package.dsv'
[0.910s] INFO:colcon.colcon_core.shell:Creating package script '/home/katzchen/Documents/Robotics/Examples_ws/install/Example_C_ws/share/Example_C_ws/package.sh'
[0.911s] INFO:colcon.colcon_core.shell:Creating package script '/home/katzchen/Documents/Robotics/Examples_ws/install/Example_C_ws/share/Example_C_ws/package.bash'
[0.912s] INFO:colcon.colcon_core.shell:Creating package script '/home/katzchen/Documents/Robotics/Examples_ws/install/Example_C_ws/share/Example_C_ws/package.zsh'
[0.913s] Level 1:colcon.colcon_core.environment:create_file_with_runtime_dependencies(/home/katzchen/Documents/Robotics/Examples_ws/install/Example_C_ws/share/colcon-core/packages/Example_C_ws)
[0.953s] Level 1:colcon.colcon_core.environment:create_environment_scripts_only(Example_C_ws)
[0.954s] Level 1:colcon.colcon_core.environment:checking '/home/katzchen/Documents/Robotics/Examples_ws/install/Example_C_ws' for CMake module files
[0.955s] Level 1:colcon.colcon_core.environment:checking '/home/katzchen/Documents/Robotics/Examples_ws/install/Example_C_ws' for CMake config files
[0.955s] Level 1:colcon.colcon_core.shell:create_environment_hook('Example_C_ws', 'cmake_prefix_path')
[0.955s] INFO:colcon.colcon_core.shell:Creating environment hook '/home/katzchen/Documents/Robotics/Examples_ws/install/Example_C_ws/share/Example_C_ws/hook/cmake_prefix_path.ps1'
[0.956s] INFO:colcon.colcon_core.shell:Creating environment descriptor '/home/katzchen/Documents/Robotics/Examples_ws/install/Example_C_ws/share/Example_C_ws/hook/cmake_prefix_path.dsv'
[0.956s] INFO:colcon.colcon_core.shell:Creating environment hook '/home/katzchen/Documents/Robotics/Examples_ws/install/Example_C_ws/share/Example_C_ws/hook/cmake_prefix_path.sh'
[0.957s] Level 1:colcon.colcon_core.environment:checking '/home/katzchen/Documents/Robotics/Examples_ws/install/Example_C_ws/lib'
[0.957s] Level 1:colcon.colcon_core.environment:checking '/home/katzchen/Documents/Robotics/Examples_ws/install/Example_C_ws/bin'
[0.957s] Level 1:colcon.colcon_core.environment:checking '/home/katzchen/Documents/Robotics/Examples_ws/install/Example_C_ws/lib/pkgconfig/Example_C_ws.pc'
[0.957s] Level 1:colcon.colcon_core.environment:checking '/home/katzchen/Documents/Robotics/Examples_ws/install/Example_C_ws/lib/python3.10/site-packages'
[0.958s] Level 1:colcon.colcon_core.environment:checking '/home/katzchen/Documents/Robotics/Examples_ws/install/Example_C_ws/bin'
[0.958s] INFO:colcon.colcon_core.shell:Creating package script '/home/katzchen/Documents/Robotics/Examples_ws/install/Example_C_ws/share/Example_C_ws/package.ps1'
[0.959s] INFO:colcon.colcon_core.shell:Creating package descriptor '/home/katzchen/Documents/Robotics/Examples_ws/install/Example_C_ws/share/Example_C_ws/package.dsv'
[0.960s] INFO:colcon.colcon_core.shell:Creating package script '/home/katzchen/Documents/Robotics/Examples_ws/install/Example_C_ws/share/Example_C_ws/package.sh'
[0.960s] INFO:colcon.colcon_core.shell:Creating package script '/home/katzchen/Documents/Robotics/Examples_ws/install/Example_C_ws/share/Example_C_ws/package.bash'
[0.961s] INFO:colcon.colcon_core.shell:Creating package script '/home/katzchen/Documents/Robotics/Examples_ws/install/Example_C_ws/share/Example_C_ws/package.zsh'
[0.961s] Level 1:colcon.colcon_core.environment:create_file_with_runtime_dependencies(/home/katzchen/Documents/Robotics/Examples_ws/install/Example_C_ws/share/colcon-core/packages/Example_C_ws)
[1.222s] DEBUG:colcon.colcon_core.event_handler.log_command:Invoking command in '/home/katzchen/Documents/Robotics/Examples_ws/Example_py_ws': PYTHONPATH=/home/katzchen/Documents/Robotics/Examples_ws/build/Example_py_ws/prefix_override:/usr/lib/python3/dist-packages/colcon_core/task/python/colcon_distutils_commands:/home/katzchen/Documents/Robotics/Examples_ws/install/Example_py_ws/lib/python3.10/site-packages:${PYTHONPATH} /usr/bin/python3 -W ignore:setup.py install is deprecated setup.py egg_info --egg-base ../build/Example_py_ws build --build-base /home/katzchen/Documents/Robotics/Examples_ws/build/Example_py_ws/build install --record /home/katzchen/Documents/Robotics/Examples_ws/build/Example_py_ws/install.log --single-version-externally-managed install_data
[1.557s] Level 1:colcon.colcon_core.environment:checking '/home/katzchen/Documents/Robotics/Examples_ws/install/Example_py_ws' for CMake module files
[1.558s] DEBUG:colcon.colcon_core.event_handler.log_command:Invoked command in '/home/katzchen/Documents/Robotics/Examples_ws/Example_py_ws' returned '0': PYTHONPATH=/home/katzchen/Documents/Robotics/Examples_ws/build/Example_py_ws/prefix_override:/usr/lib/python3/dist-packages/colcon_core/task/python/colcon_distutils_commands:/home/katzchen/Documents/Robotics/Examples_ws/install/Example_py_ws/lib/python3.10/site-packages:${PYTHONPATH} /usr/bin/python3 -W ignore:setup.py install is deprecated setup.py egg_info --egg-base ../build/Example_py_ws build --build-base /home/katzchen/Documents/Robotics/Examples_ws/build/Example_py_ws/build install --record /home/katzchen/Documents/Robotics/Examples_ws/build/Example_py_ws/install.log --single-version-externally-managed install_data
[1.558s] Level 1:colcon.colcon_core.environment:checking '/home/katzchen/Documents/Robotics/Examples_ws/install/Example_py_ws' for CMake config files
[1.559s] Level 1:colcon.colcon_core.environment:checking '/home/katzchen/Documents/Robotics/Examples_ws/install/Example_py_ws/lib'
[1.559s] Level 1:colcon.colcon_core.environment:checking '/home/katzchen/Documents/Robotics/Examples_ws/install/Example_py_ws/bin'
[1.559s] Level 1:colcon.colcon_core.environment:checking '/home/katzchen/Documents/Robotics/Examples_ws/install/Example_py_ws/lib/pkgconfig/Example_py_ws.pc'
[1.559s] Level 1:colcon.colcon_core.environment:checking '/home/katzchen/Documents/Robotics/Examples_ws/install/Example_py_ws/lib/python3.10/site-packages'
[1.559s] Level 1:colcon.colcon_core.shell:create_environment_hook('Example_py_ws', 'pythonpath')
[1.559s] INFO:colcon.colcon_core.shell:Creating environment hook '/home/katzchen/Documents/Robotics/Examples_ws/install/Example_py_ws/share/Example_py_ws/hook/pythonpath.ps1'
[1.560s] INFO:colcon.colcon_core.shell:Creating environment descriptor '/home/katzchen/Documents/Robotics/Examples_ws/install/Example_py_ws/share/Example_py_ws/hook/pythonpath.dsv'
[1.560s] INFO:colcon.colcon_core.shell:Creating environment hook '/home/katzchen/Documents/Robotics/Examples_ws/install/Example_py_ws/share/Example_py_ws/hook/pythonpath.sh'
[1.561s] Level 1:colcon.colcon_core.environment:checking '/home/katzchen/Documents/Robotics/Examples_ws/install/Example_py_ws/bin'
[1.561s] Level 1:colcon.colcon_core.environment:create_environment_scripts_only(Example_py_ws)
[1.561s] INFO:colcon.colcon_core.shell:Creating package script '/home/katzchen/Documents/Robotics/Examples_ws/install/Example_py_ws/share/Example_py_ws/package.ps1'
[1.562s] INFO:colcon.colcon_core.shell:Creating package descriptor '/home/katzchen/Documents/Robotics/Examples_ws/install/Example_py_ws/share/Example_py_ws/package.dsv'
[1.562s] INFO:colcon.colcon_core.shell:Creating package script '/home/katzchen/Documents/Robotics/Examples_ws/install/Example_py_ws/share/Example_py_ws/package.sh'
[1.563s] INFO:colcon.colcon_core.shell:Creating package script '/home/katzchen/Documents/Robotics/Examples_ws/install/Example_py_ws/share/Example_py_ws/package.bash'
[1.563s] INFO:colcon.colcon_core.shell:Creating package script '/home/katzchen/Documents/Robotics/Examples_ws/install/Example_py_ws/share/Example_py_ws/package.zsh'
[1.564s] Level 1:colcon.colcon_core.environment:create_file_with_runtime_dependencies(/home/katzchen/Documents/Robotics/Examples_ws/install/Example_py_ws/share/colcon-core/packages/Example_py_ws)
[1.564s] DEBUG:colcon.colcon_parallel_executor.executor.parallel:closing loop
[1.565s] DEBUG:colcon.colcon_parallel_executor.executor.parallel:loop closed
[1.565s] DEBUG:colcon.colcon_parallel_executor.executor.parallel:run_until_complete finished with '0'
[1.565s] DEBUG:colcon.colcon_core.event_reactor:joining thread
[1.571s] INFO:colcon.colcon_core.plugin_system:Skipping extension 'colcon_notification.desktop_notification.terminal_notifier': Not used on non-Darwin systems
[1.572s] INFO:colcon.colcon_core.plugin_system:Skipping extension 'colcon_notification.desktop_notification.win32': Not used on non-Windows systems
[1.572s] INFO:colcon.colcon_notification.desktop_notification:Sending desktop notification using 'notify2'
[1.599s] DEBUG:colcon.colcon_core.event_reactor:joined thread
[1.600s] INFO:colcon.colcon_core.shell:Creating prefix script '/home/katzchen/Documents/Robotics/Examples_ws/install/local_setup.ps1'
[1.601s] INFO:colcon.colcon_core.shell:Creating prefix util module '/home/katzchen/Documents/Robotics/Examples_ws/install/_local_setup_util_ps1.py'
[1.602s] INFO:colcon.colcon_core.shell:Creating prefix chain script '/home/katzchen/Documents/Robotics/Examples_ws/install/setup.ps1'
[1.604s] INFO:colcon.colcon_core.shell:Creating prefix script '/home/katzchen/Documents/Robotics/Examples_ws/install/local_setup.sh'
[1.604s] INFO:colcon.colcon_core.shell:Creating prefix util module '/home/katzchen/Documents/Robotics/Examples_ws/install/_local_setup_util_sh.py'
[1.605s] INFO:colcon.colcon_core.shell:Creating prefix chain script '/home/katzchen/Documents/Robotics/Examples_ws/install/setup.sh'
[1.606s] INFO:colcon.colcon_core.shell:Creating prefix script '/home/katzchen/Documents/Robotics/Examples_ws/install/local_setup.bash'
[1.606s] INFO:colcon.colcon_core.shell:Creating prefix chain script '/home/katzchen/Documents/Robotics/Examples_ws/install/setup.bash'
[1.608s] INFO:colcon.colcon_core.shell:Creating prefix script '/home/katzchen/Documents/Robotics/Examples_ws/install/local_setup.zsh'
[1.608s] INFO:colcon.colcon_core.shell:Creating prefix chain script '/home/katzchen/Documents/Robotics/Examples_ws/install/setup.zsh'
