-- Install configuration: ""
-- Up-to-date: /home/katzchen/Documents/Robotics/RVizRobot_ws/install/RViz_pkg/share/RViz_pkg/launch
-- Up-to-date: /home/katzchen/Documents/Robotics/RVizRobot_ws/install/RViz_pkg/share/RViz_pkg/launch/Robot_View.py
-- Up-to-date: /home/katzchen/Documents/Robotics/RVizRobot_ws/install/RViz_pkg/share/RViz_pkg/urdf
-- Up-to-date: /home/katzchen/Documents/Robotics/RVizRobot_ws/install/RViz_pkg/share/RViz_pkg/urdf/Robot.urdf
-- Up-to-date: /home/katzchen/Documents/Robotics/RVizRobot_ws/install/RViz_pkg/share/RViz_pkg/rviz
-- Up-to-date: /home/katzchen/Documents/Robotics/RVizRobot_ws/install/RViz_pkg/share/RViz_pkg/rviz/urdf.rviz
-- Up-to-date: /home/katzchen/Documents/Robotics/RVizRobot_ws/install/RViz_pkg/share/ament_index/resource_index/package_run_dependencies/RViz_pkg
-- Up-to-date: /home/katzchen/Documents/Robotics/RVizRobot_ws/install/RViz_pkg/share/ament_index/resource_index/parent_prefix_path/RViz_pkg
-- Up-to-date: /home/katzchen/Documents/Robotics/RVizRobot_ws/install/RViz_pkg/share/RViz_pkg/environment/ament_prefix_path.sh
-- Up-to-date: /home/katzchen/Documents/Robotics/RVizRobot_ws/install/RViz_pkg/share/RViz_pkg/environment/ament_prefix_path.dsv
-- Up-to-date: /home/katzchen/Documents/Robotics/RVizRobot_ws/install/RViz_pkg/share/RViz_pkg/environment/path.sh
-- Up-to-date: /home/katzchen/Documents/Robotics/RVizRobot_ws/install/RViz_pkg/share/RViz_pkg/environment/path.dsv
-- Up-to-date: /home/katzchen/Documents/Robotics/RVizRobot_ws/install/RViz_pkg/share/RViz_pkg/local_setup.bash
-- Up-to-date: /home/katzchen/Documents/Robotics/RVizRobot_ws/install/RViz_pkg/share/RViz_pkg/local_setup.sh
-- Up-to-date: /home/katzchen/Documents/Robotics/RVizRobot_ws/install/RViz_pkg/share/RViz_pkg/local_setup.zsh
-- Up-to-date: /home/katzchen/Documents/Robotics/RVizRobot_ws/install/RViz_pkg/share/RViz_pkg/local_setup.dsv
-- Installing: /home/katzchen/Documents/Robotics/RVizRobot_ws/install/RViz_pkg/share/RViz_pkg/package.dsv
-- Up-to-date: /home/katzchen/Documents/Robotics/RVizRobot_ws/install/RViz_pkg/share/ament_index/resource_index/packages/RViz_pkg
-- Up-to-date: /home/katzchen/Documents/Robotics/RVizRobot_ws/install/RViz_pkg/share/RViz_pkg/cmake/RViz_pkgConfig.cmake
-- Up-to-date: /home/katzchen/Documents/Robotics/RVizRobot_ws/install/RViz_pkg/share/RViz_pkg/cmake/RViz_pkgConfig-version.cmake
-- Up-to-date: /home/katzchen/Documents/Robotics/RVizRobot_ws/install/RViz_pkg/share/RViz_pkg/package.xml
