[0.035s] Invoking command in '/home/katzchen/Documents/Robotics/Examples_ws/build/Example_C_ws': CMAKE_PREFIX_PATH=/opt/ros/humble /usr/bin/cmake --build /home/katzchen/Documents/Robotics/Examples_ws/build/Example_C_ws -- -j16 -l16
[0.134s] [35m[1mConsolidate compiler generated dependencies of target pubsub[0m
[0.165s] [ 50%] [32mBuilding CXX object CMakeFiles/pub.dir/src/pub.cpp.o[0m
[0.165s] [ 50%] Built target sub
[0.180s] [ 66%] [32mBuilding CXX object CMakeFiles/pubsub.dir/src/pubsub.cpp.o[0m
[8.087s] [ 83%] [32m[1mLinking CXX executable pub[0m
[8.238s] [ 83%] Built target pub
[10.900s] [100%] [32m[1mLinking CXX executable pubsub[0m
[11.153s] [100%] Built target pubsub
[11.164s] Invoked command in '/home/katzchen/Documents/Robotics/Examples_ws/build/Example_C_ws' returned '0': CMAKE_PREFIX_PATH=/opt/ros/humble /usr/bin/cmake --build /home/katzchen/Documents/Robotics/Examples_ws/build/Example_C_ws -- -j16 -l16
[11.204s] Invoking command in '/home/katzchen/Documents/Robotics/Examples_ws/build/Example_C_ws': CMAKE_PREFIX_PATH=/opt/ros/humble /usr/bin/cmake --install /home/katzchen/Documents/Robotics/Examples_ws/build/Example_C_ws
[11.210s] -- Install configuration: ""
[11.210s] -- Installing: /home/katzchen/Documents/Robotics/Examples_ws/install/Example_C_ws/lib/Example_C_ws/pub
[11.212s] -- Set runtime path of "/home/katzchen/Documents/Robotics/Examples_ws/install/Example_C_ws/lib/Example_C_ws/pub" to ""
[11.212s] -- Installing: /home/katzchen/Documents/Robotics/Examples_ws/install/Example_C_ws/lib/Example_C_ws/pubsub
[11.218s] -- Set runtime path of "/home/katzchen/Documents/Robotics/Examples_ws/install/Example_C_ws/lib/Example_C_ws/pubsub" to ""
[11.218s] -- Up-to-date: /home/katzchen/Documents/Robotics/Examples_ws/install/Example_C_ws/lib/Example_C_ws/sub
[11.218s] -- Up-to-date: /home/katzchen/Documents/Robotics/Examples_ws/install/Example_C_ws/share/ament_index/resource_index/package_run_dependencies/Example_C_ws
[11.218s] -- Up-to-date: /home/katzchen/Documents/Robotics/Examples_ws/install/Example_C_ws/share/ament_index/resource_index/parent_prefix_path/Example_C_ws
[11.218s] -- Up-to-date: /home/katzchen/Documents/Robotics/Examples_ws/install/Example_C_ws/share/Example_C_ws/environment/ament_prefix_path.sh
[11.218s] -- Up-to-date: /home/katzchen/Documents/Robotics/Examples_ws/install/Example_C_ws/share/Example_C_ws/environment/ament_prefix_path.dsv
[11.218s] -- Up-to-date: /home/katzchen/Documents/Robotics/Examples_ws/install/Example_C_ws/share/Example_C_ws/environment/path.sh
[11.218s] -- Up-to-date: /home/katzchen/Documents/Robotics/Examples_ws/install/Example_C_ws/share/Example_C_ws/environment/path.dsv
[11.218s] -- Up-to-date: /home/katzchen/Documents/Robotics/Examples_ws/install/Example_C_ws/share/Example_C_ws/local_setup.bash
[11.218s] -- Up-to-date: /home/katzchen/Documents/Robotics/Examples_ws/install/Example_C_ws/share/Example_C_ws/local_setup.sh
[11.218s] -- Up-to-date: /home/katzchen/Documents/Robotics/Examples_ws/install/Example_C_ws/share/Example_C_ws/local_setup.zsh
[11.219s] -- Up-to-date: /home/katzchen/Documents/Robotics/Examples_ws/install/Example_C_ws/share/Example_C_ws/local_setup.dsv
[11.219s] -- Installing: /home/katzchen/Documents/Robotics/Examples_ws/install/Example_C_ws/share/Example_C_ws/package.dsv
[11.219s] -- Up-to-date: /home/katzchen/Documents/Robotics/Examples_ws/install/Example_C_ws/share/ament_index/resource_index/packages/Example_C_ws
[11.219s] -- Up-to-date: /home/katzchen/Documents/Robotics/Examples_ws/install/Example_C_ws/share/Example_C_ws/cmake/Example_C_wsConfig.cmake
[11.219s] -- Up-to-date: /home/katzchen/Documents/Robotics/Examples_ws/install/Example_C_ws/share/Example_C_ws/cmake/Example_C_wsConfig-version.cmake
[11.219s] -- Up-to-date: /home/katzchen/Documents/Robotics/Examples_ws/install/Example_C_ws/share/Example_C_ws/package.xml
[11.220s] Invoked command in '/home/katzchen/Documents/Robotics/Examples_ws/build/Example_C_ws' returned '0': CMAKE_PREFIX_PATH=/opt/ros/humble /usr/bin/cmake --install /home/katzchen/Documents/Robotics/Examples_ws/build/Example_C_ws
