running egg_info
writing ../build/Service_ws/Service_ws.egg-info/PKG-INFO
writing dependency_links to ../build/Service_ws/Service_ws.egg-info/dependency_links.txt
writing entry points to ../build/Service_ws/Service_ws.egg-info/entry_points.txt
writing requirements to ../build/Service_ws/Service_ws.egg-info/requires.txt
writing top-level names to ../build/Service_ws/Service_ws.egg-info/top_level.txt
reading manifest file '../build/Service_ws/Service_ws.egg-info/SOURCES.txt'
adding license file 'LICENSE'
writing manifest file '../build/Service_ws/Service_ws.egg-info/SOURCES.txt'
running build
running build_py
copying Service_ws/ser.py -> /home/katzchen/Documents/Robotics/Service_ws/build/Service_ws/build/lib/Service_ws
running install
running install_lib
copying /home/katzchen/Documents/Robotics/Service_ws/build/Service_ws/build/lib/Service_ws/ser.py -> /home/katzchen/Documents/Robotics/Service_ws/install/Service_ws/lib/python3.10/site-packages/Service_ws
byte-compiling /home/katzchen/Documents/Robotics/Service_ws/install/Service_ws/lib/python3.10/site-packages/Service_ws/ser.py to ser.cpython-310.pyc
running install_data
running install_egg_info
removing '/home/katzchen/Documents/Robotics/Service_ws/install/Service_ws/lib/python3.10/site-packages/Service_ws-0.0.0-py3.10.egg-info' (and everything under it)
Copying ../build/Service_ws/Service_ws.egg-info to /home/katzchen/Documents/Robotics/Service_ws/install/Service_ws/lib/python3.10/site-packages/Service_ws-0.0.0-py3.10.egg-info
running install_scripts
Installing cli script to /home/katzchen/Documents/Robotics/Service_ws/install/Service_ws/lib/Service_ws
Installing ser script to /home/katzchen/Documents/Robotics/Service_ws/install/Service_ws/lib/Service_ws
writing list of installed files to '/home/katzchen/Documents/Robotics/Service_ws/build/Service_ws/install.log'
