/home/katzchen/Documents/Robotics/Examples_ws/install/Example_py_ws/lib/python3.10/site-packages/Example_py_ws/pub.py
/home/katzchen/Documents/Robotics/Examples_ws/install/Example_py_ws/lib/python3.10/site-packages/Example_py_ws/pubsub.py
/home/katzchen/Documents/Robotics/Examples_ws/install/Example_py_ws/lib/python3.10/site-packages/Example_py_ws/sub.py
/home/katzchen/Documents/Robotics/Examples_ws/install/Example_py_ws/lib/python3.10/site-packages/Example_py_ws/__init__.py
/home/katzchen/Documents/Robotics/Examples_ws/install/Example_py_ws/lib/python3.10/site-packages/Example_py_ws/__pycache__/pub.cpython-310.pyc
/home/katzchen/Documents/Robotics/Examples_ws/install/Example_py_ws/lib/python3.10/site-packages/Example_py_ws/__pycache__/pubsub.cpython-310.pyc
/home/katzchen/Documents/Robotics/Examples_ws/install/Example_py_ws/lib/python3.10/site-packages/Example_py_ws/__pycache__/sub.cpython-310.pyc
/home/katzchen/Documents/Robotics/Examples_ws/install/Example_py_ws/lib/python3.10/site-packages/Example_py_ws/__pycache__/__init__.cpython-310.pyc
/home/katzchen/Documents/Robotics/Examples_ws/install/Example_py_ws/share/ament_index/resource_index/packages/Example_py_ws
/home/katzchen/Documents/Robotics/Examples_ws/install/Example_py_ws/share/Example_py_ws/package.xml
/home/katzchen/Documents/Robotics/Examples_ws/install/Example_py_ws/share/Example_py_ws/launch
/home/katzchen/Documents/Robotics/Examples_ws/install/Example_py_ws/lib/python3.10/site-packages/Example_py_ws-0.0.0-py3.10.egg-info/zip-safe
/home/katzchen/Documents/Robotics/Examples_ws/install/Example_py_ws/lib/python3.10/site-packages/Example_py_ws-0.0.0-py3.10.egg-info/top_level.txt
/home/katzchen/Documents/Robotics/Examples_ws/install/Example_py_ws/lib/python3.10/site-packages/Example_py_ws-0.0.0-py3.10.egg-info/dependency_links.txt
/home/katzchen/Documents/Robotics/Examples_ws/install/Example_py_ws/lib/python3.10/site-packages/Example_py_ws-0.0.0-py3.10.egg-info/PKG-INFO
/home/katzchen/Documents/Robotics/Examples_ws/install/Example_py_ws/lib/python3.10/site-packages/Example_py_ws-0.0.0-py3.10.egg-info/requires.txt
/home/katzchen/Documents/Robotics/Examples_ws/install/Example_py_ws/lib/python3.10/site-packages/Example_py_ws-0.0.0-py3.10.egg-info/SOURCES.txt
/home/katzchen/Documents/Robotics/Examples_ws/install/Example_py_ws/lib/python3.10/site-packages/Example_py_ws-0.0.0-py3.10.egg-info/entry_points.txt
/home/katzchen/Documents/Robotics/Examples_ws/install/Example_py_ws/lib/Example_py_ws/pub
/home/katzchen/Documents/Robotics/Examples_ws/install/Example_py_ws/lib/Example_py_ws/pubsub
/home/katzchen/Documents/Robotics/Examples_ws/install/Example_py_ws/lib/Example_py_ws/sub
