[0.019s] Invoking command in '/home/katzchen/Documents/Robotics/RVizRobot_ws/build/RViz_pkg': CMAKE_PREFIX_PATH=${CMAKE_PREFIX_PATH}:/opt/ros/humble /usr/bin/cmake --build /home/katzchen/Documents/Robotics/RVizRobot_ws/build/RViz_pkg -- -j16 -l16
[0.075s] Invoked command in '/home/katzchen/Documents/Robotics/RVizRobot_ws/build/RViz_pkg' returned '0': CMAKE_PREFIX_PATH=${CMAKE_PREFIX_PATH}:/opt/ros/humble /usr/bin/cmake --build /home/katzchen/Documents/Robotics/RVizRobot_ws/build/RViz_pkg -- -j16 -l16
[0.119s] Invoking command in '/home/katzchen/Documents/Robotics/RVizRobot_ws/build/RViz_pkg': CMAKE_PREFIX_PATH=${CMAKE_PREFIX_PATH}:/opt/ros/humble /usr/bin/cmake --install /home/katzchen/Documents/Robotics/RVizRobot_ws/build/RViz_pkg
[0.128s] -- Install configuration: ""
[0.128s] -- Up-to-date: /home/katzchen/Documents/Robotics/RVizRobot_ws/install/RViz_pkg/share/RViz_pkg/launch
[0.128s] -- Up-to-date: /home/katzchen/Documents/Robotics/RVizRobot_ws/install/RViz_pkg/share/RViz_pkg/launch/Robot_View.py
[0.128s] -- Up-to-date: /home/katzchen/Documents/Robotics/RVizRobot_ws/install/RViz_pkg/share/RViz_pkg/urdf
[0.128s] -- Installing: /home/katzchen/Documents/Robotics/RVizRobot_ws/install/RViz_pkg/share/RViz_pkg/urdf/Robot.urdf
[0.129s] -- Up-to-date: /home/katzchen/Documents/Robotics/RVizRobot_ws/install/RViz_pkg/share/RViz_pkg/rviz
[0.129s] -- Up-to-date: /home/katzchen/Documents/Robotics/RVizRobot_ws/install/RViz_pkg/share/RViz_pkg/rviz/urdf.rviz
[0.129s] -- Up-to-date: /home/katzchen/Documents/Robotics/RVizRobot_ws/install/RViz_pkg/share/ament_index/resource_index/package_run_dependencies/RViz_pkg
[0.129s] -- Up-to-date: /home/katzchen/Documents/Robotics/RVizRobot_ws/install/RViz_pkg/share/ament_index/resource_index/parent_prefix_path/RViz_pkg
[0.129s] -- Up-to-date: /home/katzchen/Documents/Robotics/RVizRobot_ws/install/RViz_pkg/share/RViz_pkg/environment/ament_prefix_path.sh
[0.129s] -- Up-to-date: /home/katzchen/Documents/Robotics/RVizRobot_ws/install/RViz_pkg/share/RViz_pkg/environment/ament_prefix_path.dsv
[0.129s] -- Up-to-date: /home/katzchen/Documents/Robotics/RVizRobot_ws/install/RViz_pkg/share/RViz_pkg/environment/path.sh
[0.129s] -- Up-to-date: /home/katzchen/Documents/Robotics/RVizRobot_ws/install/RViz_pkg/share/RViz_pkg/environment/path.dsv
[0.129s] -- Up-to-date: /home/katzchen/Documents/Robotics/RVizRobot_ws/install/RViz_pkg/share/RViz_pkg/local_setup.bash
[0.129s] -- Up-to-date: /home/katzchen/Documents/Robotics/RVizRobot_ws/install/RViz_pkg/share/RViz_pkg/local_setup.sh
[0.129s] -- Up-to-date: /home/katzchen/Documents/Robotics/RVizRobot_ws/install/RViz_pkg/share/RViz_pkg/local_setup.zsh
[0.130s] -- Up-to-date: /home/katzchen/Documents/Robotics/RVizRobot_ws/install/RViz_pkg/share/RViz_pkg/local_setup.dsv
[0.130s] -- Installing: /home/katzchen/Documents/Robotics/RVizRobot_ws/install/RViz_pkg/share/RViz_pkg/package.dsv
[0.130s] -- Up-to-date: /home/katzchen/Documents/Robotics/RVizRobot_ws/install/RViz_pkg/share/ament_index/resource_index/packages/RViz_pkg
[0.130s] -- Up-to-date: /home/katzchen/Documents/Robotics/RVizRobot_ws/install/RViz_pkg/share/RViz_pkg/cmake/RViz_pkgConfig.cmake
[0.130s] -- Up-to-date: /home/katzchen/Documents/Robotics/RVizRobot_ws/install/RViz_pkg/share/RViz_pkg/cmake/RViz_pkgConfig-version.cmake
[0.130s] -- Up-to-date: /home/katzchen/Documents/Robotics/RVizRobot_ws/install/RViz_pkg/share/RViz_pkg/package.xml
[0.133s] Invoked command in '/home/katzchen/Documents/Robotics/RVizRobot_ws/build/RViz_pkg' returned '0': CMAKE_PREFIX_PATH=${CMAKE_PREFIX_PATH}:/opt/ros/humble /usr/bin/cmake --install /home/katzchen/Documents/Robotics/RVizRobot_ws/build/RViz_pkg
