[0.019s] Invoking command in '/home/katzchen/Documents/Robotics/Examples_ws/build/Example_C_ws': CMAKE_PREFIX_PATH=/opt/ros/humble /usr/bin/cmake --build /home/katzchen/Documents/Robotics/Examples_ws/build/Example_C_ws -- -j16 -l16
[0.082s] [35m[1mConsolidate compiler generated dependencies of target pub[0m
[0.099s] [ 66%] Built target pubsub
[0.099s] [ 66%] Built target sub
[0.105s] [ 83%] [32mBuilding CXX object CMakeFiles/pub.dir/src/pub.cpp.o[0m
[4.765s] [100%] [32m[1mLinking CXX executable pub[0m
[4.942s] [100%] Built target pub
[4.956s] Invoked command in '/home/katzchen/Documents/Robotics/Examples_ws/build/Example_C_ws' returned '0': CMAKE_PREFIX_PATH=/opt/ros/humble /usr/bin/cmake --build /home/katzchen/Documents/Robotics/Examples_ws/build/Example_C_ws -- -j16 -l16
[5.006s] Invoking command in '/home/katzchen/Documents/Robotics/Examples_ws/build/Example_C_ws': CMAKE_PREFIX_PATH=/opt/ros/humble /usr/bin/cmake --install /home/katzchen/Documents/Robotics/Examples_ws/build/Example_C_ws
[5.013s] -- Install configuration: ""
[5.013s] -- Installing: /home/katzchen/Documents/Robotics/Examples_ws/install/Example_C_ws/lib/Example_C_ws/pub
[5.016s] -- Set runtime path of "/home/katzchen/Documents/Robotics/Examples_ws/install/Example_C_ws/lib/Example_C_ws/pub" to ""
[5.016s] -- Up-to-date: /home/katzchen/Documents/Robotics/Examples_ws/install/Example_C_ws/lib/Example_C_ws/pubsub
[5.016s] -- Up-to-date: /home/katzchen/Documents/Robotics/Examples_ws/install/Example_C_ws/lib/Example_C_ws/sub
[5.017s] -- Up-to-date: /home/katzchen/Documents/Robotics/Examples_ws/install/Example_C_ws/share/ament_index/resource_index/package_run_dependencies/Example_C_ws
[5.017s] -- Up-to-date: /home/katzchen/Documents/Robotics/Examples_ws/install/Example_C_ws/share/ament_index/resource_index/parent_prefix_path/Example_C_ws
[5.017s] -- Up-to-date: /home/katzchen/Documents/Robotics/Examples_ws/install/Example_C_ws/share/Example_C_ws/environment/ament_prefix_path.sh
[5.017s] -- Up-to-date: /home/katzchen/Documents/Robotics/Examples_ws/install/Example_C_ws/share/Example_C_ws/environment/ament_prefix_path.dsv
[5.017s] -- Up-to-date: /home/katzchen/Documents/Robotics/Examples_ws/install/Example_C_ws/share/Example_C_ws/environment/path.sh
[5.017s] -- Up-to-date: /home/katzchen/Documents/Robotics/Examples_ws/install/Example_C_ws/share/Example_C_ws/environment/path.dsv
[5.017s] -- Up-to-date: /home/katzchen/Documents/Robotics/Examples_ws/install/Example_C_ws/share/Example_C_ws/local_setup.bash
[5.018s] -- Up-to-date: /home/katzchen/Documents/Robotics/Examples_ws/install/Example_C_ws/share/Example_C_ws/local_setup.sh
[5.018s] -- Up-to-date: /home/katzchen/Documents/Robotics/Examples_ws/install/Example_C_ws/share/Example_C_ws/local_setup.zsh
[5.018s] -- Up-to-date: /home/katzchen/Documents/Robotics/Examples_ws/install/Example_C_ws/share/Example_C_ws/local_setup.dsv
[5.018s] -- Installing: /home/katzchen/Documents/Robotics/Examples_ws/install/Example_C_ws/share/Example_C_ws/package.dsv
[5.018s] -- Up-to-date: /home/katzchen/Documents/Robotics/Examples_ws/install/Example_C_ws/share/ament_index/resource_index/packages/Example_C_ws
[5.018s] -- Up-to-date: /home/katzchen/Documents/Robotics/Examples_ws/install/Example_C_ws/share/Example_C_ws/cmake/Example_C_wsConfig.cmake
[5.018s] -- Up-to-date: /home/katzchen/Documents/Robotics/Examples_ws/install/Example_C_ws/share/Example_C_ws/cmake/Example_C_wsConfig-version.cmake
[5.018s] -- Up-to-date: /home/katzchen/Documents/Robotics/Examples_ws/install/Example_C_ws/share/Example_C_ws/package.xml
[5.020s] Invoked command in '/home/katzchen/Documents/Robotics/Examples_ws/build/Example_C_ws' returned '0': CMAKE_PREFIX_PATH=/opt/ros/humble /usr/bin/cmake --install /home/katzchen/Documents/Robotics/Examples_ws/build/Example_C_ws
