[0.020s] Invoking command in '/home/katzchen/Documents/Robotics/Examples_ws/build/Example_C_ws': CMAKE_PREFIX_PATH=${CMAKE_PREFIX_PATH}:/home/katzchen/Documents/Robotics/Examples_ws/install/Example_py_ws:/opt/ros/humble /usr/bin/cmake --build /home/katzchen/Documents/Robotics/Examples_ws/build/Example_C_ws -- -j16 -l16
[0.077s] [35m[1mConsolidate compiler generated dependencies of target pub[0m
[0.093s] [ 66%] Built target sub
[0.093s] [ 66%] Built target pubsub
[0.099s] [ 83%] [32mBuilding CXX object CMakeFiles/pub.dir/src/pub.cpp.o[0m
[2.581s] [01m[K/home/katzchen/Documents/Robotics/Examples_ws/Example_C_ws/src/pub.cpp:[m[K In member function ‘[01m[Kvoid Alpha_Publisher::timer_callback()[m[K’:
[2.581s] [01m[K/home/katzchen/Documents/Robotics/Examples_ws/Example_C_ws/src/pub.cpp:30:16:[m[K [01;31m[Kerror: [m[Kno match for ‘[01m[Koperator<<[m[K’ (operand types are ‘[01m[Kstd::ostream[m[K’ {aka ‘[01m[Kstd::basic_ostream<char>[m[K’} and ‘[01m[Kstd_msgs::msg::UInt8MultiArray_<std::allocator<void> >[m[K’)
[2.582s]    30 |       [32m[Kstd::cout[m[K[01;31m[K<<[m[K[34m[Kmessage[m[K<<std::endl;
[2.582s]       |       [32m[K~~~~~~~~~[m[K[01;31m[K^~[m[K[34m[K~~~~~~~[m[K
[2.582s]       |            [32m[K|[m[K     [34m[K|[m[K
[2.582s]       |            [32m[K|[m[K     [34m[Kstd_msgs::msg::UInt8MultiArray_<std::allocator<void> >[m[K
[2.582s]       |            [32m[Kstd::ostream {aka std::basic_ostream<char>}[m[K
[2.583s] In file included from [01m[K/usr/include/c++/11/iostream:39[m[K,
[2.583s]                  from [01m[K/opt/ros/humble/include/rclcpp/rclcpp/executor.hpp:22[m[K,
[2.583s]                  from [01m[K/opt/ros/humble/include/rclcpp/rclcpp/executors/multi_threaded_executor.hpp:25[m[K,
[2.583s]                  from [01m[K/opt/ros/humble/include/rclcpp/rclcpp/executors.hpp:21[m[K,
[2.583s]                  from [01m[K/opt/ros/humble/include/rclcpp/rclcpp/rclcpp.hpp:155[m[K,
[2.584s]                  from [01m[K/home/katzchen/Documents/Robotics/Examples_ws/Example_C_ws/src/pub.cpp:6[m[K:
[2.584s] [01m[K/usr/include/c++/11/ostream:108:7:[m[K [01;36m[Knote: [m[Kcandidate: ‘[01m[Kstd::basic_ostream<_CharT, _Traits>::__ostream_type& std::basic_ostream<_CharT, _Traits>::operator<<(std::basic_ostream<_CharT, _Traits>::__ostream_type& (*)(std::basic_ostream<_CharT, _Traits>::__ostream_type&)) [with _CharT = char; _Traits = std::char_traits<char>; std::basic_ostream<_CharT, _Traits>::__ostream_type = std::basic_ostream<char>][m[K’
[2.584s]   108 |       [01;36m[Koperator[m[K<<(__ostream_type& (*__pf)(__ostream_type&))
[2.584s]       |       [01;36m[K^~~~~~~~[m[K
[2.584s] [01m[K/usr/include/c++/11/ostream:108:36:[m[K [01;36m[Knote: [m[K  no known conversion for argument 1 from ‘[01m[Kstd_msgs::msg::UInt8MultiArray_<std::allocator<void> >[m[K’ to ‘[01m[Kstd::basic_ostream<char>::__ostream_type& (*)(std::basic_ostream<char>::__ostream_type&)[m[K’ {aka ‘[01m[Kstd::basic_ostream<char>& (*)(std::basic_ostream<char>&)[m[K’}
[2.584s]   108 |       operator<<([01;36m[K__ostream_type& (*__pf)(__ostream_type&)[m[K)
[2.584s]       |                  [01;36m[K~~~~~~~~~~~~~~~~~~^~~~~~~~~~~~~~~~~~~~~~[m[K
[2.584s] [01m[K/usr/include/c++/11/ostream:117:7:[m[K [01;36m[Knote: [m[Kcandidate: ‘[01m[Kstd::basic_ostream<_CharT, _Traits>::__ostream_type& std::basic_ostream<_CharT, _Traits>::operator<<(std::basic_ostream<_CharT, _Traits>::__ios_type& (*)(std::basic_ostream<_CharT, _Traits>::__ios_type&)) [with _CharT = char; _Traits = std::char_traits<char>; std::basic_ostream<_CharT, _Traits>::__ostream_type = std::basic_ostream<char>; std::basic_ostream<_CharT, _Traits>::__ios_type = std::basic_ios<char>][m[K’
[2.584s]   117 |       [01;36m[Koperator[m[K<<(__ios_type& (*__pf)(__ios_type&))
[2.584s]       |       [01;36m[K^~~~~~~~[m[K
[2.584s] [01m[K/usr/include/c++/11/ostream:117:32:[m[K [01;36m[Knote: [m[K  no known conversion for argument 1 from ‘[01m[Kstd_msgs::msg::UInt8MultiArray_<std::allocator<void> >[m[K’ to ‘[01m[Kstd::basic_ostream<char>::__ios_type& (*)(std::basic_ostream<char>::__ios_type&)[m[K’ {aka ‘[01m[Kstd::basic_ios<char>& (*)(std::basic_ios<char>&)[m[K’}
[2.584s]   117 |       operator<<([01;36m[K__ios_type& (*__pf)(__ios_type&)[m[K)
[2.584s]       |                  [01;36m[K~~~~~~~~~~~~~~^~~~~~~~~~~~~~~~~~[m[K
[2.584s] [01m[K/usr/include/c++/11/ostream:127:7:[m[K [01;36m[Knote: [m[Kcandidate: ‘[01m[Kstd::basic_ostream<_CharT, _Traits>::__ostream_type& std::basic_ostream<_CharT, _Traits>::operator<<(std::ios_base& (*)(std::ios_base&)) [with _CharT = char; _Traits = std::char_traits<char>; std::basic_ostream<_CharT, _Traits>::__ostream_type = std::basic_ostream<char>][m[K’
[2.584s]   127 |       [01;36m[Koperator[m[K<<(ios_base& (*__pf) (ios_base&))
[2.584s]       |       [01;36m[K^~~~~~~~[m[K
[2.585s] [01m[K/usr/include/c++/11/ostream:127:30:[m[K [01;36m[Knote: [m[K  no known conversion for argument 1 from ‘[01m[Kstd_msgs::msg::UInt8MultiArray_<std::allocator<void> >[m[K’ to ‘[01m[Kstd::ios_base& (*)(std::ios_base&)[m[K’
[2.585s]   127 |       operator<<([01;36m[Kios_base& (*__pf) (ios_base&)[m[K)
[2.585s]       |                  [01;36m[K~~~~~~~~~~~~^~~~~~~~~~~~~~~~~[m[K
[2.585s] [01m[K/usr/include/c++/11/ostream:166:7:[m[K [01;36m[Knote: [m[Kcandidate: ‘[01m[Kstd::basic_ostream<_CharT, _Traits>::__ostream_type& std::basic_ostream<_CharT, _Traits>::operator<<(long int) [with _CharT = char; _Traits = std::char_traits<char>; std::basic_ostream<_CharT, _Traits>::__ostream_type = std::basic_ostream<char>][m[K’
[2.585s]   166 |       [01;36m[Koperator[m[K<<(long __n)
[2.585s]       |       [01;36m[K^~~~~~~~[m[K
[2.585s] [01m[K/usr/include/c++/11/ostream:166:23:[m[K [01;36m[Knote: [m[K  no known conversion for argument 1 from ‘[01m[Kstd_msgs::msg::UInt8MultiArray_<std::allocator<void> >[m[K’ to ‘[01m[Klong int[m[K’
[2.585s]   166 |       operator<<([01;36m[Klong __n[m[K)
[2.585s]       |                  [01;36m[K~~~~~^~~[m[K
[2.585s] [01m[K/usr/include/c++/11/ostream:170:7:[m[K [01;36m[Knote: [m[Kcandidate: ‘[01m[Kstd::basic_ostream<_CharT, _Traits>::__ostream_type& std::basic_ostream<_CharT, _Traits>::operator<<(long unsigned int) [with _CharT = char; _Traits = std::char_traits<char>; std::basic_ostream<_CharT, _Traits>::__ostream_type = std::basic_ostream<char>][m[K’
[2.585s]   170 |       [01;36m[Koperator[m[K<<(unsigned long __n)
[2.585s]       |       [01;36m[K^~~~~~~~[m[K
[2.585s] [01m[K/usr/include/c++/11/ostream:170:32:[m[K [01;36m[Knote: [m[K  no known conversion for argument 1 from ‘[01m[Kstd_msgs::msg::UInt8MultiArray_<std::allocator<void> >[m[K’ to ‘[01m[Klong unsigned int[m[K’
[2.585s]   170 |       operator<<([01;36m[Kunsigned long __n[m[K)
[2.585s]       |                  [01;36m[K~~~~~~~~~~~~~~^~~[m[K
[2.585s] [01m[K/usr/include/c++/11/ostream:174:7:[m[K [01;36m[Knote: [m[Kcandidate: ‘[01m[Kstd::basic_ostream<_CharT, _Traits>::__ostream_type& std::basic_ostream<_CharT, _Traits>::operator<<(bool) [with _CharT = char; _Traits = std::char_traits<char>; std::basic_ostream<_CharT, _Traits>::__ostream_type = std::basic_ostream<char>][m[K’
[2.585s]   174 |       [01;36m[Koperator[m[K<<(bool __n)
[2.585s]       |       [01;36m[K^~~~~~~~[m[K
[2.585s] [01m[K/usr/include/c++/11/ostream:174:23:[m[K [01;36m[Knote: [m[K  no known conversion for argument 1 from ‘[01m[Kstd_msgs::msg::UInt8MultiArray_<std::allocator<void> >[m[K’ to ‘[01m[Kbool[m[K’
[2.586s]   174 |       operator<<([01;36m[Kbool __n[m[K)
[2.586s]       |                  [01;36m[K~~~~~^~~[m[K
[2.586s] In file included from [01m[K/usr/include/c++/11/ostream:829[m[K,
[2.586s]                  from [01m[K/usr/include/c++/11/iostream:39[m[K,
[2.586s]                  from [01m[K/opt/ros/humble/include/rclcpp/rclcpp/executor.hpp:22[m[K,
[2.586s]                  from [01m[K/opt/ros/humble/include/rclcpp/rclcpp/executors/multi_threaded_executor.hpp:25[m[K,
[2.586s]                  from [01m[K/opt/ros/humble/include/rclcpp/rclcpp/executors.hpp:21[m[K,
[2.586s]                  from [01m[K/opt/ros/humble/include/rclcpp/rclcpp/rclcpp.hpp:155[m[K,
[2.586s]                  from [01m[K/home/katzchen/Documents/Robotics/Examples_ws/Example_C_ws/src/pub.cpp:6[m[K:
[2.586s] [01m[K/usr/include/c++/11/bits/ostream.tcc:91:5:[m[K [01;36m[Knote: [m[Kcandidate: ‘[01m[Kstd::basic_ostream<_Ch, _Tr>& std::basic_ostream<_CharT, _Traits>::operator<<(short int) [with _CharT = char; _Traits = std::char_traits<char>][m[K’
[2.586s]    91 |     [01;36m[Kbasic_ostream<_CharT, _Traits>[m[K::
[2.586s]       |     [01;36m[K^~~~~~~~~~~~~~~~~~~~~~~~~~~~~~[m[K
[2.586s] [01m[K/usr/include/c++/11/bits/ostream.tcc:92:22:[m[K [01;36m[Knote: [m[K  no known conversion for argument 1 from ‘[01m[Kstd_msgs::msg::UInt8MultiArray_<std::allocator<void> >[m[K’ to ‘[01m[Kshort int[m[K’
[2.586s]    92 |     operator<<([01;36m[Kshort __n[m[K)
[2.586s]       |                [01;36m[K~~~~~~^~~[m[K
[2.586s] In file included from [01m[K/usr/include/c++/11/iostream:39[m[K,
[2.586s]                  from [01m[K/opt/ros/humble/include/rclcpp/rclcpp/executor.hpp:22[m[K,
[2.586s]                  from [01m[K/opt/ros/humble/include/rclcpp/rclcpp/executors/multi_threaded_executor.hpp:25[m[K,
[2.587s]                  from [01m[K/opt/ros/humble/include/rclcpp/rclcpp/executors.hpp:21[m[K,
[2.587s]                  from [01m[K/opt/ros/humble/include/rclcpp/rclcpp/rclcpp.hpp:155[m[K,
[2.587s]                  from [01m[K/home/katzchen/Documents/Robotics/Examples_ws/Example_C_ws/src/pub.cpp:6[m[K:
[2.587s] [01m[K/usr/include/c++/11/ostream:181:7:[m[K [01;36m[Knote: [m[Kcandidate: ‘[01m[Kstd::basic_ostream<_CharT, _Traits>::__ostream_type& std::basic_ostream<_CharT, _Traits>::operator<<(short unsigned int) [with _CharT = char; _Traits = std::char_traits<char>; std::basic_ostream<_CharT, _Traits>::__ostream_type = std::basic_ostream<char>][m[K’
[2.587s]   181 |       [01;36m[Koperator[m[K<<(unsigned short __n)
[2.587s]       |       [01;36m[K^~~~~~~~[m[K
[2.587s] [01m[K/usr/include/c++/11/ostream:181:33:[m[K [01;36m[Knote: [m[K  no known conversion for argument 1 from ‘[01m[Kstd_msgs::msg::UInt8MultiArray_<std::allocator<void> >[m[K’ to ‘[01m[Kshort unsigned int[m[K’
[2.587s]   181 |       operator<<([01;36m[Kunsigned short __n[m[K)
[2.587s]       |                  [01;36m[K~~~~~~~~~~~~~~~^~~[m[K
[2.587s] In file included from [01m[K/usr/include/c++/11/ostream:829[m[K,
[2.587s]                  from [01m[K/usr/include/c++/11/iostream:39[m[K,
[2.587s]                  from [01m[K/opt/ros/humble/include/rclcpp/rclcpp/executor.hpp:22[m[K,
[2.587s]                  from [01m[K/opt/ros/humble/include/rclcpp/rclcpp/executors/multi_threaded_executor.hpp:25[m[K,
[2.587s]                  from [01m[K/opt/ros/humble/include/rclcpp/rclcpp/executors.hpp:21[m[K,
[2.587s]                  from [01m[K/opt/ros/humble/include/rclcpp/rclcpp/rclcpp.hpp:155[m[K,
[2.587s]                  from [01m[K/home/katzchen/Documents/Robotics/Examples_ws/Example_C_ws/src/pub.cpp:6[m[K:
[2.587s] [01m[K/usr/include/c++/11/bits/ostream.tcc:105:5:[m[K [01;36m[Knote: [m[Kcandidate: ‘[01m[Kstd::basic_ostream<_Ch, _Tr>& std::basic_ostream<_CharT, _Traits>::operator<<(int) [with _CharT = char; _Traits = std::char_traits<char>][m[K’
[2.587s]   105 |     [01;36m[Kbasic_ostream<_CharT, _Traits>[m[K::
[2.588s]       |     [01;36m[K^~~~~~~~~~~~~~~~~~~~~~~~~~~~~~[m[K
[2.588s] [01m[K/usr/include/c++/11/bits/ostream.tcc:106:20:[m[K [01;36m[Knote: [m[K  no known conversion for argument 1 from ‘[01m[Kstd_msgs::msg::UInt8MultiArray_<std::allocator<void> >[m[K’ to ‘[01m[Kint[m[K’
[2.588s]   106 |     operator<<([01;36m[Kint __n[m[K)
[2.588s]       |                [01;36m[K~~~~^~~[m[K
[2.588s] In file included from [01m[K/usr/include/c++/11/iostream:39[m[K,
[2.588s]                  from [01m[K/opt/ros/humble/include/rclcpp/rclcpp/executor.hpp:22[m[K,
[2.588s]                  from [01m[K/opt/ros/humble/include/rclcpp/rclcpp/executors/multi_threaded_executor.hpp:25[m[K,
[2.588s]                  from [01m[K/opt/ros/humble/include/rclcpp/rclcpp/executors.hpp:21[m[K,
[2.588s]                  from [01m[K/opt/ros/humble/include/rclcpp/rclcpp/rclcpp.hpp:155[m[K,
[2.588s]                  from [01m[K/home/katzchen/Documents/Robotics/Examples_ws/Example_C_ws/src/pub.cpp:6[m[K:
[2.588s] [01m[K/usr/include/c++/11/ostream:192:7:[m[K [01;36m[Knote: [m[Kcandidate: ‘[01m[Kstd::basic_ostream<_CharT, _Traits>::__ostream_type& std::basic_ostream<_CharT, _Traits>::operator<<(unsigned int) [with _CharT = char; _Traits = std::char_traits<char>; std::basic_ostream<_CharT, _Traits>::__ostream_type = std::basic_ostream<char>][m[K’
[2.588s]   192 |       [01;36m[Koperator[m[K<<(unsigned int __n)
[2.588s]       |       [01;36m[K^~~~~~~~[m[K
[2.588s] [01m[K/usr/include/c++/11/ostream:192:31:[m[K [01;36m[Knote: [m[K  no known conversion for argument 1 from ‘[01m[Kstd_msgs::msg::UInt8MultiArray_<std::allocator<void> >[m[K’ to ‘[01m[Kunsigned int[m[K’
[2.588s]   192 |       operator<<([01;36m[Kunsigned int __n[m[K)
[2.588s]       |                  [01;36m[K~~~~~~~~~~~~~^~~[m[K
[2.588s] [01m[K/usr/include/c++/11/ostream:201:7:[m[K [01;36m[Knote: [m[Kcandidate: ‘[01m[Kstd::basic_ostream<_CharT, _Traits>::__ostream_type& std::basic_ostream<_CharT, _Traits>::operator<<(long long int) [with _CharT = char; _Traits = std::char_traits<char>; std::basic_ostream<_CharT, _Traits>::__ostream_type = std::basic_ostream<char>][m[K’
[2.588s]   201 |       [01;36m[Koperator[m[K<<(long long __n)
[2.589s]       |       [01;36m[K^~~~~~~~[m[K
[2.589s] [01m[K/usr/include/c++/11/ostream:201:28:[m[K [01;36m[Knote: [m[K  no known conversion for argument 1 from ‘[01m[Kstd_msgs::msg::UInt8MultiArray_<std::allocator<void> >[m[K’ to ‘[01m[Klong long int[m[K’
[2.589s]   201 |       operator<<([01;36m[Klong long __n[m[K)
[2.589s]       |                  [01;36m[K~~~~~~~~~~^~~[m[K
[2.589s] [01m[K/usr/include/c++/11/ostream:205:7:[m[K [01;36m[Knote: [m[Kcandidate: ‘[01m[Kstd::basic_ostream<_CharT, _Traits>::__ostream_type& std::basic_ostream<_CharT, _Traits>::operator<<(long long unsigned int) [with _CharT = char; _Traits = std::char_traits<char>; std::basic_ostream<_CharT, _Traits>::__ostream_type = std::basic_ostream<char>][m[K’
[2.589s]   205 |       [01;36m[Koperator[m[K<<(unsigned long long __n)
[2.589s]       |       [01;36m[K^~~~~~~~[m[K
[2.589s] [01m[K/usr/include/c++/11/ostream:205:37:[m[K [01;36m[Knote: [m[K  no known conversion for argument 1 from ‘[01m[Kstd_msgs::msg::UInt8MultiArray_<std::allocator<void> >[m[K’ to ‘[01m[Klong long unsigned int[m[K’
[2.589s]   205 |       operator<<([01;36m[Kunsigned long long __n[m[K)
[2.589s]       |                  [01;36m[K~~~~~~~~~~~~~~~~~~~^~~[m[K
[2.589s] [01m[K/usr/include/c++/11/ostream:220:7:[m[K [01;36m[Knote: [m[Kcandidate: ‘[01m[Kstd::basic_ostream<_CharT, _Traits>::__ostream_type& std::basic_ostream<_CharT, _Traits>::operator<<(double) [with _CharT = char; _Traits = std::char_traits<char>; std::basic_ostream<_CharT, _Traits>::__ostream_type = std::basic_ostream<char>][m[K’
[2.589s]   220 |       [01;36m[Koperator[m[K<<(double __f)
[2.589s]       |       [01;36m[K^~~~~~~~[m[K
[2.589s] [01m[K/usr/include/c++/11/ostream:220:25:[m[K [01;36m[Knote: [m[K  no known conversion for argument 1 from ‘[01m[Kstd_msgs::msg::UInt8MultiArray_<std::allocator<void> >[m[K’ to ‘[01m[Kdouble[m[K’
[2.589s]   220 |       operator<<([01;36m[Kdouble __f[m[K)
[2.589s]       |                  [01;36m[K~~~~~~~^~~[m[K
[2.589s] [01m[K/usr/include/c++/11/ostream:224:7:[m[K [01;36m[Knote: [m[Kcandidate: ‘[01m[Kstd::basic_ostream<_CharT, _Traits>::__ostream_type& std::basic_ostream<_CharT, _Traits>::operator<<(float) [with _CharT = char; _Traits = std::char_traits<char>; std::basic_ostream<_CharT, _Traits>::__ostream_type = std::basic_ostream<char>][m[K’
[2.590s]   224 |       [01;36m[Koperator[m[K<<(float __f)
[2.590s]       |       [01;36m[K^~~~~~~~[m[K
[2.590s] [01m[K/usr/include/c++/11/ostream:224:24:[m[K [01;36m[Knote: [m[K  no known conversion for argument 1 from ‘[01m[Kstd_msgs::msg::UInt8MultiArray_<std::allocator<void> >[m[K’ to ‘[01m[Kfloat[m[K’
[2.590s]   224 |       operator<<([01;36m[Kfloat __f[m[K)
[2.590s]       |                  [01;36m[K~~~~~~^~~[m[K
[2.590s] [01m[K/usr/include/c++/11/ostream:232:7:[m[K [01;36m[Knote: [m[Kcandidate: ‘[01m[Kstd::basic_ostream<_CharT, _Traits>::__ostream_type& std::basic_ostream<_CharT, _Traits>::operator<<(long double) [with _CharT = char; _Traits = std::char_traits<char>; std::basic_ostream<_CharT, _Traits>::__ostream_type = std::basic_ostream<char>][m[K’
[2.590s]   232 |       [01;36m[Koperator[m[K<<(long double __f)
[2.590s]       |       [01;36m[K^~~~~~~~[m[K
[2.590s] [01m[K/usr/include/c++/11/ostream:232:30:[m[K [01;36m[Knote: [m[K  no known conversion for argument 1 from ‘[01m[Kstd_msgs::msg::UInt8MultiArray_<std::allocator<void> >[m[K’ to ‘[01m[Klong double[m[K’
[2.590s]   232 |       operator<<([01;36m[Klong double __f[m[K)
[2.590s]       |                  [01;36m[K~~~~~~~~~~~~^~~[m[K
[2.590s] [01m[K/usr/include/c++/11/ostream:245:7:[m[K [01;36m[Knote: [m[Kcandidate: ‘[01m[Kstd::basic_ostream<_CharT, _Traits>::__ostream_type& std::basic_ostream<_CharT, _Traits>::operator<<(const void*) [with _CharT = char; _Traits = std::char_traits<char>; std::basic_ostream<_CharT, _Traits>::__ostream_type = std::basic_ostream<char>][m[K’
[2.590s]   245 |       [01;36m[Koperator[m[K<<(const void* __p)
[2.590s]       |       [01;36m[K^~~~~~~~[m[K
[2.590s] [01m[K/usr/include/c++/11/ostream:245:30:[m[K [01;36m[Knote: [m[K  no known conversion for argument 1 from ‘[01m[Kstd_msgs::msg::UInt8MultiArray_<std::allocator<void> >[m[K’ to ‘[01m[Kconst void*[m[K’
[2.590s]   245 |       operator<<([01;36m[Kconst void* __p[m[K)
[2.590s]       |                  [01;36m[K~~~~~~~~~~~~^~~[m[K
[2.590s] [01m[K/usr/include/c++/11/ostream:250:7:[m[K [01;36m[Knote: [m[Kcandidate: ‘[01m[Kstd::basic_ostream<_CharT, _Traits>::__ostream_type& std::basic_ostream<_CharT, _Traits>::operator<<(std::nullptr_t) [with _CharT = char; _Traits = std::char_traits<char>; std::basic_ostream<_CharT, _Traits>::__ostream_type = std::basic_ostream<char>; std::nullptr_t = std::nullptr_t][m[K’
[2.590s]   250 |       [01;36m[Koperator[m[K<<(nullptr_t)
[2.591s]       |       [01;36m[K^~~~~~~~[m[K
[2.591s] [01m[K/usr/include/c++/11/ostream:250:18:[m[K [01;36m[Knote: [m[K  no known conversion for argument 1 from ‘[01m[Kstd_msgs::msg::UInt8MultiArray_<std::allocator<void> >[m[K’ to ‘[01m[Kstd::nullptr_t[m[K’
[2.591s]   250 |       operator<<([01;36m[Knullptr_t[m[K)
[2.591s]       |                  [01;36m[K^~~~~~~~~[m[K
[2.591s] In file included from [01m[K/usr/include/c++/11/ostream:829[m[K,
[2.591s]                  from [01m[K/usr/include/c++/11/iostream:39[m[K,
[2.591s]                  from [01m[K/opt/ros/humble/include/rclcpp/rclcpp/executor.hpp:22[m[K,
[2.591s]                  from [01m[K/opt/ros/humble/include/rclcpp/rclcpp/executors/multi_threaded_executor.hpp:25[m[K,
[2.591s]                  from [01m[K/opt/ros/humble/include/rclcpp/rclcpp/executors.hpp:21[m[K,
[2.591s]                  from [01m[K/opt/ros/humble/include/rclcpp/rclcpp/rclcpp.hpp:155[m[K,
[2.591s]                  from [01m[K/home/katzchen/Documents/Robotics/Examples_ws/Example_C_ws/src/pub.cpp:6[m[K:
[2.591s] [01m[K/usr/include/c++/11/bits/ostream.tcc:119:5:[m[K [01;36m[Knote: [m[Kcandidate: ‘[01m[Kstd::basic_ostream<_Ch, _Tr>& std::basic_ostream<_CharT, _Traits>::operator<<(std::basic_ostream<_CharT, _Traits>::__streambuf_type*) [with _CharT = char; _Traits = std::char_traits<char>; std::basic_ostream<_CharT, _Traits>::__streambuf_type = std::basic_streambuf<char>][m[K’
[2.591s]   119 |     [01;36m[Kbasic_ostream<_CharT, _Traits>[m[K::
[2.591s]       |     [01;36m[K^~~~~~~~~~~~~~~~~~~~~~~~~~~~~~[m[K
[2.591s] [01m[K/usr/include/c++/11/bits/ostream.tcc:120:34:[m[K [01;36m[Knote: [m[K  no known conversion for argument 1 from ‘[01m[Kstd_msgs::msg::UInt8MultiArray_<std::allocator<void> >[m[K’ to ‘[01m[Kstd::basic_ostream<char>::__streambuf_type*[m[K’ {aka ‘[01m[Kstd::basic_streambuf<char>*[m[K’}
[2.591s]   120 |     operator<<([01;36m[K__streambuf_type* __sbin[m[K)
[2.591s]       |                [01;36m[K~~~~~~~~~~~~~~~~~~^~~~~~[m[K
[2.591s] In file included from [01m[K/usr/include/c++/11/memory:77[m[K,
[2.592s]                  from [01m[K/home/katzchen/Documents/Robotics/Examples_ws/Example_C_ws/src/pub.cpp:3[m[K:
[2.592s] [01m[K/usr/include/c++/11/bits/shared_ptr.h:70:5:[m[K [01;36m[Knote: [m[Kcandidate: ‘[01m[Ktemplate<class _Ch, class _Tr, class _Tp, __gnu_cxx::_Lock_policy _Lp> std::basic_ostream<_Ch, _Tr>& std::operator<<(std::basic_ostream<_Ch, _Tr>&, const std::__shared_ptr<_Tp, _Lp>&)[m[K’
[2.592s]    70 |     [01;36m[Koperator[m[K<<(std::basic_ostream<_Ch, _Tr>& __os,
[2.592s]       |     [01;36m[K^~~~~~~~[m[K
[2.592s] [01m[K/usr/include/c++/11/bits/shared_ptr.h:70:5:[m[K [01;36m[Knote: [m[K  template argument deduction/substitution failed:
[2.592s] [01m[K/home/katzchen/Documents/Robotics/Examples_ws/Example_C_ws/src/pub.cpp:30:18:[m[K [01;36m[Knote: [m[K  ‘[01m[Kstd_msgs::msg::UInt8MultiArray_<std::allocator<void> >[m[K’ is not derived from ‘[01m[Kconst std::__shared_ptr<_Tp, _Lp>[m[K’
[2.592s]    30 |       std::cout<<[01;36m[Kmessage[m[K<<std::endl;
[2.592s]       |                  [01;36m[K^~~~~~~[m[K
[2.592s] In file included from [01m[K/usr/include/c++/11/bits/basic_string.h:48[m[K,
[2.592s]                  from [01m[K/usr/include/c++/11/string:55[m[K,
[2.592s]                  from [01m[K/home/katzchen/Documents/Robotics/Examples_ws/Example_C_ws/src/pub.cpp:4[m[K:
[2.592s] [01m[K/usr/include/c++/11/string_view:667:5:[m[K [01;36m[Knote: [m[Kcandidate: ‘[01m[Ktemplate<class _CharT, class _Traits> std::basic_ostream<_Ch, _Tr>& std::operator<<(std::basic_ostream<_Ch, _Tr>&, std::basic_string_view<_CharT, _Traits>)[m[K’
[2.592s]   667 |     [01;36m[Koperator[m[K<<(basic_ostream<_CharT, _Traits>& __os,
[2.592s]       |     [01;36m[K^~~~~~~~[m[K
[2.592s] [01m[K/usr/include/c++/11/string_view:667:5:[m[K [01;36m[Knote: [m[K  template argument deduction/substitution failed:
[2.592s] [01m[K/home/katzchen/Documents/Robotics/Examples_ws/Example_C_ws/src/pub.cpp:30:18:[m[K [01;36m[Knote: [m[K  ‘[01m[Kstd_msgs::msg::UInt8MultiArray_<std::allocator<void> >[m[K’ is not derived from ‘[01m[Kstd::basic_string_view<_CharT, _Traits>[m[K’
[2.592s]    30 |       std::cout<<[01;36m[Kmessage[m[K<<std::endl;
[2.592s]       |                  [01;36m[K^~~~~~~[m[K
[2.593s] In file included from [01m[K/usr/include/c++/11/string:55[m[K,
[2.593s]                  from [01m[K/home/katzchen/Documents/Robotics/Examples_ws/Example_C_ws/src/pub.cpp:4[m[K:
[2.593s] [01m[K/usr/include/c++/11/bits/basic_string.h:6531:5:[m[K [01;36m[Knote: [m[Kcandidate: ‘[01m[Ktemplate<class _CharT, class _Traits, class _Alloc> std::basic_ostream<_Ch, _Tr>& std::operator<<(std::basic_ostream<_Ch, _Tr>&, const std::__cxx11::basic_string<_CharT, _Traits, _Allocator>&)[m[K’
[2.593s]  6531 |     [01;36m[Koperator[m[K<<(basic_ostream<_CharT, _Traits>& __os,
[2.593s]       |     [01;36m[K^~~~~~~~[m[K
[2.593s] [01m[K/usr/include/c++/11/bits/basic_string.h:6531:5:[m[K [01;36m[Knote: [m[K  template argument deduction/substitution failed:
[2.593s] [01m[K/home/katzchen/Documents/Robotics/Examples_ws/Example_C_ws/src/pub.cpp:30:18:[m[K [01;36m[Knote: [m[K  ‘[01m[Kstd_msgs::msg::UInt8MultiArray_<std::allocator<void> >[m[K’ is not derived from ‘[01m[Kconst std::__cxx11::basic_string<_CharT, _Traits, _Allocator>[m[K’
[2.593s]    30 |       std::cout<<[01;36m[Kmessage[m[K<<std::endl;
[2.593s]       |                  [01;36m[K^~~~~~~[m[K
[2.593s] In file included from [01m[K/usr/include/c++/11/mutex:42[m[K,
[2.593s]                  from [01m[K/usr/include/c++/11/future:38[m[K,
[2.593s]                  from [01m[K/opt/ros/humble/include/rclcpp/rclcpp/executors.hpp:18[m[K,
[2.593s]                  from [01m[K/opt/ros/humble/include/rclcpp/rclcpp/rclcpp.hpp:155[m[K,
[2.593s]                  from [01m[K/home/katzchen/Documents/Robotics/Examples_ws/Example_C_ws/src/pub.cpp:6[m[K:
[2.593s] [01m[K/usr/include/c++/11/system_error:279:5:[m[K [01;36m[Knote: [m[Kcandidate: ‘[01m[Ktemplate<class _CharT, class _Traits> std::basic_ostream<_Ch, _Tr>& std::operator<<(std::basic_ostream<_Ch, _Tr>&, const std::error_code&)[m[K’
[2.593s]   279 |     [01;36m[Koperator[m[K<<(basic_ostream<_CharT, _Traits>& __os, const error_code& __e)
[2.593s]       |     [01;36m[K^~~~~~~~[m[K
[2.593s] [01m[K/usr/include/c++/11/system_error:279:5:[m[K [01;36m[Knote: [m[K  template argument deduction/substitution failed:
[2.593s] [01m[K/home/katzchen/Documents/Robotics/Examples_ws/Example_C_ws/src/pub.cpp:30:18:[m[K [01;36m[Knote: [m[K  cannot convert ‘[01m[Kmessage[m[K’ (type ‘[01m[Kstd_msgs::msg::UInt8MultiArray_<std::allocator<void> >[m[K’) to type ‘[01m[Kconst std::error_code&[m[K’
[2.594s]    30 |       std::cout<<[01;36m[Kmessage[m[K<<std::endl;
[2.594s]       |                  [01;36m[K^~~~~~~[m[K
[2.594s] In file included from [01m[K/opt/ros/humble/include/rclcpp/rclcpp/executors/multi_threaded_executor.hpp:22[m[K,
[2.594s]                  from [01m[K/opt/ros/humble/include/rclcpp/rclcpp/executors.hpp:21[m[K,
[2.594s]                  from [01m[K/opt/ros/humble/include/rclcpp/rclcpp/rclcpp.hpp:155[m[K,
[2.594s]                  from [01m[K/home/katzchen/Documents/Robotics/Examples_ws/Example_C_ws/src/pub.cpp:6[m[K:
[2.594s] [01m[K/usr/include/c++/11/thread:92:5:[m[K [01;36m[Knote: [m[Kcandidate: ‘[01m[Ktemplate<class _CharT, class _Traits> std::basic_ostream<_Ch, _Tr>& std::operator<<(std::basic_ostream<_Ch, _Tr>&, std::thread::id)[m[K’
[2.594s]    92 |     [01;36m[Koperator[m[K<<(basic_ostream<_CharT, _Traits>& __out, thread::id __id)
[2.594s]       |     [01;36m[K^~~~~~~~[m[K
[2.594s] [01m[K/usr/include/c++/11/thread:92:5:[m[K [01;36m[Knote: [m[K  template argument deduction/substitution failed:
[2.594s] [01m[K/home/katzchen/Documents/Robotics/Examples_ws/Example_C_ws/src/pub.cpp:30:18:[m[K [01;36m[Knote: [m[K  cannot convert ‘[01m[Kmessage[m[K’ (type ‘[01m[Kstd_msgs::msg::UInt8MultiArray_<std::allocator<void> >[m[K’) to type ‘[01m[Kstd::thread::id[m[K’
[2.594s]    30 |       std::cout<<[01;36m[Kmessage[m[K<<std::endl;
[2.594s]       |                  [01;36m[K^~~~~~~[m[K
[2.594s] In file included from [01m[K/usr/include/c++/11/iostream:39[m[K,
[2.594s]                  from [01m[K/opt/ros/humble/include/rclcpp/rclcpp/executor.hpp:22[m[K,
[2.594s]                  from [01m[K/opt/ros/humble/include/rclcpp/rclcpp/executors/multi_threaded_executor.hpp:25[m[K,
[2.594s]                  from [01m[K/opt/ros/humble/include/rclcpp/rclcpp/executors.hpp:21[m[K,
[2.594s]                  from [01m[K/opt/ros/humble/include/rclcpp/rclcpp/rclcpp.hpp:155[m[K,
[2.595s]                  from [01m[K/home/katzchen/Documents/Robotics/Examples_ws/Example_C_ws/src/pub.cpp:6[m[K:
[2.595s] [01m[K/usr/include/c++/11/ostream:513:5:[m[K [01;36m[Knote: [m[Kcandidate: ‘[01m[Ktemplate<class _CharT, class _Traits> std::basic_ostream<_Ch, _Tr>& std::operator<<(std::basic_ostream<_Ch, _Tr>&, _CharT)[m[K’
[2.595s]   513 |     [01;36m[Koperator[m[K<<(basic_ostream<_CharT, _Traits>& __out, _CharT __c)
[2.595s]       |     [01;36m[K^~~~~~~~[m[K
[2.595s] [01m[K/usr/include/c++/11/ostream:513:5:[m[K [01;36m[Knote: [m[K  template argument deduction/substitution failed:
[2.595s] [01m[K/home/katzchen/Documents/Robotics/Examples_ws/Example_C_ws/src/pub.cpp:30:18:[m[K [01;36m[Knote: [m[K  deduced conflicting types for parameter ‘[01m[K_CharT[m[K’ (‘[01m[Kchar[m[K’ and ‘[01m[Kstd_msgs::msg::UInt8MultiArray_<std::allocator<void> >[m[K’)
[2.595s]    30 |       std::cout<<[01;36m[Kmessage[m[K<<std::endl;
[2.595s]       |                  [01;36m[K^~~~~~~[m[K
[2.595s] In file included from [01m[K/usr/include/c++/11/iostream:39[m[K,
[2.595s]                  from [01m[K/opt/ros/humble/include/rclcpp/rclcpp/executor.hpp:22[m[K,
[2.595s]                  from [01m[K/opt/ros/humble/include/rclcpp/rclcpp/executors/multi_threaded_executor.hpp:25[m[K,
[2.595s]                  from [01m[K/opt/ros/humble/include/rclcpp/rclcpp/executors.hpp:21[m[K,
[2.595s]                  from [01m[K/opt/ros/humble/include/rclcpp/rclcpp/rclcpp.hpp:155[m[K,
[2.595s]                  from [01m[K/home/katzchen/Documents/Robotics/Examples_ws/Example_C_ws/src/pub.cpp:6[m[K:
[2.595s] [01m[K/usr/include/c++/11/ostream:518:5:[m[K [01;36m[Knote: [m[Kcandidate: ‘[01m[Ktemplate<class _CharT, class _Traits> std::basic_ostream<_Ch, _Tr>& std::operator<<(std::basic_ostream<_Ch, _Tr>&, char)[m[K’
[2.595s]   518 |     [01;36m[Koperator[m[K<<(basic_ostream<_CharT, _Traits>& __out, char __c)
[2.595s]       |     [01;36m[K^~~~~~~~[m[K
[2.595s] [01m[K/usr/include/c++/11/ostream:518:5:[m[K [01;36m[Knote: [m[K  template argument deduction/substitution failed:
[2.596s] [01m[K/home/katzchen/Documents/Robotics/Examples_ws/Example_C_ws/src/pub.cpp:30:18:[m[K [01;36m[Knote: [m[K  cannot convert ‘[01m[Kmessage[m[K’ (type ‘[01m[Kstd_msgs::msg::UInt8MultiArray_<std::allocator<void> >[m[K’) to type ‘[01m[Kchar[m[K’
[2.596s]    30 |       std::cout<<[01;36m[Kmessage[m[K<<std::endl;
[2.596s]       |                  [01;36m[K^~~~~~~[m[K
[2.596s] In file included from [01m[K/usr/include/c++/11/iostream:39[m[K,
[2.596s]                  from [01m[K/opt/ros/humble/include/rclcpp/rclcpp/executor.hpp:22[m[K,
[2.596s]                  from [01m[K/opt/ros/humble/include/rclcpp/rclcpp/executors/multi_threaded_executor.hpp:25[m[K,
[2.596s]                  from [01m[K/opt/ros/humble/include/rclcpp/rclcpp/executors.hpp:21[m[K,
[2.596s]                  from [01m[K/opt/ros/humble/include/rclcpp/rclcpp/rclcpp.hpp:155[m[K,
[2.596s]                  from [01m[K/home/katzchen/Documents/Robotics/Examples_ws/Example_C_ws/src/pub.cpp:6[m[K:
[2.596s] [01m[K/usr/include/c++/11/ostream:524:5:[m[K [01;36m[Knote: [m[Kcandidate: ‘[01m[Ktemplate<class _Traits> std::basic_ostream<char, _Traits>& std::operator<<(std::basic_ostream<char, _Traits>&, char)[m[K’
[2.596s]   524 |     [01;36m[Koperator[m[K<<(basic_ostream<char, _Traits>& __out, char __c)
[2.596s]       |     [01;36m[K^~~~~~~~[m[K
[2.596s] [01m[K/usr/include/c++/11/ostream:524:5:[m[K [01;36m[Knote: [m[K  template argument deduction/substitution failed:
[2.596s] [01m[K/home/katzchen/Documents/Robotics/Examples_ws/Example_C_ws/src/pub.cpp:30:18:[m[K [01;36m[Knote: [m[K  cannot convert ‘[01m[Kmessage[m[K’ (type ‘[01m[Kstd_msgs::msg::UInt8MultiArray_<std::allocator<void> >[m[K’) to type ‘[01m[Kchar[m[K’
[2.596s]    30 |       std::cout<<[01;36m[Kmessage[m[K<<std::endl;
[2.596s]       |                  [01;36m[K^~~~~~~[m[K
[2.596s] In file included from [01m[K/usr/include/c++/11/iostream:39[m[K,
[2.597s]                  from [01m[K/opt/ros/humble/include/rclcpp/rclcpp/executor.hpp:22[m[K,
[2.597s]                  from [01m[K/opt/ros/humble/include/rclcpp/rclcpp/executors/multi_threaded_executor.hpp:25[m[K,
[2.597s]                  from [01m[K/opt/ros/humble/include/rclcpp/rclcpp/executors.hpp:21[m[K,
[2.597s]                  from [01m[K/opt/ros/humble/include/rclcpp/rclcpp/rclcpp.hpp:155[m[K,
[2.597s]                  from [01m[K/home/katzchen/Documents/Robotics/Examples_ws/Example_C_ws/src/pub.cpp:6[m[K:
[2.597s] [01m[K/usr/include/c++/11/ostream:530:5:[m[K [01;36m[Knote: [m[Kcandidate: ‘[01m[Ktemplate<class _Traits> std::basic_ostream<char, _Traits>& std::operator<<(std::basic_ostream<char, _Traits>&, signed char)[m[K’
[2.597s]   530 |     [01;36m[Koperator[m[K<<(basic_ostream<char, _Traits>& __out, signed char __c)
[2.597s]       |     [01;36m[K^~~~~~~~[m[K
[2.597s] [01m[K/usr/include/c++/11/ostream:530:5:[m[K [01;36m[Knote: [m[K  template argument deduction/substitution failed:
[2.597s] [01m[K/home/katzchen/Documents/Robotics/Examples_ws/Example_C_ws/src/pub.cpp:30:18:[m[K [01;36m[Knote: [m[K  cannot convert ‘[01m[Kmessage[m[K’ (type ‘[01m[Kstd_msgs::msg::UInt8MultiArray_<std::allocator<void> >[m[K’) to type ‘[01m[Ksigned char[m[K’
[2.597s]    30 |       std::cout<<[01;36m[Kmessage[m[K<<std::endl;
[2.597s]       |                  [01;36m[K^~~~~~~[m[K
[2.597s] In file included from [01m[K/usr/include/c++/11/iostream:39[m[K,
[2.597s]                  from [01m[K/opt/ros/humble/include/rclcpp/rclcpp/executor.hpp:22[m[K,
[2.597s]                  from [01m[K/opt/ros/humble/include/rclcpp/rclcpp/executors/multi_threaded_executor.hpp:25[m[K,
[2.597s]                  from [01m[K/opt/ros/humble/include/rclcpp/rclcpp/executors.hpp:21[m[K,
[2.597s]                  from [01m[K/opt/ros/humble/include/rclcpp/rclcpp/rclcpp.hpp:155[m[K,
[2.597s]                  from [01m[K/home/katzchen/Documents/Robotics/Examples_ws/Example_C_ws/src/pub.cpp:6[m[K:
[2.597s] [01m[K/usr/include/c++/11/ostream:535:5:[m[K [01;36m[Knote: [m[Kcandidate: ‘[01m[Ktemplate<class _Traits> std::basic_ostream<char, _Traits>& std::operator<<(std::basic_ostream<char, _Traits>&, unsigned char)[m[K’
[2.598s]   535 |     [01;36m[Koperator[m[K<<(basic_ostream<char, _Traits>& __out, unsigned char __c)
[2.598s]       |     [01;36m[K^~~~~~~~[m[K
[2.598s] [01m[K/usr/include/c++/11/ostream:535:5:[m[K [01;36m[Knote: [m[K  template argument deduction/substitution failed:
[2.598s] [01m[K/home/katzchen/Documents/Robotics/Examples_ws/Example_C_ws/src/pub.cpp:30:18:[m[K [01;36m[Knote: [m[K  cannot convert ‘[01m[Kmessage[m[K’ (type ‘[01m[Kstd_msgs::msg::UInt8MultiArray_<std::allocator<void> >[m[K’) to type ‘[01m[Kunsigned char[m[K’
[2.598s]    30 |       std::cout<<[01;36m[Kmessage[m[K<<std::endl;
[2.598s]       |                  [01;36m[K^~~~~~~[m[K
[2.598s] In file included from [01m[K/usr/include/c++/11/iostream:39[m[K,
[2.598s]                  from [01m[K/opt/ros/humble/include/rclcpp/rclcpp/executor.hpp:22[m[K,
[2.598s]                  from [01m[K/opt/ros/humble/include/rclcpp/rclcpp/executors/multi_threaded_executor.hpp:25[m[K,
[2.598s]                  from [01m[K/opt/ros/humble/include/rclcpp/rclcpp/executors.hpp:21[m[K,
[2.598s]                  from [01m[K/opt/ros/humble/include/rclcpp/rclcpp/rclcpp.hpp:155[m[K,
[2.598s]                  from [01m[K/home/katzchen/Documents/Robotics/Examples_ws/Example_C_ws/src/pub.cpp:6[m[K:
[2.598s] [01m[K/usr/include/c++/11/ostream:594:5:[m[K [01;36m[Knote: [m[Kcandidate: ‘[01m[Ktemplate<class _CharT, class _Traits> std::basic_ostream<_Ch, _Tr>& std::operator<<(std::basic_ostream<_Ch, _Tr>&, const _CharT*)[m[K’
[2.598s]   594 |     [01;36m[Koperator[m[K<<(basic_ostream<_CharT, _Traits>& __out, const _CharT* __s)
[2.598s]       |     [01;36m[K^~~~~~~~[m[K
[2.598s] [01m[K/usr/include/c++/11/ostream:594:5:[m[K [01;36m[Knote: [m[K  template argument deduction/substitution failed:
[2.598s] [01m[K/home/katzchen/Documents/Robotics/Examples_ws/Example_C_ws/src/pub.cpp:30:18:[m[K [01;36m[Knote: [m[K  mismatched types ‘[01m[Kconst _CharT*[m[K’ and ‘[01m[Kstd_msgs::msg::UInt8MultiArray_<std::allocator<void> >[m[K’
[2.598s]    30 |       std::cout<<[01;36m[Kmessage[m[K<<std::endl;
[2.598s]       |                  [01;36m[K^~~~~~~[m[K
[2.599s] In file included from [01m[K/usr/include/c++/11/ostream:829[m[K,
[2.599s]                  from [01m[K/usr/include/c++/11/iostream:39[m[K,
[2.599s]                  from [01m[K/opt/ros/humble/include/rclcpp/rclcpp/executor.hpp:22[m[K,
[2.599s]                  from [01m[K/opt/ros/humble/include/rclcpp/rclcpp/executors/multi_threaded_executor.hpp:25[m[K,
[2.599s]                  from [01m[K/opt/ros/humble/include/rclcpp/rclcpp/executors.hpp:21[m[K,
[2.599s]                  from [01m[K/opt/ros/humble/include/rclcpp/rclcpp/rclcpp.hpp:155[m[K,
[2.599s]                  from [01m[K/home/katzchen/Documents/Robotics/Examples_ws/Example_C_ws/src/pub.cpp:6[m[K:
[2.599s] [01m[K/usr/include/c++/11/bits/ostream.tcc:321:5:[m[K [01;36m[Knote: [m[Kcandidate: ‘[01m[Ktemplate<class _CharT, class _Traits> std::basic_ostream<_Ch, _Tr>& std::operator<<(std::basic_ostream<_Ch, _Tr>&, const char*)[m[K’
[2.599s]   321 |     [01;36m[Koperator[m[K<<(basic_ostream<_CharT, _Traits>& __out, const char* __s)
[2.599s]       |     [01;36m[K^~~~~~~~[m[K
[2.599s] [01m[K/usr/include/c++/11/bits/ostream.tcc:321:5:[m[K [01;36m[Knote: [m[K  template argument deduction/substitution failed:
[2.599s] [01m[K/home/katzchen/Documents/Robotics/Examples_ws/Example_C_ws/src/pub.cpp:30:18:[m[K [01;36m[Knote: [m[K  cannot convert ‘[01m[Kmessage[m[K’ (type ‘[01m[Kstd_msgs::msg::UInt8MultiArray_<std::allocator<void> >[m[K’) to type ‘[01m[Kconst char*[m[K’
[2.599s]    30 |       std::cout<<[01;36m[Kmessage[m[K<<std::endl;
[2.599s]       |                  [01;36m[K^~~~~~~[m[K
[2.599s] In file included from [01m[K/usr/include/c++/11/iostream:39[m[K,
[2.599s]                  from [01m[K/opt/ros/humble/include/rclcpp/rclcpp/executor.hpp:22[m[K,
[2.599s]                  from [01m[K/opt/ros/humble/include/rclcpp/rclcpp/executors/multi_threaded_executor.hpp:25[m[K,
[2.599s]                  from [01m[K/opt/ros/humble/include/rclcpp/rclcpp/executors.hpp:21[m[K,
[2.599s]                  from [01m[K/opt/ros/humble/include/rclcpp/rclcpp/rclcpp.hpp:155[m[K,
[2.600s]                  from [01m[K/home/katzchen/Documents/Robotics/Examples_ws/Example_C_ws/src/pub.cpp:6[m[K:
[2.600s] [01m[K/usr/include/c++/11/ostream:611:5:[m[K [01;36m[Knote: [m[Kcandidate: ‘[01m[Ktemplate<class _Traits> std::basic_ostream<char, _Traits>& std::operator<<(std::basic_ostream<char, _Traits>&, const char*)[m[K’
[2.600s]   611 |     [01;36m[Koperator[m[K<<(basic_ostream<char, _Traits>& __out, const char* __s)
[2.600s]       |     [01;36m[K^~~~~~~~[m[K
[2.600s] [01m[K/usr/include/c++/11/ostream:611:5:[m[K [01;36m[Knote: [m[K  template argument deduction/substitution failed:
[2.600s] [01m[K/home/katzchen/Documents/Robotics/Examples_ws/Example_C_ws/src/pub.cpp:30:18:[m[K [01;36m[Knote: [m[K  cannot convert ‘[01m[Kmessage[m[K’ (type ‘[01m[Kstd_msgs::msg::UInt8MultiArray_<std::allocator<void> >[m[K’) to type ‘[01m[Kconst char*[m[K’
[2.600s]    30 |       std::cout<<[01;36m[Kmessage[m[K<<std::endl;
[2.600s]       |                  [01;36m[K^~~~~~~[m[K
[2.600s] In file included from [01m[K/usr/include/c++/11/iostream:39[m[K,
[2.600s]                  from [01m[K/opt/ros/humble/include/rclcpp/rclcpp/executor.hpp:22[m[K,
[2.600s]                  from [01m[K/opt/ros/humble/include/rclcpp/rclcpp/executors/multi_threaded_executor.hpp:25[m[K,
[2.600s]                  from [01m[K/opt/ros/humble/include/rclcpp/rclcpp/executors.hpp:21[m[K,
[2.600s]                  from [01m[K/opt/ros/humble/include/rclcpp/rclcpp/rclcpp.hpp:155[m[K,
[2.600s]                  from [01m[K/home/katzchen/Documents/Robotics/Examples_ws/Example_C_ws/src/pub.cpp:6[m[K:
[2.600s] [01m[K/usr/include/c++/11/ostream:624:5:[m[K [01;36m[Knote: [m[Kcandidate: ‘[01m[Ktemplate<class _Traits> std::basic_ostream<char, _Traits>& std::operator<<(std::basic_ostream<char, _Traits>&, const signed char*)[m[K’
[2.600s]   624 |     [01;36m[Koperator[m[K<<(basic_ostream<char, _Traits>& __out, const signed char* __s)
[2.600s]       |     [01;36m[K^~~~~~~~[m[K
[2.600s] [01m[K/usr/include/c++/11/ostream:624:5:[m[K [01;36m[Knote: [m[K  template argument deduction/substitution failed:
[2.601s] [01m[K/home/katzchen/Documents/Robotics/Examples_ws/Example_C_ws/src/pub.cpp:30:18:[m[K [01;36m[Knote: [m[K  cannot convert ‘[01m[Kmessage[m[K’ (type ‘[01m[Kstd_msgs::msg::UInt8MultiArray_<std::allocator<void> >[m[K’) to type ‘[01m[Kconst signed char*[m[K’
[2.601s]    30 |       std::cout<<[01;36m[Kmessage[m[K<<std::endl;
[2.601s]       |                  [01;36m[K^~~~~~~[m[K
[2.601s] In file included from [01m[K/usr/include/c++/11/iostream:39[m[K,
[2.601s]                  from [01m[K/opt/ros/humble/include/rclcpp/rclcpp/executor.hpp:22[m[K,
[2.601s]                  from [01m[K/opt/ros/humble/include/rclcpp/rclcpp/executors/multi_threaded_executor.hpp:25[m[K,
[2.601s]                  from [01m[K/opt/ros/humble/include/rclcpp/rclcpp/executors.hpp:21[m[K,
[2.601s]                  from [01m[K/opt/ros/humble/include/rclcpp/rclcpp/rclcpp.hpp:155[m[K,
[2.601s]                  from [01m[K/home/katzchen/Documents/Robotics/Examples_ws/Example_C_ws/src/pub.cpp:6[m[K:
[2.601s] [01m[K/usr/include/c++/11/ostream:629:5:[m[K [01;36m[Knote: [m[Kcandidate: ‘[01m[Ktemplate<class _Traits> std::basic_ostream<char, _Traits>& std::operator<<(std::basic_ostream<char, _Traits>&, const unsigned char*)[m[K’
[2.601s]   629 |     [01;36m[Koperator[m[K<<(basic_ostream<char, _Traits>& __out, const unsigned char* __s)
[2.601s]       |     [01;36m[K^~~~~~~~[m[K
[2.601s] [01m[K/usr/include/c++/11/ostream:629:5:[m[K [01;36m[Knote: [m[K  template argument deduction/substitution failed:
[2.601s] [01m[K/home/katzchen/Documents/Robotics/Examples_ws/Example_C_ws/src/pub.cpp:30:18:[m[K [01;36m[Knote: [m[K  cannot convert ‘[01m[Kmessage[m[K’ (type ‘[01m[Kstd_msgs::msg::UInt8MultiArray_<std::allocator<void> >[m[K’) to type ‘[01m[Kconst unsigned char*[m[K’
[2.601s]    30 |       std::cout<<[01;36m[Kmessage[m[K<<std::endl;
[2.601s]       |                  [01;36m[K^~~~~~~[m[K
[2.601s] In file included from [01m[K/usr/include/c++/11/iostream:39[m[K,
[2.601s]                  from [01m[K/opt/ros/humble/include/rclcpp/rclcpp/executor.hpp:22[m[K,
[2.602s]                  from [01m[K/opt/ros/humble/include/rclcpp/rclcpp/executors/multi_threaded_executor.hpp:25[m[K,
[2.602s]                  from [01m[K/opt/ros/humble/include/rclcpp/rclcpp/executors.hpp:21[m[K,
[2.602s]                  from [01m[K/opt/ros/humble/include/rclcpp/rclcpp/rclcpp.hpp:155[m[K,
[2.602s]                  from [01m[K/home/katzchen/Documents/Robotics/Examples_ws/Example_C_ws/src/pub.cpp:6[m[K:
[2.602s] [01m[K/usr/include/c++/11/ostream:750:5:[m[K [01;36m[Knote: [m[Kcandidate: ‘[01m[Ktemplate<class _Ostream, class _Tp> _Ostream&& std::operator<<(_Ostream&&, const _Tp&)[m[K’
[2.602s]   750 |     [01;36m[Koperator[m[K<<(_Ostream&& __os, const _Tp& __x)
[2.602s]       |     [01;36m[K^~~~~~~~[m[K
[2.602s] [01m[K/usr/include/c++/11/ostream:750:5:[m[K [01;36m[Knote: [m[K  template argument deduction/substitution failed:
[2.602s] /usr/include/c++/11/ostream: In substitution of ‘[01m[Ktemplate<class _Ostream, class _Tp> _Ostream&& std::operator<<(_Ostream&&, const _Tp&) [with _Ostream = std::basic_ostream<char>&; _Tp = std_msgs::msg::UInt8MultiArray_<std::allocator<void> >][m[K’:
[2.602s] [01m[K/home/katzchen/Documents/Robotics/Examples_ws/Example_C_ws/src/pub.cpp:30:18:[m[K   required from here
[2.602s] [01m[K/usr/include/c++/11/ostream:750:5:[m[K [01;31m[Kerror: [m[Kno type named ‘[01m[Ktype[m[K’ in ‘[01m[Kstruct std::enable_if<false, void>[m[K’
[2.602s] In file included from [01m[K/opt/ros/humble/include/rosidl_runtime_cpp/rosidl_runtime_cpp/traits.hpp:19[m[K,
[2.602s]                  from [01m[K/opt/ros/humble/include/builtin_interfaces/builtin_interfaces/msg/detail/duration__traits.hpp:15[m[K,
[2.602s]                  from [01m[K/opt/ros/humble/include/builtin_interfaces/builtin_interfaces/msg/duration.hpp:9[m[K,
[2.602s]                  from [01m[K/opt/ros/humble/include/rclcpp/rclcpp/duration.hpp:20[m[K,
[2.602s]                  from [01m[K/opt/ros/humble/include/rclcpp/rclcpp/qos.hpp:20[m[K,
[2.602s]                  from [01m[K/opt/ros/humble/include/rclcpp/rclcpp/node_interfaces/node_graph_interface.hpp:32[m[K,
[2.602s]                  from [01m[K/opt/ros/humble/include/rclcpp/rclcpp/client.hpp:42[m[K,
[2.602s]                  from [01m[K/opt/ros/humble/include/rclcpp/rclcpp/callback_group.hpp:24[m[K,
[2.603s]                  from [01m[K/opt/ros/humble/include/rclcpp/rclcpp/any_executable.hpp:20[m[K,
[2.603s]                  from [01m[K/opt/ros/humble/include/rclcpp/rclcpp/memory_strategy.hpp:25[m[K,
[2.603s]                  from [01m[K/opt/ros/humble/include/rclcpp/rclcpp/memory_strategies.hpp:18[m[K,
[2.603s]                  from [01m[K/opt/ros/humble/include/rclcpp/rclcpp/executor_options.hpp:20[m[K,
[2.603s]                  from [01m[K/opt/ros/humble/include/rclcpp/rclcpp/executor.hpp:37[m[K,
[2.603s]                  from [01m[K/opt/ros/humble/include/rclcpp/rclcpp/executors/multi_threaded_executor.hpp:25[m[K,
[2.603s]                  from [01m[K/opt/ros/humble/include/rclcpp/rclcpp/executors.hpp:21[m[K,
[2.603s]                  from [01m[K/opt/ros/humble/include/rclcpp/rclcpp/rclcpp.hpp:155[m[K,
[2.603s]                  from [01m[K/home/katzchen/Documents/Robotics/Examples_ws/Example_C_ws/src/pub.cpp:6[m[K:
[2.603s] [01m[K/usr/include/c++/11/iomanip:79:5:[m[K [01;36m[Knote: [m[Kcandidate: ‘[01m[Ktemplate<class _CharT, class _Traits> std::basic_ostream<_Ch, _Tr>& std::operator<<(std::basic_ostream<_Ch, _Tr>&, std::_Resetiosflags)[m[K’
[2.603s]    79 |     [01;36m[Koperator[m[K<<(basic_ostream<_CharT, _Traits>& __os, _Resetiosflags __f)
[2.603s]       |     [01;36m[K^~~~~~~~[m[K
[2.603s] [01m[K/usr/include/c++/11/iomanip:79:5:[m[K [01;36m[Knote: [m[K  template argument deduction/substitution failed:
[2.603s] [01m[K/home/katzchen/Documents/Robotics/Examples_ws/Example_C_ws/src/pub.cpp:30:18:[m[K [01;36m[Knote: [m[K  cannot convert ‘[01m[Kmessage[m[K’ (type ‘[01m[Kstd_msgs::msg::UInt8MultiArray_<std::allocator<void> >[m[K’) to type ‘[01m[Kstd::_Resetiosflags[m[K’
[2.603s]    30 |       std::cout<<[01;36m[Kmessage[m[K<<std::endl;
[2.603s]       |                  [01;36m[K^~~~~~~[m[K
[2.603s] In file included from [01m[K/opt/ros/humble/include/rosidl_runtime_cpp/rosidl_runtime_cpp/traits.hpp:19[m[K,
[2.603s]                  from [01m[K/opt/ros/humble/include/builtin_interfaces/builtin_interfaces/msg/detail/duration__traits.hpp:15[m[K,
[2.603s]                  from [01m[K/opt/ros/humble/include/builtin_interfaces/builtin_interfaces/msg/duration.hpp:9[m[K,
[2.604s]                  from [01m[K/opt/ros/humble/include/rclcpp/rclcpp/duration.hpp:20[m[K,
[2.604s]                  from [01m[K/opt/ros/humble/include/rclcpp/rclcpp/qos.hpp:20[m[K,
[2.604s]                  from [01m[K/opt/ros/humble/include/rclcpp/rclcpp/node_interfaces/node_graph_interface.hpp:32[m[K,
[2.604s]                  from [01m[K/opt/ros/humble/include/rclcpp/rclcpp/client.hpp:42[m[K,
[2.604s]                  from [01m[K/opt/ros/humble/include/rclcpp/rclcpp/callback_group.hpp:24[m[K,
[2.604s]                  from [01m[K/opt/ros/humble/include/rclcpp/rclcpp/any_executable.hpp:20[m[K,
[2.604s]                  from [01m[K/opt/ros/humble/include/rclcpp/rclcpp/memory_strategy.hpp:25[m[K,
[2.604s]                  from [01m[K/opt/ros/humble/include/rclcpp/rclcpp/memory_strategies.hpp:18[m[K,
[2.604s]                  from [01m[K/opt/ros/humble/include/rclcpp/rclcpp/executor_options.hpp:20[m[K,
[2.604s]                  from [01m[K/opt/ros/humble/include/rclcpp/rclcpp/executor.hpp:37[m[K,
[2.604s]                  from [01m[K/opt/ros/humble/include/rclcpp/rclcpp/executors/multi_threaded_executor.hpp:25[m[K,
[2.604s]                  from [01m[K/opt/ros/humble/include/rclcpp/rclcpp/executors.hpp:21[m[K,
[2.604s]                  from [01m[K/opt/ros/humble/include/rclcpp/rclcpp/rclcpp.hpp:155[m[K,
[2.604s]                  from [01m[K/home/katzchen/Documents/Robotics/Examples_ws/Example_C_ws/src/pub.cpp:6[m[K:
[2.604s] [01m[K/usr/include/c++/11/iomanip:109:5:[m[K [01;36m[Knote: [m[Kcandidate: ‘[01m[Ktemplate<class _CharT, class _Traits> std::basic_ostream<_Ch, _Tr>& std::operator<<(std::basic_ostream<_Ch, _Tr>&, std::_Setiosflags)[m[K’
[2.604s]   109 |     [01;36m[Koperator[m[K<<(basic_ostream<_CharT, _Traits>& __os, _Setiosflags __f)
[2.604s]       |     [01;36m[K^~~~~~~~[m[K
[2.604s] [01m[K/usr/include/c++/11/iomanip:109:5:[m[K [01;36m[Knote: [m[K  template argument deduction/substitution failed:
[2.605s] [01m[K/home/katzchen/Documents/Robotics/Examples_ws/Example_C_ws/src/pub.cpp:30:18:[m[K [01;36m[Knote: [m[K  cannot convert ‘[01m[Kmessage[m[K’ (type ‘[01m[Kstd_msgs::msg::UInt8MultiArray_<std::allocator<void> >[m[K’) to type ‘[01m[Kstd::_Setiosflags[m[K’
[2.605s]    30 |       std::cout<<[01;36m[Kmessage[m[K<<std::endl;
[2.605s]       |                  [01;36m[K^~~~~~~[m[K
[2.605s] In file included from [01m[K/opt/ros/humble/include/rosidl_runtime_cpp/rosidl_runtime_cpp/traits.hpp:19[m[K,
[2.605s]                  from [01m[K/opt/ros/humble/include/builtin_interfaces/builtin_interfaces/msg/detail/duration__traits.hpp:15[m[K,
[2.605s]                  from [01m[K/opt/ros/humble/include/builtin_interfaces/builtin_interfaces/msg/duration.hpp:9[m[K,
[2.605s]                  from [01m[K/opt/ros/humble/include/rclcpp/rclcpp/duration.hpp:20[m[K,
[2.605s]                  from [01m[K/opt/ros/humble/include/rclcpp/rclcpp/qos.hpp:20[m[K,
[2.605s]                  from [01m[K/opt/ros/humble/include/rclcpp/rclcpp/node_interfaces/node_graph_interface.hpp:32[m[K,
[2.605s]                  from [01m[K/opt/ros/humble/include/rclcpp/rclcpp/client.hpp:42[m[K,
[2.605s]                  from [01m[K/opt/ros/humble/include/rclcpp/rclcpp/callback_group.hpp:24[m[K,
[2.605s]                  from [01m[K/opt/ros/humble/include/rclcpp/rclcpp/any_executable.hpp:20[m[K,
[2.605s]                  from [01m[K/opt/ros/humble/include/rclcpp/rclcpp/memory_strategy.hpp:25[m[K,
[2.605s]                  from [01m[K/opt/ros/humble/include/rclcpp/rclcpp/memory_strategies.hpp:18[m[K,
[2.605s]                  from [01m[K/opt/ros/humble/include/rclcpp/rclcpp/executor_options.hpp:20[m[K,
[2.605s]                  from [01m[K/opt/ros/humble/include/rclcpp/rclcpp/executor.hpp:37[m[K,
[2.605s]                  from [01m[K/opt/ros/humble/include/rclcpp/rclcpp/executors/multi_threaded_executor.hpp:25[m[K,
[2.605s]                  from [01m[K/opt/ros/humble/include/rclcpp/rclcpp/executors.hpp:21[m[K,
[2.605s]                  from [01m[K/opt/ros/humble/include/rclcpp/rclcpp/rclcpp.hpp:155[m[K,
[2.605s]                  from [01m[K/home/katzchen/Documents/Robotics/Examples_ws/Example_C_ws/src/pub.cpp:6[m[K:
[2.606s] [01m[K/usr/include/c++/11/iomanip:143:5:[m[K [01;36m[Knote: [m[Kcandidate: ‘[01m[Ktemplate<class _CharT, class _Traits> std::basic_ostream<_Ch, _Tr>& std::operator<<(std::basic_ostream<_Ch, _Tr>&, std::_Setbase)[m[K’
[2.606s]   143 |     [01;36m[Koperator[m[K<<(basic_ostream<_CharT, _Traits>& __os, _Setbase __f)
[2.606s]       |     [01;36m[K^~~~~~~~[m[K
[2.606s] [01m[K/usr/include/c++/11/iomanip:143:5:[m[K [01;36m[Knote: [m[K  template argument deduction/substitution failed:
[2.606s] [01m[K/home/katzchen/Documents/Robotics/Examples_ws/Example_C_ws/src/pub.cpp:30:18:[m[K [01;36m[Knote: [m[K  cannot convert ‘[01m[Kmessage[m[K’ (type ‘[01m[Kstd_msgs::msg::UInt8MultiArray_<std::allocator<void> >[m[K’) to type ‘[01m[Kstd::_Setbase[m[K’
[2.606s]    30 |       std::cout<<[01;36m[Kmessage[m[K<<std::endl;
[2.606s]       |                  [01;36m[K^~~~~~~[m[K
[2.606s] In file included from [01m[K/opt/ros/humble/include/rosidl_runtime_cpp/rosidl_runtime_cpp/traits.hpp:19[m[K,
[2.606s]                  from [01m[K/opt/ros/humble/include/builtin_interfaces/builtin_interfaces/msg/detail/duration__traits.hpp:15[m[K,
[2.606s]                  from [01m[K/opt/ros/humble/include/builtin_interfaces/builtin_interfaces/msg/duration.hpp:9[m[K,
[2.606s]                  from [01m[K/opt/ros/humble/include/rclcpp/rclcpp/duration.hpp:20[m[K,
[2.606s]                  from [01m[K/opt/ros/humble/include/rclcpp/rclcpp/qos.hpp:20[m[K,
[2.606s]                  from [01m[K/opt/ros/humble/include/rclcpp/rclcpp/node_interfaces/node_graph_interface.hpp:32[m[K,
[2.606s]                  from [01m[K/opt/ros/humble/include/rclcpp/rclcpp/client.hpp:42[m[K,
[2.606s]                  from [01m[K/opt/ros/humble/include/rclcpp/rclcpp/callback_group.hpp:24[m[K,
[2.606s]                  from [01m[K/opt/ros/humble/include/rclcpp/rclcpp/any_executable.hpp:20[m[K,
[2.606s]                  from [01m[K/opt/ros/humble/include/rclcpp/rclcpp/memory_strategy.hpp:25[m[K,
[2.606s]                  from [01m[K/opt/ros/humble/include/rclcpp/rclcpp/memory_strategies.hpp:18[m[K,
[2.607s]                  from [01m[K/opt/ros/humble/include/rclcpp/rclcpp/executor_options.hpp:20[m[K,
[2.607s]                  from [01m[K/opt/ros/humble/include/rclcpp/rclcpp/executor.hpp:37[m[K,
[2.607s]                  from [01m[K/opt/ros/humble/include/rclcpp/rclcpp/executors/multi_threaded_executor.hpp:25[m[K,
[2.607s]                  from [01m[K/opt/ros/humble/include/rclcpp/rclcpp/executors.hpp:21[m[K,
[2.607s]                  from [01m[K/opt/ros/humble/include/rclcpp/rclcpp/rclcpp.hpp:155[m[K,
[2.607s]                  from [01m[K/home/katzchen/Documents/Robotics/Examples_ws/Example_C_ws/src/pub.cpp:6[m[K:
[2.607s] [01m[K/usr/include/c++/11/iomanip:178:5:[m[K [01;36m[Knote: [m[Kcandidate: ‘[01m[Ktemplate<class _CharT, class _Traits> std::basic_ostream<_Ch, _Tr>& std::operator<<(std::basic_ostream<_Ch, _Tr>&, std::_Setfill<_CharT>)[m[K’
[2.607s]   178 |     [01;36m[Koperator[m[K<<(basic_ostream<_CharT, _Traits>& __os, _Setfill<_CharT> __f)
[2.607s]       |     [01;36m[K^~~~~~~~[m[K
[2.607s] [01m[K/usr/include/c++/11/iomanip:178:5:[m[K [01;36m[Knote: [m[K  template argument deduction/substitution failed:
[2.607s] [01m[K/home/katzchen/Documents/Robotics/Examples_ws/Example_C_ws/src/pub.cpp:30:18:[m[K [01;36m[Knote: [m[K  ‘[01m[Kstd_msgs::msg::UInt8MultiArray_<std::allocator<void> >[m[K’ is not derived from ‘[01m[Kstd::_Setfill<_CharT>[m[K’
[2.607s]    30 |       std::cout<<[01;36m[Kmessage[m[K<<std::endl;
[2.607s]       |                  [01;36m[K^~~~~~~[m[K
[2.607s] In file included from [01m[K/opt/ros/humble/include/rosidl_runtime_cpp/rosidl_runtime_cpp/traits.hpp:19[m[K,
[2.607s]                  from [01m[K/opt/ros/humble/include/builtin_interfaces/builtin_interfaces/msg/detail/duration__traits.hpp:15[m[K,
[2.607s]                  from [01m[K/opt/ros/humble/include/builtin_interfaces/builtin_interfaces/msg/duration.hpp:9[m[K,
[2.607s]                  from [01m[K/opt/ros/humble/include/rclcpp/rclcpp/duration.hpp:20[m[K,
[2.608s]                  from [01m[K/opt/ros/humble/include/rclcpp/rclcpp/qos.hpp:20[m[K,
[2.608s]                  from [01m[K/opt/ros/humble/include/rclcpp/rclcpp/node_interfaces/node_graph_interface.hpp:32[m[K,
[2.608s]                  from [01m[K/opt/ros/humble/include/rclcpp/rclcpp/client.hpp:42[m[K,
[2.608s]                  from [01m[K/opt/ros/humble/include/rclcpp/rclcpp/callback_group.hpp:24[m[K,
[2.608s]                  from [01m[K/opt/ros/humble/include/rclcpp/rclcpp/any_executable.hpp:20[m[K,
[2.608s]                  from [01m[K/opt/ros/humble/include/rclcpp/rclcpp/memory_strategy.hpp:25[m[K,
[2.608s]                  from [01m[K/opt/ros/humble/include/rclcpp/rclcpp/memory_strategies.hpp:18[m[K,
[2.608s]                  from [01m[K/opt/ros/humble/include/rclcpp/rclcpp/executor_options.hpp:20[m[K,
[2.608s]                  from [01m[K/opt/ros/humble/include/rclcpp/rclcpp/executor.hpp:37[m[K,
[2.608s]                  from [01m[K/opt/ros/humble/include/rclcpp/rclcpp/executors/multi_threaded_executor.hpp:25[m[K,
[2.608s]                  from [01m[K/opt/ros/humble/include/rclcpp/rclcpp/executors.hpp:21[m[K,
[2.608s]                  from [01m[K/opt/ros/humble/include/rclcpp/rclcpp/rclcpp.hpp:155[m[K,
[2.608s]                  from [01m[K/home/katzchen/Documents/Robotics/Examples_ws/Example_C_ws/src/pub.cpp:6[m[K:
[2.608s] [01m[K/usr/include/c++/11/iomanip:208:5:[m[K [01;36m[Knote: [m[Kcandidate: ‘[01m[Ktemplate<class _CharT, class _Traits> std::basic_ostream<_Ch, _Tr>& std::operator<<(std::basic_ostream<_Ch, _Tr>&, std::_Setprecision)[m[K’
[2.608s]   208 |     [01;36m[Koperator[m[K<<(basic_ostream<_CharT, _Traits>& __os, _Setprecision __f)
[2.608s]       |     [01;36m[K^~~~~~~~[m[K
[2.608s] [01m[K/usr/include/c++/11/iomanip:208:5:[m[K [01;36m[Knote: [m[K  template argument deduction/substitution failed:
[2.609s] [01m[K/home/katzchen/Documents/Robotics/Examples_ws/Example_C_ws/src/pub.cpp:30:18:[m[K [01;36m[Knote: [m[K  cannot convert ‘[01m[Kmessage[m[K’ (type ‘[01m[Kstd_msgs::msg::UInt8MultiArray_<std::allocator<void> >[m[K’) to type ‘[01m[Kstd::_Setprecision[m[K’
[2.609s]    30 |       std::cout<<[01;36m[Kmessage[m[K<<std::endl;
[2.609s]       |                  [01;36m[K^~~~~~~[m[K
[2.609s] In file included from [01m[K/opt/ros/humble/include/rosidl_runtime_cpp/rosidl_runtime_cpp/traits.hpp:19[m[K,
[2.609s]                  from [01m[K/opt/ros/humble/include/builtin_interfaces/builtin_interfaces/msg/detail/duration__traits.hpp:15[m[K,
[2.609s]                  from [01m[K/opt/ros/humble/include/builtin_interfaces/builtin_interfaces/msg/duration.hpp:9[m[K,
[2.609s]                  from [01m[K/opt/ros/humble/include/rclcpp/rclcpp/duration.hpp:20[m[K,
[2.609s]                  from [01m[K/opt/ros/humble/include/rclcpp/rclcpp/qos.hpp:20[m[K,
[2.609s]                  from [01m[K/opt/ros/humble/include/rclcpp/rclcpp/node_interfaces/node_graph_interface.hpp:32[m[K,
[2.609s]                  from [01m[K/opt/ros/humble/include/rclcpp/rclcpp/client.hpp:42[m[K,
[2.609s]                  from [01m[K/opt/ros/humble/include/rclcpp/rclcpp/callback_group.hpp:24[m[K,
[2.609s]                  from [01m[K/opt/ros/humble/include/rclcpp/rclcpp/any_executable.hpp:20[m[K,
[2.609s]                  from [01m[K/opt/ros/humble/include/rclcpp/rclcpp/memory_strategy.hpp:25[m[K,
[2.609s]                  from [01m[K/opt/ros/humble/include/rclcpp/rclcpp/memory_strategies.hpp:18[m[K,
[2.609s]                  from [01m[K/opt/ros/humble/include/rclcpp/rclcpp/executor_options.hpp:20[m[K,
[2.609s]                  from [01m[K/opt/ros/humble/include/rclcpp/rclcpp/executor.hpp:37[m[K,
[2.609s]                  from [01m[K/opt/ros/humble/include/rclcpp/rclcpp/executors/multi_threaded_executor.hpp:25[m[K,
[2.609s]                  from [01m[K/opt/ros/humble/include/rclcpp/rclcpp/executors.hpp:21[m[K,
[2.609s]                  from [01m[K/opt/ros/humble/include/rclcpp/rclcpp/rclcpp.hpp:155[m[K,
[2.609s]                  from [01m[K/home/katzchen/Documents/Robotics/Examples_ws/Example_C_ws/src/pub.cpp:6[m[K:
[2.610s] [01m[K/usr/include/c++/11/iomanip:238:5:[m[K [01;36m[Knote: [m[Kcandidate: ‘[01m[Ktemplate<class _CharT, class _Traits> std::basic_ostream<_Ch, _Tr>& std::operator<<(std::basic_ostream<_Ch, _Tr>&, std::_Setw)[m[K’
[2.610s]   238 |     [01;36m[Koperator[m[K<<(basic_ostream<_CharT, _Traits>& __os, _Setw __f)
[2.610s]       |     [01;36m[K^~~~~~~~[m[K
[2.610s] [01m[K/usr/include/c++/11/iomanip:238:5:[m[K [01;36m[Knote: [m[K  template argument deduction/substitution failed:
[2.610s] [01m[K/home/katzchen/Documents/Robotics/Examples_ws/Example_C_ws/src/pub.cpp:30:18:[m[K [01;36m[Knote: [m[K  cannot convert ‘[01m[Kmessage[m[K’ (type ‘[01m[Kstd_msgs::msg::UInt8MultiArray_<std::allocator<void> >[m[K’) to type ‘[01m[Kstd::_Setw[m[K’
[2.610s]    30 |       std::cout<<[01;36m[Kmessage[m[K<<std::endl;
[2.610s]       |                  [01;36m[K^~~~~~~[m[K
[2.610s] In file included from [01m[K/opt/ros/humble/include/rosidl_runtime_cpp/rosidl_runtime_cpp/traits.hpp:19[m[K,
[2.610s]                  from [01m[K/opt/ros/humble/include/builtin_interfaces/builtin_interfaces/msg/detail/duration__traits.hpp:15[m[K,
[2.610s]                  from [01m[K/opt/ros/humble/include/builtin_interfaces/builtin_interfaces/msg/duration.hpp:9[m[K,
[2.610s]                  from [01m[K/opt/ros/humble/include/rclcpp/rclcpp/duration.hpp:20[m[K,
[2.610s]                  from [01m[K/opt/ros/humble/include/rclcpp/rclcpp/qos.hpp:20[m[K,
[2.610s]                  from [01m[K/opt/ros/humble/include/rclcpp/rclcpp/node_interfaces/node_graph_interface.hpp:32[m[K,
[2.610s]                  from [01m[K/opt/ros/humble/include/rclcpp/rclcpp/client.hpp:42[m[K,
[2.610s]                  from [01m[K/opt/ros/humble/include/rclcpp/rclcpp/callback_group.hpp:24[m[K,
[2.610s]                  from [01m[K/opt/ros/humble/include/rclcpp/rclcpp/any_executable.hpp:20[m[K,
[2.610s]                  from [01m[K/opt/ros/humble/include/rclcpp/rclcpp/memory_strategy.hpp:25[m[K,
[2.610s]                  from [01m[K/opt/ros/humble/include/rclcpp/rclcpp/memory_strategies.hpp:18[m[K,
[2.611s]                  from [01m[K/opt/ros/humble/include/rclcpp/rclcpp/executor_options.hpp:20[m[K,
[2.611s]                  from [01m[K/opt/ros/humble/include/rclcpp/rclcpp/executor.hpp:37[m[K,
[2.611s]                  from [01m[K/opt/ros/humble/include/rclcpp/rclcpp/executors/multi_threaded_executor.hpp:25[m[K,
[2.611s]                  from [01m[K/opt/ros/humble/include/rclcpp/rclcpp/executors.hpp:21[m[K,
[2.611s]                  from [01m[K/opt/ros/humble/include/rclcpp/rclcpp/rclcpp.hpp:155[m[K,
[2.611s]                  from [01m[K/home/katzchen/Documents/Robotics/Examples_ws/Example_C_ws/src/pub.cpp:6[m[K:
[2.611s] [01m[K/usr/include/c++/11/iomanip:311:5:[m[K [01;36m[Knote: [m[Kcandidate: ‘[01m[Ktemplate<class _CharT, class _Traits, class _MoneyT> std::basic_ostream<_Ch, _Tr>& std::operator<<(std::basic_ostream<_Ch, _Tr>&, std::_Put_money<_MoneyT>)[m[K’
[2.611s]   311 |     [01;36m[Koperator[m[K<<(basic_ostream<_CharT, _Traits>& __os, _Put_money<_MoneyT> __f)
[2.611s]       |     [01;36m[K^~~~~~~~[m[K
[2.611s] [01m[K/usr/include/c++/11/iomanip:311:5:[m[K [01;36m[Knote: [m[K  template argument deduction/substitution failed:
[2.611s] [01m[K/home/katzchen/Documents/Robotics/Examples_ws/Example_C_ws/src/pub.cpp:30:18:[m[K [01;36m[Knote: [m[K  ‘[01m[Kstd_msgs::msg::UInt8MultiArray_<std::allocator<void> >[m[K’ is not derived from ‘[01m[Kstd::_Put_money<_MoneyT>[m[K’
[2.611s]    30 |       std::cout<<[01;36m[Kmessage[m[K<<std::endl;
[2.611s]       |                  [01;36m[K^~~~~~~[m[K
[2.611s] In file included from [01m[K/opt/ros/humble/include/rosidl_runtime_cpp/rosidl_runtime_cpp/traits.hpp:19[m[K,
[2.611s]                  from [01m[K/opt/ros/humble/include/builtin_interfaces/builtin_interfaces/msg/detail/duration__traits.hpp:15[m[K,
[2.611s]                  from [01m[K/opt/ros/humble/include/builtin_interfaces/builtin_interfaces/msg/duration.hpp:9[m[K,
[2.611s]                  from [01m[K/opt/ros/humble/include/rclcpp/rclcpp/duration.hpp:20[m[K,
[2.611s]                  from [01m[K/opt/ros/humble/include/rclcpp/rclcpp/qos.hpp:20[m[K,
[2.611s]                  from [01m[K/opt/ros/humble/include/rclcpp/rclcpp/node_interfaces/node_graph_interface.hpp:32[m[K,
[2.612s]                  from [01m[K/opt/ros/humble/include/rclcpp/rclcpp/client.hpp:42[m[K,
[2.612s]                  from [01m[K/opt/ros/humble/include/rclcpp/rclcpp/callback_group.hpp:24[m[K,
[2.612s]                  from [01m[K/opt/ros/humble/include/rclcpp/rclcpp/any_executable.hpp:20[m[K,
[2.612s]                  from [01m[K/opt/ros/humble/include/rclcpp/rclcpp/memory_strategy.hpp:25[m[K,
[2.612s]                  from [01m[K/opt/ros/humble/include/rclcpp/rclcpp/memory_strategies.hpp:18[m[K,
[2.612s]                  from [01m[K/opt/ros/humble/include/rclcpp/rclcpp/executor_options.hpp:20[m[K,
[2.612s]                  from [01m[K/opt/ros/humble/include/rclcpp/rclcpp/executor.hpp:37[m[K,
[2.612s]                  from [01m[K/opt/ros/humble/include/rclcpp/rclcpp/executors/multi_threaded_executor.hpp:25[m[K,
[2.612s]                  from [01m[K/opt/ros/humble/include/rclcpp/rclcpp/executors.hpp:21[m[K,
[2.612s]                  from [01m[K/opt/ros/humble/include/rclcpp/rclcpp/rclcpp.hpp:155[m[K,
[2.612s]                  from [01m[K/home/katzchen/Documents/Robotics/Examples_ws/Example_C_ws/src/pub.cpp:6[m[K:
[2.612s] [01m[K/usr/include/c++/11/iomanip:363:5:[m[K [01;36m[Knote: [m[Kcandidate: ‘[01m[Ktemplate<class _CharT, class _Traits> std::basic_ostream<_Ch, _Tr>& std::operator<<(std::basic_ostream<_Ch, _Tr>&, std::_Put_time<_CharT>)[m[K’
[2.612s]   363 |     [01;36m[Koperator[m[K<<(basic_ostream<_CharT, _Traits>& __os, _Put_time<_CharT> __f)
[2.612s]       |     [01;36m[K^~~~~~~~[m[K
[2.612s] [01m[K/usr/include/c++/11/iomanip:363:5:[m[K [01;36m[Knote: [m[K  template argument deduction/substitution failed:
[2.612s] [01m[K/home/katzchen/Documents/Robotics/Examples_ws/Example_C_ws/src/pub.cpp:30:18:[m[K [01;36m[Knote: [m[K  ‘[01m[Kstd_msgs::msg::UInt8MultiArray_<std::allocator<void> >[m[K’ is not derived from ‘[01m[Kstd::_Put_time<_CharT>[m[K’
[2.612s]    30 |       std::cout<<[01;36m[Kmessage[m[K<<std::endl;
[2.612s]       |                  [01;36m[K^~~~~~~[m[K
[3.397s] gmake[2]: *** [CMakeFiles/pub.dir/build.make:76: CMakeFiles/pub.dir/src/pub.cpp.o] Error 1
[3.397s] gmake[1]: *** [CMakeFiles/Makefile2:141: CMakeFiles/pub.dir/all] Error 2
[3.397s] gmake: *** [Makefile:146: all] Error 2
[3.400s] Invoked command in '/home/katzchen/Documents/Robotics/Examples_ws/build/Example_C_ws' returned '2': CMAKE_PREFIX_PATH=${CMAKE_PREFIX_PATH}:/home/katzchen/Documents/Robotics/Examples_ws/install/Example_py_ws:/opt/ros/humble /usr/bin/cmake --build /home/katzchen/Documents/Robotics/Examples_ws/build/Example_C_ws -- -j16 -l16
