[0.017s] Invoking command in '/home/katzchen/Documents/Robotics/Examples_ws/build/Example_C_ws': CMAKE_PREFIX_PATH=/opt/ros/humble /usr/bin/cmake --build /home/katzchen/Documents/Robotics/Examples_ws/build/Example_C_ws -- -j16 -l16
[0.074s] [35m[1mConsolidate compiler generated dependencies of target sub[0m
[0.074s] [35m[1mConsolidate compiler generated dependencies of target pubsub[0m
[0.091s] [ 16%] [32mBuilding CXX object CMakeFiles/pub.dir/src/pub.cpp.o[0m
[0.097s] [ 66%] Built target sub
[0.098s] [ 66%] [32mBuilding CXX object CMakeFiles/pubsub.dir/src/pubsub.cpp.o[0m
[2.829s] [01m[K/home/katzchen/Documents/Robotics/Examples_ws/Example_C_ws/src/pubsub.cpp:[m[K In member function ‘[01m[Kvoid Alpha_PubSub::topic_callback(const UInt8MultiArray&) const[m[K’:
[2.829s] [01m[K/home/katzchen/Documents/Robotics/Examples_ws/Example_C_ws/src/pubsub.cpp:39:22:[m[K [01;31m[Kerror: [m[Kno match for ‘[01m[Koperator=[m[K’ (operand types are ‘[01m[Kstd_msgs::msg::UInt8MultiArray_<std::allocator<void> >::_data_type[m[K’ {aka ‘[01m[Kstd::vector<unsigned char, std::allocator<unsigned char> >[m[K’} and ‘[01m[Kconst char [13][m[K’)
[2.829s]    39 |       message.data = [01;31m[K"Topic_2_Msg "[m[K;
[2.830s]       |                      [01;31m[K^~~~~~~~~~~~~~[m[K
[2.830s] In file included from [01m[K/usr/include/c++/11/vector:72[m[K,
[2.830s]                  from [01m[K/usr/include/c++/11/functional:62[m[K,
[2.830s]                  from [01m[K/usr/include/c++/11/pstl/glue_algorithm_defs.h:13[m[K,
[2.830s]                  from [01m[K/usr/include/c++/11/algorithm:74[m[K,
[2.830s]                  from [01m[K/opt/ros/humble/include/rclcpp/rclcpp/executor.hpp:18[m[K,
[2.830s]                  from [01m[K/opt/ros/humble/include/rclcpp/rclcpp/executors/multi_threaded_executor.hpp:25[m[K,
[2.830s]                  from [01m[K/opt/ros/humble/include/rclcpp/rclcpp/executors.hpp:21[m[K,
[2.831s]                  from [01m[K/opt/ros/humble/include/rclcpp/rclcpp/rclcpp.hpp:155[m[K,
[2.831s]                  from [01m[K/home/katzchen/Documents/Robotics/Examples_ws/Example_C_ws/src/pubsub.cpp:3[m[K:
[2.831s] [01m[K/usr/include/c++/11/bits/vector.tcc:198:5:[m[K [01;36m[Knote: [m[Kcandidate: ‘[01m[Kstd::vector<_Tp, _Alloc>& std::vector<_Tp, _Alloc>::operator=(const std::vector<_Tp, _Alloc>&) [with _Tp = unsigned char; _Alloc = std::allocator<unsigned char>][m[K’
[2.831s]   198 |     [01;36m[Kvector<_Tp, _Alloc>[m[K::
[2.831s]       |     [01;36m[K^~~~~~~~~~~~~~~~~~~[m[K
[2.831s] [01m[K/usr/include/c++/11/bits/vector.tcc:199:42:[m[K [01;36m[Knote: [m[K  no known conversion for argument 1 from ‘[01m[Kconst char [13][m[K’ to ‘[01m[Kconst std::vector<unsigned char, std::allocator<unsigned char> >&[m[K’
[2.831s]   199 |     operator=([01;36m[Kconst vector<_Tp, _Alloc>& __x[m[K)
[2.831s]       |               [01;36m[K~~~~~~~~~~~~~~~~~~~~~~~~~~~^~~[m[K
[2.831s] In file included from [01m[K/usr/include/c++/11/vector:67[m[K,
[2.832s]                  from [01m[K/usr/include/c++/11/functional:62[m[K,
[2.832s]                  from [01m[K/usr/include/c++/11/pstl/glue_algorithm_defs.h:13[m[K,
[2.832s]                  from [01m[K/usr/include/c++/11/algorithm:74[m[K,
[2.832s]                  from [01m[K/opt/ros/humble/include/rclcpp/rclcpp/executor.hpp:18[m[K,
[2.832s]                  from [01m[K/opt/ros/humble/include/rclcpp/rclcpp/executors/multi_threaded_executor.hpp:25[m[K,
[2.832s]                  from [01m[K/opt/ros/humble/include/rclcpp/rclcpp/executors.hpp:21[m[K,
[2.832s]                  from [01m[K/opt/ros/humble/include/rclcpp/rclcpp/rclcpp.hpp:155[m[K,
[2.832s]                  from [01m[K/home/katzchen/Documents/Robotics/Examples_ws/Example_C_ws/src/pubsub.cpp:3[m[K:
[2.832s] [01m[K/usr/include/c++/11/bits/stl_vector.h:709:7:[m[K [01;36m[Knote: [m[Kcandidate: ‘[01m[Kstd::vector<_Tp, _Alloc>& std::vector<_Tp, _Alloc>::operator=(std::vector<_Tp, _Alloc>&&) [with _Tp = unsigned char; _Alloc = std::allocator<unsigned char>][m[K’
[2.832s]   709 |       [01;36m[Koperator[m[K=(vector&& __x) noexcept(_Alloc_traits::_S_nothrow_move())
[2.833s]       |       [01;36m[K^~~~~~~~[m[K
[2.833s] [01m[K/usr/include/c++/11/bits/stl_vector.h:709:26:[m[K [01;36m[Knote: [m[K  no known conversion for argument 1 from ‘[01m[Kconst char [13][m[K’ to ‘[01m[Kstd::vector<unsigned char, std::allocator<unsigned char> >&&[m[K’
[2.833s]   709 |       operator=([01;36m[Kvector&& __x[m[K) noexcept(_Alloc_traits::_S_nothrow_move())
[2.833s]       |                 [01;36m[K~~~~~~~~~^~~[m[K
[2.833s] [01m[K/usr/include/c++/11/bits/stl_vector.h:730:7:[m[K [01;36m[Knote: [m[Kcandidate: ‘[01m[Kstd::vector<_Tp, _Alloc>& std::vector<_Tp, _Alloc>::operator=(std::initializer_list<_Tp>) [with _Tp = unsigned char; _Alloc = std::allocator<unsigned char>][m[K’
[2.833s]   730 |       [01;36m[Koperator[m[K=(initializer_list<value_type> __l)
[2.833s]       |       [01;36m[K^~~~~~~~[m[K
[2.833s] [01m[K/usr/include/c++/11/bits/stl_vector.h:730:46:[m[K [01;36m[Knote: [m[K  no known conversion for argument 1 from ‘[01m[Kconst char [13][m[K’ to ‘[01m[Kstd::initializer_list<unsigned char>[m[K’
[2.834s]   730 |       operator=([01;36m[Kinitializer_list<value_type> __l[m[K)
[2.834s]       |                 [01;36m[K~~~~~~~~~~~~~~~~~~~~~~~~~~~~~^~~[m[K
[4.892s] [ 83%] [32m[1mLinking CXX executable pub[0m
[5.081s] [ 83%] Built target pub
[5.336s] gmake[2]: *** [CMakeFiles/pubsub.dir/build.make:76: CMakeFiles/pubsub.dir/src/pubsub.cpp.o] Error 1
[5.336s] gmake[1]: *** [CMakeFiles/Makefile2:167: CMakeFiles/pubsub.dir/all] Error 2
[5.336s] gmake: *** [Makefile:146: all] Error 2
[5.341s] Invoked command in '/home/katzchen/Documents/Robotics/Examples_ws/build/Example_C_ws' returned '2': CMAKE_PREFIX_PATH=/opt/ros/humble /usr/bin/cmake --build /home/katzchen/Documents/Robotics/Examples_ws/build/Example_C_ws -- -j16 -l16
