running egg_info
creating ../build/Service_ws/Service_ws.egg-info
writing ../build/Service_ws/Service_ws.egg-info/PKG-INFO
writing dependency_links to ../build/Service_ws/Service_ws.egg-info/dependency_links.txt
writing entry points to ../build/Service_ws/Service_ws.egg-info/entry_points.txt
writing requirements to ../build/Service_ws/Service_ws.egg-info/requires.txt
writing top-level names to ../build/Service_ws/Service_ws.egg-info/top_level.txt
writing manifest file '../build/Service_ws/Service_ws.egg-info/SOURCES.txt'
reading manifest file '../build/Service_ws/Service_ws.egg-info/SOURCES.txt'
adding license file 'LICENSE'
writing manifest file '../build/Service_ws/Service_ws.egg-info/SOURCES.txt'
running build
running build_py
creating /home/katzchen/Documents/Robotics/Service_ws/build/Service_ws/build
creating /home/katzchen/Documents/Robotics/Service_ws/build/Service_ws/build/lib
creating /home/katzchen/Documents/Robotics/Service_ws/build/Service_ws/build/lib/Service_ws
copying Service_ws/ser.py -> /home/katzchen/Documents/Robotics/Service_ws/build/Service_ws/build/lib/Service_ws
copying Service_ws/cli.py -> /home/katzchen/Documents/Robotics/Service_ws/build/Service_ws/build/lib/Service_ws
copying Service_ws/__init__.py -> /home/katzchen/Documents/Robotics/Service_ws/build/Service_ws/build/lib/Service_ws
running install
running install_lib
creating /home/katzchen/Documents/Robotics/Service_ws/install/Service_ws/lib/python3.10/site-packages/Service_ws
copying /home/katzchen/Documents/Robotics/Service_ws/build/Service_ws/build/lib/Service_ws/ser.py -> /home/katzchen/Documents/Robotics/Service_ws/install/Service_ws/lib/python3.10/site-packages/Service_ws
copying /home/katzchen/Documents/Robotics/Service_ws/build/Service_ws/build/lib/Service_ws/cli.py -> /home/katzchen/Documents/Robotics/Service_ws/install/Service_ws/lib/python3.10/site-packages/Service_ws
copying /home/katzchen/Documents/Robotics/Service_ws/build/Service_ws/build/lib/Service_ws/__init__.py -> /home/katzchen/Documents/Robotics/Service_ws/install/Service_ws/lib/python3.10/site-packages/Service_ws
byte-compiling /home/katzchen/Documents/Robotics/Service_ws/install/Service_ws/lib/python3.10/site-packages/Service_ws/ser.py to ser.cpython-310.pyc
byte-compiling /home/katzchen/Documents/Robotics/Service_ws/install/Service_ws/lib/python3.10/site-packages/Service_ws/cli.py to cli.cpython-310.pyc
byte-compiling /home/katzchen/Documents/Robotics/Service_ws/install/Service_ws/lib/python3.10/site-packages/Service_ws/__init__.py to __init__.cpython-310.pyc
running install_data
creating /home/katzchen/Documents/Robotics/Service_ws/install/Service_ws/share/ament_index
creating /home/katzchen/Documents/Robotics/Service_ws/install/Service_ws/share/ament_index/resource_index
creating /home/katzchen/Documents/Robotics/Service_ws/install/Service_ws/share/ament_index/resource_index/packages
copying resource/Service_ws -> /home/katzchen/Documents/Robotics/Service_ws/install/Service_ws/share/ament_index/resource_index/packages
copying package.xml -> /home/katzchen/Documents/Robotics/Service_ws/install/Service_ws/share/Service_ws
running install_egg_info
Copying ../build/Service_ws/Service_ws.egg-info to /home/katzchen/Documents/Robotics/Service_ws/install/Service_ws/lib/python3.10/site-packages/Service_ws-0.0.0-py3.10.egg-info
running install_scripts
Installing cli script to /home/katzchen/Documents/Robotics/Service_ws/install/Service_ws/lib/Service_ws
Installing pubsub script to /home/katzchen/Documents/Robotics/Service_ws/install/Service_ws/lib/Service_ws
writing list of installed files to '/home/katzchen/Documents/Robotics/Service_ws/build/Service_ws/install.log'
