[0.714s] Invoking command in '/home/katzchen/Documents/Robotics/Service_ws/Service_ws': PYTHONPATH=/home/katzchen/Documents/Robotics/Service_ws/build/Service_ws/prefix_override:/usr/lib/python3/dist-packages/colcon_core/task/python/colcon_distutils_commands:/home/katzchen/Documents/Robotics/Service_ws/install/Service_ws/lib/python3.10/site-packages:${PYTHONPATH} /usr/bin/python3 -W ignore:setup.py install is deprecated setup.py egg_info --egg-base ../build/Service_ws build --build-base /home/katzchen/Documents/Robotics/Service_ws/build/Service_ws/build install --record /home/katzchen/Documents/Robotics/Service_ws/build/Service_ws/install.log --single-version-externally-managed install_data
[0.987s] running egg_info
[0.988s] creating ../build/Service_ws/Service_ws.egg-info
[0.988s] writing ../build/Service_ws/Service_ws.egg-info/PKG-INFO
[0.988s] writing dependency_links to ../build/Service_ws/Service_ws.egg-info/dependency_links.txt
[0.988s] writing entry points to ../build/Service_ws/Service_ws.egg-info/entry_points.txt
[0.989s] writing requirements to ../build/Service_ws/Service_ws.egg-info/requires.txt
[0.989s] writing top-level names to ../build/Service_ws/Service_ws.egg-info/top_level.txt
[0.989s] writing manifest file '../build/Service_ws/Service_ws.egg-info/SOURCES.txt'
[0.990s] reading manifest file '../build/Service_ws/Service_ws.egg-info/SOURCES.txt'
[0.991s] adding license file 'LICENSE'
[0.991s] writing manifest file '../build/Service_ws/Service_ws.egg-info/SOURCES.txt'
[0.992s] running build
[0.992s] running build_py
[0.992s] creating /home/katzchen/Documents/Robotics/Service_ws/build/Service_ws/build
[0.992s] creating /home/katzchen/Documents/Robotics/Service_ws/build/Service_ws/build/lib
[0.992s] creating /home/katzchen/Documents/Robotics/Service_ws/build/Service_ws/build/lib/Service_ws
[0.992s] copying Service_ws/ser.py -> /home/katzchen/Documents/Robotics/Service_ws/build/Service_ws/build/lib/Service_ws
[0.992s] copying Service_ws/cli.py -> /home/katzchen/Documents/Robotics/Service_ws/build/Service_ws/build/lib/Service_ws
[0.992s] copying Service_ws/__init__.py -> /home/katzchen/Documents/Robotics/Service_ws/build/Service_ws/build/lib/Service_ws
[0.992s] running install
[0.993s] running install_lib
[0.993s] creating /home/katzchen/Documents/Robotics/Service_ws/install/Service_ws/lib/python3.10/site-packages/Service_ws
[0.994s] copying /home/katzchen/Documents/Robotics/Service_ws/build/Service_ws/build/lib/Service_ws/ser.py -> /home/katzchen/Documents/Robotics/Service_ws/install/Service_ws/lib/python3.10/site-packages/Service_ws
[0.994s] copying /home/katzchen/Documents/Robotics/Service_ws/build/Service_ws/build/lib/Service_ws/cli.py -> /home/katzchen/Documents/Robotics/Service_ws/install/Service_ws/lib/python3.10/site-packages/Service_ws
[0.994s] copying /home/katzchen/Documents/Robotics/Service_ws/build/Service_ws/build/lib/Service_ws/__init__.py -> /home/katzchen/Documents/Robotics/Service_ws/install/Service_ws/lib/python3.10/site-packages/Service_ws
[0.994s] byte-compiling /home/katzchen/Documents/Robotics/Service_ws/install/Service_ws/lib/python3.10/site-packages/Service_ws/ser.py to ser.cpython-310.pyc
[0.995s] byte-compiling /home/katzchen/Documents/Robotics/Service_ws/install/Service_ws/lib/python3.10/site-packages/Service_ws/cli.py to cli.cpython-310.pyc
[0.995s] byte-compiling /home/katzchen/Documents/Robotics/Service_ws/install/Service_ws/lib/python3.10/site-packages/Service_ws/__init__.py to __init__.cpython-310.pyc
[0.996s] running install_data
[0.996s] creating /home/katzchen/Documents/Robotics/Service_ws/install/Service_ws/share/ament_index
[0.996s] creating /home/katzchen/Documents/Robotics/Service_ws/install/Service_ws/share/ament_index/resource_index
[0.996s] creating /home/katzchen/Documents/Robotics/Service_ws/install/Service_ws/share/ament_index/resource_index/packages
[0.996s] copying resource/Service_ws -> /home/katzchen/Documents/Robotics/Service_ws/install/Service_ws/share/ament_index/resource_index/packages
[0.996s] copying package.xml -> /home/katzchen/Documents/Robotics/Service_ws/install/Service_ws/share/Service_ws
[0.996s] running install_egg_info
[0.999s] Copying ../build/Service_ws/Service_ws.egg-info to /home/katzchen/Documents/Robotics/Service_ws/install/Service_ws/lib/python3.10/site-packages/Service_ws-0.0.0-py3.10.egg-info
[1.000s] running install_scripts
[1.024s] Installing cli script to /home/katzchen/Documents/Robotics/Service_ws/install/Service_ws/lib/Service_ws
[1.025s] Installing pubsub script to /home/katzchen/Documents/Robotics/Service_ws/install/Service_ws/lib/Service_ws
[1.025s] writing list of installed files to '/home/katzchen/Documents/Robotics/Service_ws/build/Service_ws/install.log'
[1.069s] Invoked command in '/home/katzchen/Documents/Robotics/Service_ws/Service_ws' returned '0': PYTHONPATH=/home/katzchen/Documents/Robotics/Service_ws/build/Service_ws/prefix_override:/usr/lib/python3/dist-packages/colcon_core/task/python/colcon_distutils_commands:/home/katzchen/Documents/Robotics/Service_ws/install/Service_ws/lib/python3.10/site-packages:${PYTHONPATH} /usr/bin/python3 -W ignore:setup.py install is deprecated setup.py egg_info --egg-base ../build/Service_ws build --build-base /home/katzchen/Documents/Robotics/Service_ws/build/Service_ws/build install --record /home/katzchen/Documents/Robotics/Service_ws/build/Service_ws/install.log --single-version-externally-managed install_data
