[0.714s] Invoking command in '/home/katzchen/Documents/Robotics/ESP32_ws': PYTHONPATH=/home/katzchen/Documents/Robotics/ESP32_ws/build/ESP32_ws/prefix_override:/usr/lib/python3/dist-packages/colcon_core/task/python/colcon_distutils_commands:/home/katzchen/Documents/Robotics/ESP32_ws/install/ESP32_ws/lib/python3.10/site-packages:${PYTHONPATH} /usr/bin/python3 -W ignore:setup.py install is deprecated setup.py egg_info --egg-base build/ESP32_ws build --build-base /home/katzchen/Documents/Robotics/ESP32_ws/build/ESP32_ws/build install --record /home/katzchen/Documents/Robotics/ESP32_ws/build/ESP32_ws/install.log --single-version-externally-managed install_data
[0.985s] running egg_info
[0.985s] creating build/ESP32_ws/ESP32_ws.egg-info
[0.985s] writing build/ESP32_ws/ESP32_ws.egg-info/PKG-INFO
[0.986s] writing dependency_links to build/ESP32_ws/ESP32_ws.egg-info/dependency_links.txt
[0.986s] writing entry points to build/ESP32_ws/ESP32_ws.egg-info/entry_points.txt
[0.986s] writing requirements to build/ESP32_ws/ESP32_ws.egg-info/requires.txt
[0.986s] writing top-level names to build/ESP32_ws/ESP32_ws.egg-info/top_level.txt
[0.986s] writing manifest file 'build/ESP32_ws/ESP32_ws.egg-info/SOURCES.txt'
[0.988s] reading manifest file 'build/ESP32_ws/ESP32_ws.egg-info/SOURCES.txt'
[0.988s] adding license file 'LICENSE'
[0.989s] writing manifest file 'build/ESP32_ws/ESP32_ws.egg-info/SOURCES.txt'
[0.989s] running build
[0.989s] running build_py
[0.989s] creating /home/katzchen/Documents/Robotics/ESP32_ws/build/ESP32_ws/build
[0.989s] creating /home/katzchen/Documents/Robotics/ESP32_ws/build/ESP32_ws/build/lib
[0.996s] creating /home/katzchen/Documents/Robotics/ESP32_ws/build/ESP32_ws/build/lib/ESP32_ws
[0.997s] copying ESP32_ws/cli.py -> /home/katzchen/Documents/Robotics/ESP32_ws/build/ESP32_ws/build/lib/ESP32_ws
[0.997s] copying ESP32_ws/__init__.py -> /home/katzchen/Documents/Robotics/ESP32_ws/build/ESP32_ws/build/lib/ESP32_ws
[0.998s] running install
[0.998s] running install_lib
[0.999s] creating /home/katzchen/Documents/Robotics/ESP32_ws/install/ESP32_ws/lib/python3.10/site-packages/ESP32_ws
[0.999s] copying /home/katzchen/Documents/Robotics/ESP32_ws/build/ESP32_ws/build/lib/ESP32_ws/cli.py -> /home/katzchen/Documents/Robotics/ESP32_ws/install/ESP32_ws/lib/python3.10/site-packages/ESP32_ws
[0.999s] copying /home/katzchen/Documents/Robotics/ESP32_ws/build/ESP32_ws/build/lib/ESP32_ws/__init__.py -> /home/katzchen/Documents/Robotics/ESP32_ws/install/ESP32_ws/lib/python3.10/site-packages/ESP32_ws
[1.000s] byte-compiling /home/katzchen/Documents/Robotics/ESP32_ws/install/ESP32_ws/lib/python3.10/site-packages/ESP32_ws/cli.py to cli.cpython-310.pyc
[1.000s] byte-compiling /home/katzchen/Documents/Robotics/ESP32_ws/install/ESP32_ws/lib/python3.10/site-packages/ESP32_ws/__init__.py to __init__.cpython-310.pyc
[1.000s] running install_data
[1.001s] creating /home/katzchen/Documents/Robotics/ESP32_ws/install/ESP32_ws/share/ament_index
[1.001s] creating /home/katzchen/Documents/Robotics/ESP32_ws/install/ESP32_ws/share/ament_index/resource_index
[1.001s] creating /home/katzchen/Documents/Robotics/ESP32_ws/install/ESP32_ws/share/ament_index/resource_index/packages
[1.001s] copying resource/ESP32_ws -> /home/katzchen/Documents/Robotics/ESP32_ws/install/ESP32_ws/share/ament_index/resource_index/packages
[1.001s] copying package.xml -> /home/katzchen/Documents/Robotics/ESP32_ws/install/ESP32_ws/share/ESP32_ws
[1.001s] running install_egg_info
[1.004s] Copying build/ESP32_ws/ESP32_ws.egg-info to /home/katzchen/Documents/Robotics/ESP32_ws/install/ESP32_ws/lib/python3.10/site-packages/ESP32_ws-0.0.0-py3.10.egg-info
[1.005s] running install_scripts
[1.028s] Installing cli script to /home/katzchen/Documents/Robotics/ESP32_ws/install/ESP32_ws/lib/ESP32_ws
[1.028s] writing list of installed files to '/home/katzchen/Documents/Robotics/ESP32_ws/build/ESP32_ws/install.log'
[1.057s] Invoked command in '/home/katzchen/Documents/Robotics/ESP32_ws' returned '0': PYTHONPATH=/home/katzchen/Documents/Robotics/ESP32_ws/build/ESP32_ws/prefix_override:/usr/lib/python3/dist-packages/colcon_core/task/python/colcon_distutils_commands:/home/katzchen/Documents/Robotics/ESP32_ws/install/ESP32_ws/lib/python3.10/site-packages:${PYTHONPATH} /usr/bin/python3 -W ignore:setup.py install is deprecated setup.py egg_info --egg-base build/ESP32_ws build --build-base /home/katzchen/Documents/Robotics/ESP32_ws/build/ESP32_ws/build install --record /home/katzchen/Documents/Robotics/ESP32_ws/build/ESP32_ws/install.log --single-version-externally-managed install_data
