[1.478s] Invoking command in '/home/katzchen/Documents/Robotics/Examples_ws/Example_py_ws': PYTHONPATH=/home/katzchen/Documents/Robotics/Examples_ws/build/Example_py_ws/prefix_override:/usr/lib/python3/dist-packages/colcon_core/task/python/colcon_distutils_commands:/home/katzchen/Documents/Robotics/Examples_ws/install/Example_py_ws/lib/python3.10/site-packages:${PYTHONPATH} /usr/bin/python3 -W ignore:setup.py install is deprecated setup.py egg_info --egg-base ../build/Example_py_ws build --build-base /home/katzchen/Documents/Robotics/Examples_ws/build/Example_py_ws/build install --record /home/katzchen/Documents/Robotics/Examples_ws/build/Example_py_ws/install.log --single-version-externally-managed install_data
[2.042s] running egg_info
[2.044s] writing ../build/Example_py_ws/Example_py_ws.egg-info/PKG-INFO
[2.044s] writing dependency_links to ../build/Example_py_ws/Example_py_ws.egg-info/dependency_links.txt
[2.045s] writing entry points to ../build/Example_py_ws/Example_py_ws.egg-info/entry_points.txt
[2.045s] writing requirements to ../build/Example_py_ws/Example_py_ws.egg-info/requires.txt
[2.046s] writing top-level names to ../build/Example_py_ws/Example_py_ws.egg-info/top_level.txt
[2.050s] reading manifest file '../build/Example_py_ws/Example_py_ws.egg-info/SOURCES.txt'
[2.050s] adding license file 'LICENSE'
[2.052s] writing manifest file '../build/Example_py_ws/Example_py_ws.egg-info/SOURCES.txt'
[2.052s] running build
[2.052s] running build_py
[2.053s] running install
[2.054s] running install_lib
[2.056s] running install_data
[2.056s] running install_egg_info
[2.062s] removing '/home/katzchen/Documents/Robotics/Examples_ws/install/Example_py_ws/lib/python3.10/site-packages/Example_py_ws-0.0.0-py3.10.egg-info' (and everything under it)
[2.062s] Copying ../build/Example_py_ws/Example_py_ws.egg-info to /home/katzchen/Documents/Robotics/Examples_ws/install/Example_py_ws/lib/python3.10/site-packages/Example_py_ws-0.0.0-py3.10.egg-info
[2.065s] running install_scripts
[2.109s] writing list of installed files to '/home/katzchen/Documents/Robotics/Examples_ws/build/Example_py_ws/install.log'
[2.160s] Invoked command in '/home/katzchen/Documents/Robotics/Examples_ws/Example_py_ws' returned '0': PYTHONPATH=/home/katzchen/Documents/Robotics/Examples_ws/build/Example_py_ws/prefix_override:/usr/lib/python3/dist-packages/colcon_core/task/python/colcon_distutils_commands:/home/katzchen/Documents/Robotics/Examples_ws/install/Example_py_ws/lib/python3.10/site-packages:${PYTHONPATH} /usr/bin/python3 -W ignore:setup.py install is deprecated setup.py egg_info --egg-base ../build/Example_py_ws build --build-base /home/katzchen/Documents/Robotics/Examples_ws/build/Example_py_ws/build install --record /home/katzchen/Documents/Robotics/Examples_ws/build/Example_py_ws/install.log --single-version-externally-managed install_data
