[0.115s] DEBUG:colcon:Command line arguments: ['/usr/bin/colcon', 'build']
[0.115s] DEBUG:colcon:Parsed command line arguments: Namespace(log_base=None, log_level=None, verb_name='build', build_base='build', install_base='install', merge_install=False, symlink_install=False, test_result_base=None, continue_on_error=False, executor='parallel', parallel_workers=16, event_handlers=None, ignore_user_meta=False, metas=['./colcon.meta'], base_paths=['.'], packages_ignore=None, packages_ignore_regex=None, paths=None, packages_up_to=None, packages_up_to_regex=None, packages_above=None, packages_above_and_dependencies=None, packages_above_depth=None, packages_select_by_dep=None, packages_skip_by_dep=None, packages_skip_up_to=None, packages_select_build_failed=False, packages_skip_build_finished=False, packages_select_test_failures=False, packages_skip_test_passed=False, packages_select=None, packages_skip=None, packages_select_regex=None, packages_skip_regex=None, packages_start=None, packages_end=None, allow_overriding=[], cmake_args=None, cmake_target=None, cmake_target_skip_unavailable=False, cmake_clean_cache=False, cmake_clean_first=False, cmake_force_configure=False, ament_cmake_args=None, catkin_cmake_args=None, catkin_skip_building_tests=False, mixin_files=None, mixin=None, verb_parser=<colcon_mixin.mixin.mixin_argument.MixinArgumentDecorator object at 0x71ab98e46b60>, verb_extension=<colcon_core.verb.build.BuildVerb object at 0x71ab98ff84f0>, main=<bound method BuildVerb.main of <colcon_core.verb.build.BuildVerb object at 0x71ab98ff84f0>>, mixin_verb=('build',))
[0.287s] Level 1:colcon.colcon_core.package_discovery:discover_packages(colcon_meta) check parameters
[0.287s] Level 1:colcon.colcon_core.package_discovery:discover_packages(recursive) check parameters
[0.287s] Level 1:colcon.colcon_core.package_discovery:discover_packages(ignore) check parameters
[0.287s] Level 1:colcon.colcon_core.package_discovery:discover_packages(path) check parameters
[0.287s] Level 1:colcon.colcon_core.package_discovery:discover_packages(colcon_meta) discover
[0.287s] Level 1:colcon.colcon_core.package_discovery:discover_packages(recursive) discover
[0.287s] INFO:colcon.colcon_core.package_discovery:Crawling recursively for packages in '/home/katzchen/Documents/Robotics/Examples_ws'
[0.287s] Level 1:colcon.colcon_core.package_identification:_identify(.) by extensions ['ignore', 'ignore_ament_install']
[0.288s] Level 1:colcon.colcon_core.package_identification:_identify(.) by extension 'ignore'
[0.288s] Level 1:colcon.colcon_core.package_identification:_identify(.) by extension 'ignore_ament_install'
[0.288s] Level 1:colcon.colcon_core.package_identification:_identify(.) by extensions ['colcon_pkg']
[0.288s] Level 1:colcon.colcon_core.package_identification:_identify(.) by extension 'colcon_pkg'
[0.288s] Level 1:colcon.colcon_core.package_identification:_identify(.) by extensions ['colcon_meta']
[0.288s] Level 1:colcon.colcon_core.package_identification:_identify(.) by extension 'colcon_meta'
[0.288s] Level 1:colcon.colcon_core.package_identification:_identify(.) by extensions ['ros']
[0.288s] Level 1:colcon.colcon_core.package_identification:_identify(.) by extension 'ros'
[0.300s] Level 1:colcon.colcon_core.package_identification:_identify(.) by extensions ['cmake', 'python']
[0.300s] Level 1:colcon.colcon_core.package_identification:_identify(.) by extension 'cmake'
[0.300s] Level 1:colcon.colcon_core.package_identification:_identify(.) by extension 'python'
[0.300s] Level 1:colcon.colcon_core.package_identification:_identify(.) by extensions ['python_setup_py']
[0.300s] Level 1:colcon.colcon_core.package_identification:_identify(.) by extension 'python_setup_py'
[0.300s] Level 1:colcon.colcon_core.package_identification:_identify(Example_C_ws) by extensions ['ignore', 'ignore_ament_install']
[0.300s] Level 1:colcon.colcon_core.package_identification:_identify(Example_C_ws) by extension 'ignore'
[0.300s] Level 1:colcon.colcon_core.package_identification:_identify(Example_C_ws) by extension 'ignore_ament_install'
[0.300s] Level 1:colcon.colcon_core.package_identification:_identify(Example_C_ws) by extensions ['colcon_pkg']
[0.300s] Level 1:colcon.colcon_core.package_identification:_identify(Example_C_ws) by extension 'colcon_pkg'
[0.300s] Level 1:colcon.colcon_core.package_identification:_identify(Example_C_ws) by extensions ['colcon_meta']
[0.300s] Level 1:colcon.colcon_core.package_identification:_identify(Example_C_ws) by extension 'colcon_meta'
[0.300s] Level 1:colcon.colcon_core.package_identification:_identify(Example_C_ws) by extensions ['ros']
[0.300s] Level 1:colcon.colcon_core.package_identification:_identify(Example_C_ws) by extension 'ros'
[0.303s] DEBUG:colcon.colcon_core.package_identification:Package 'Example_C_ws' with type 'ros.ament_cmake' and name 'Example_C_ws'
[0.303s] Level 1:colcon.colcon_core.package_identification:_identify(Example_py_ws) by extensions ['ignore', 'ignore_ament_install']
[0.303s] Level 1:colcon.colcon_core.package_identification:_identify(Example_py_ws) by extension 'ignore'
[0.303s] Level 1:colcon.colcon_core.package_identification:_identify(Example_py_ws) by extension 'ignore_ament_install'
[0.303s] Level 1:colcon.colcon_core.package_identification:_identify(Example_py_ws) by extensions ['colcon_pkg']
[0.303s] Level 1:colcon.colcon_core.package_identification:_identify(Example_py_ws) by extension 'colcon_pkg'
[0.303s] Level 1:colcon.colcon_core.package_identification:_identify(Example_py_ws) by extensions ['colcon_meta']
[0.303s] Level 1:colcon.colcon_core.package_identification:_identify(Example_py_ws) by extension 'colcon_meta'
[0.303s] Level 1:colcon.colcon_core.package_identification:_identify(Example_py_ws) by extensions ['ros']
[0.303s] Level 1:colcon.colcon_core.package_identification:_identify(Example_py_ws) by extension 'ros'
[0.304s] DEBUG:colcon.colcon_core.package_identification:Package 'Example_py_ws' with type 'ros.ament_python' and name 'Example_py_ws'
[0.304s] Level 1:colcon.colcon_core.package_identification:_identify(build) by extensions ['ignore', 'ignore_ament_install']
[0.304s] Level 1:colcon.colcon_core.package_identification:_identify(build) by extension 'ignore'
[0.304s] Level 1:colcon.colcon_core.package_identification:_identify(build) ignored
[0.304s] Level 1:colcon.colcon_core.package_identification:_identify(install) by extensions ['ignore', 'ignore_ament_install']
[0.304s] Level 1:colcon.colcon_core.package_identification:_identify(install) by extension 'ignore'
[0.304s] Level 1:colcon.colcon_core.package_identification:_identify(install) ignored
[0.304s] Level 1:colcon.colcon_core.package_identification:_identify(log) by extensions ['ignore', 'ignore_ament_install']
[0.305s] Level 1:colcon.colcon_core.package_identification:_identify(log) by extension 'ignore'
[0.305s] Level 1:colcon.colcon_core.package_identification:_identify(log) ignored
[0.305s] Level 1:colcon.colcon_core.package_discovery:discover_packages(recursive) using defaults
[0.305s] Level 1:colcon.colcon_core.package_discovery:discover_packages(ignore) discover
[0.305s] Level 1:colcon.colcon_core.package_discovery:discover_packages(ignore) using defaults
[0.305s] Level 1:colcon.colcon_core.package_discovery:discover_packages(path) discover
[0.305s] Level 1:colcon.colcon_core.package_discovery:discover_packages(path) using defaults
[0.329s] Level 1:colcon.colcon_core.package_discovery:discover_packages(prefix_path) check parameters
[0.330s] Level 1:colcon.colcon_core.package_discovery:discover_packages(prefix_path) discover
[0.332s] DEBUG:colcon.colcon_installed_package_information.package_discovery:Found 270 installed packages in /opt/ros/humble
[0.364s] Level 1:colcon.colcon_core.package_discovery:discover_packages(prefix_path) using defaults
[0.410s] Level 5:colcon.colcon_core.verb:set package 'Example_C_ws' build argument 'cmake_args' from command line to 'None'
[0.410s] Level 5:colcon.colcon_core.verb:set package 'Example_C_ws' build argument 'cmake_target' from command line to 'None'
[0.410s] Level 5:colcon.colcon_core.verb:set package 'Example_C_ws' build argument 'cmake_target_skip_unavailable' from command line to 'False'
[0.410s] Level 5:colcon.colcon_core.verb:set package 'Example_C_ws' build argument 'cmake_clean_cache' from command line to 'False'
[0.410s] Level 5:colcon.colcon_core.verb:set package 'Example_C_ws' build argument 'cmake_clean_first' from command line to 'False'
[0.410s] Level 5:colcon.colcon_core.verb:set package 'Example_C_ws' build argument 'cmake_force_configure' from command line to 'False'
[0.410s] Level 5:colcon.colcon_core.verb:set package 'Example_C_ws' build argument 'ament_cmake_args' from command line to 'None'
[0.410s] Level 5:colcon.colcon_core.verb:set package 'Example_C_ws' build argument 'catkin_cmake_args' from command line to 'None'
[0.410s] Level 5:colcon.colcon_core.verb:set package 'Example_C_ws' build argument 'catkin_skip_building_tests' from command line to 'False'
[0.411s] DEBUG:colcon.colcon_core.verb:Building package 'Example_C_ws' with the following arguments: {'ament_cmake_args': None, 'build_base': '/home/katzchen/Documents/Robotics/Examples_ws/build/Example_C_ws', 'catkin_cmake_args': None, 'catkin_skip_building_tests': False, 'cmake_args': None, 'cmake_clean_cache': False, 'cmake_clean_first': False, 'cmake_force_configure': False, 'cmake_target': None, 'cmake_target_skip_unavailable': False, 'install_base': '/home/katzchen/Documents/Robotics/Examples_ws/install/Example_C_ws', 'merge_install': False, 'path': '/home/katzchen/Documents/Robotics/Examples_ws/Example_C_ws', 'symlink_install': False, 'test_result_base': None}
[0.411s] Level 5:colcon.colcon_core.verb:set package 'Example_py_ws' build argument 'cmake_args' from command line to 'None'
[0.411s] Level 5:colcon.colcon_core.verb:set package 'Example_py_ws' build argument 'cmake_target' from command line to 'None'
[0.411s] Level 5:colcon.colcon_core.verb:set package 'Example_py_ws' build argument 'cmake_target_skip_unavailable' from command line to 'False'
[0.411s] Level 5:colcon.colcon_core.verb:set package 'Example_py_ws' build argument 'cmake_clean_cache' from command line to 'False'
[0.411s] Level 5:colcon.colcon_core.verb:set package 'Example_py_ws' build argument 'cmake_clean_first' from command line to 'False'
[0.411s] Level 5:colcon.colcon_core.verb:set package 'Example_py_ws' build argument 'cmake_force_configure' from command line to 'False'
[0.411s] Level 5:colcon.colcon_core.verb:set package 'Example_py_ws' build argument 'ament_cmake_args' from command line to 'None'
[0.411s] Level 5:colcon.colcon_core.verb:set package 'Example_py_ws' build argument 'catkin_cmake_args' from command line to 'None'
[0.411s] Level 5:colcon.colcon_core.verb:set package 'Example_py_ws' build argument 'catkin_skip_building_tests' from command line to 'False'
[0.411s] DEBUG:colcon.colcon_core.verb:Building package 'Example_py_ws' with the following arguments: {'ament_cmake_args': None, 'build_base': '/home/katzchen/Documents/Robotics/Examples_ws/build/Example_py_ws', 'catkin_cmake_args': None, 'catkin_skip_building_tests': False, 'cmake_args': None, 'cmake_clean_cache': False, 'cmake_clean_first': False, 'cmake_force_configure': False, 'cmake_target': None, 'cmake_target_skip_unavailable': False, 'install_base': '/home/katzchen/Documents/Robotics/Examples_ws/install/Example_py_ws', 'merge_install': False, 'path': '/home/katzchen/Documents/Robotics/Examples_ws/Example_py_ws', 'symlink_install': False, 'test_result_base': None}
[0.411s] INFO:colcon.colcon_core.executor:Executing jobs using 'parallel' executor
[0.413s] DEBUG:colcon.colcon_parallel_executor.executor.parallel:run_until_complete
[0.413s] INFO:colcon.colcon_ros.task.ament_cmake.build:Building ROS package in '/home/katzchen/Documents/Robotics/Examples_ws/Example_C_ws' with build type 'ament_cmake'
[0.413s] INFO:colcon.colcon_cmake.task.cmake.build:Building CMake package in '/home/katzchen/Documents/Robotics/Examples_ws/Example_C_ws'
[0.416s] INFO:colcon.colcon_core.plugin_system:Skipping extension 'colcon_core.shell.bat': Not used on non-Windows systems
[0.416s] INFO:colcon.colcon_core.shell:Skip shell extension 'powershell' for command environment: Not usable outside of PowerShell
[0.416s] DEBUG:colcon.colcon_core.shell:Skip shell extension 'dsv' for command environment
[0.420s] INFO:colcon.colcon_ros.task.ament_python.build:Building ROS package in '/home/katzchen/Documents/Robotics/Examples_ws/Example_py_ws' with build type 'ament_python'
[0.420s] Level 1:colcon.colcon_core.shell:create_environment_hook('Example_py_ws', 'ament_prefix_path')
[0.420s] INFO:colcon.colcon_core.shell:Creating environment hook '/home/katzchen/Documents/Robotics/Examples_ws/install/Example_py_ws/share/Example_py_ws/hook/ament_prefix_path.ps1'
[0.421s] INFO:colcon.colcon_core.shell:Creating environment descriptor '/home/katzchen/Documents/Robotics/Examples_ws/install/Example_py_ws/share/Example_py_ws/hook/ament_prefix_path.dsv'
[0.422s] INFO:colcon.colcon_core.shell:Creating environment hook '/home/katzchen/Documents/Robotics/Examples_ws/install/Example_py_ws/share/Example_py_ws/hook/ament_prefix_path.sh'
[0.423s] INFO:colcon.colcon_core.shell:Skip shell extension 'powershell' for command environment: Not usable outside of PowerShell
[0.423s] DEBUG:colcon.colcon_core.shell:Skip shell extension 'dsv' for command environment
[0.433s] DEBUG:colcon.colcon_core.event_handler.log_command:Invoking command in '/home/katzchen/Documents/Robotics/Examples_ws/build/Example_C_ws': CMAKE_PREFIX_PATH=/opt/ros/humble /usr/bin/cmake --build /home/katzchen/Documents/Robotics/Examples_ws/build/Example_C_ws -- -j16 -l16
[0.765s] INFO:colcon.colcon_core.task.python.build:Building Python package in '/home/katzchen/Documents/Robotics/Examples_ws/Example_py_ws'
[0.766s] INFO:colcon.colcon_core.shell:Skip shell extension 'powershell' for command environment: Not usable outside of PowerShell
[0.766s] DEBUG:colcon.colcon_core.shell:Skip shell extension 'dsv' for command environment
[1.186s] DEBUG:colcon.colcon_core.event_handler.log_command:Invoking command in '/home/katzchen/Documents/Robotics/Examples_ws/Example_py_ws': PYTHONPATH=/home/katzchen/Documents/Robotics/Examples_ws/build/Example_py_ws/prefix_override:/usr/lib/python3/dist-packages/colcon_core/task/python/colcon_distutils_commands:/home/katzchen/Documents/Robotics/Examples_ws/install/Example_py_ws/lib/python3.10/site-packages:${PYTHONPATH} /usr/bin/python3 -W ignore:setup.py install is deprecated setup.py egg_info --egg-base ../build/Example_py_ws build --build-base /home/katzchen/Documents/Robotics/Examples_ws/build/Example_py_ws/build install --record /home/katzchen/Documents/Robotics/Examples_ws/build/Example_py_ws/install.log --single-version-externally-managed install_data
[1.534s] DEBUG:colcon.colcon_core.event_handler.log_command:Invoked command in '/home/katzchen/Documents/Robotics/Examples_ws/Example_py_ws' returned '0': PYTHONPATH=/home/katzchen/Documents/Robotics/Examples_ws/build/Example_py_ws/prefix_override:/usr/lib/python3/dist-packages/colcon_core/task/python/colcon_distutils_commands:/home/katzchen/Documents/Robotics/Examples_ws/install/Example_py_ws/lib/python3.10/site-packages:${PYTHONPATH} /usr/bin/python3 -W ignore:setup.py install is deprecated setup.py egg_info --egg-base ../build/Example_py_ws build --build-base /home/katzchen/Documents/Robotics/Examples_ws/build/Example_py_ws/build install --record /home/katzchen/Documents/Robotics/Examples_ws/build/Example_py_ws/install.log --single-version-externally-managed install_data
[1.537s] Level 1:colcon.colcon_core.environment:checking '/home/katzchen/Documents/Robotics/Examples_ws/install/Example_py_ws' for CMake module files
[1.538s] Level 1:colcon.colcon_core.environment:checking '/home/katzchen/Documents/Robotics/Examples_ws/install/Example_py_ws' for CMake config files
[1.539s] Level 1:colcon.colcon_core.environment:checking '/home/katzchen/Documents/Robotics/Examples_ws/install/Example_py_ws/lib'
[1.539s] Level 1:colcon.colcon_core.environment:checking '/home/katzchen/Documents/Robotics/Examples_ws/install/Example_py_ws/bin'
[1.539s] Level 1:colcon.colcon_core.environment:checking '/home/katzchen/Documents/Robotics/Examples_ws/install/Example_py_ws/lib/pkgconfig/Example_py_ws.pc'
[1.539s] Level 1:colcon.colcon_core.environment:checking '/home/katzchen/Documents/Robotics/Examples_ws/install/Example_py_ws/lib/python3.10/site-packages'
[1.539s] Level 1:colcon.colcon_core.shell:create_environment_hook('Example_py_ws', 'pythonpath')
[1.540s] INFO:colcon.colcon_core.shell:Creating environment hook '/home/katzchen/Documents/Robotics/Examples_ws/install/Example_py_ws/share/Example_py_ws/hook/pythonpath.ps1'
[1.540s] INFO:colcon.colcon_core.shell:Creating environment descriptor '/home/katzchen/Documents/Robotics/Examples_ws/install/Example_py_ws/share/Example_py_ws/hook/pythonpath.dsv'
[1.541s] INFO:colcon.colcon_core.shell:Creating environment hook '/home/katzchen/Documents/Robotics/Examples_ws/install/Example_py_ws/share/Example_py_ws/hook/pythonpath.sh'
[1.541s] Level 1:colcon.colcon_core.environment:checking '/home/katzchen/Documents/Robotics/Examples_ws/install/Example_py_ws/bin'
[1.541s] Level 1:colcon.colcon_core.environment:create_environment_scripts_only(Example_py_ws)
[1.542s] INFO:colcon.colcon_core.shell:Creating package script '/home/katzchen/Documents/Robotics/Examples_ws/install/Example_py_ws/share/Example_py_ws/package.ps1'
[1.542s] INFO:colcon.colcon_core.shell:Creating package descriptor '/home/katzchen/Documents/Robotics/Examples_ws/install/Example_py_ws/share/Example_py_ws/package.dsv'
[1.543s] INFO:colcon.colcon_core.shell:Creating package script '/home/katzchen/Documents/Robotics/Examples_ws/install/Example_py_ws/share/Example_py_ws/package.sh'
[1.544s] INFO:colcon.colcon_core.shell:Creating package script '/home/katzchen/Documents/Robotics/Examples_ws/install/Example_py_ws/share/Example_py_ws/package.bash'
[1.544s] INFO:colcon.colcon_core.shell:Creating package script '/home/katzchen/Documents/Robotics/Examples_ws/install/Example_py_ws/share/Example_py_ws/package.zsh'
[1.545s] Level 1:colcon.colcon_core.environment:create_file_with_runtime_dependencies(/home/katzchen/Documents/Robotics/Examples_ws/install/Example_py_ws/share/colcon-core/packages/Example_py_ws)
[9.120s] DEBUG:colcon.colcon_core.event_handler.log_command:Invoked command in '/home/katzchen/Documents/Robotics/Examples_ws/build/Example_C_ws' returned '0': CMAKE_PREFIX_PATH=/opt/ros/humble /usr/bin/cmake --build /home/katzchen/Documents/Robotics/Examples_ws/build/Example_C_ws -- -j16 -l16
[9.170s] DEBUG:colcon.colcon_core.event_handler.log_command:Invoking command in '/home/katzchen/Documents/Robotics/Examples_ws/build/Example_C_ws': CMAKE_PREFIX_PATH=/opt/ros/humble /usr/bin/cmake --install /home/katzchen/Documents/Robotics/Examples_ws/build/Example_C_ws
[9.188s] Level 1:colcon.colcon_core.environment:create_environment_scripts_only(Example_C_ws)
[9.188s] Level 1:colcon.colcon_core.environment:checking '/home/katzchen/Documents/Robotics/Examples_ws/install/Example_C_ws' for CMake module files
[9.189s] DEBUG:colcon.colcon_core.event_handler.log_command:Invoked command in '/home/katzchen/Documents/Robotics/Examples_ws/build/Example_C_ws' returned '0': CMAKE_PREFIX_PATH=/opt/ros/humble /usr/bin/cmake --install /home/katzchen/Documents/Robotics/Examples_ws/build/Example_C_ws
[9.190s] Level 1:colcon.colcon_core.environment:checking '/home/katzchen/Documents/Robotics/Examples_ws/install/Example_C_ws' for CMake config files
[9.190s] Level 1:colcon.colcon_core.shell:create_environment_hook('Example_C_ws', 'cmake_prefix_path')
[9.190s] INFO:colcon.colcon_core.shell:Creating environment hook '/home/katzchen/Documents/Robotics/Examples_ws/install/Example_C_ws/share/Example_C_ws/hook/cmake_prefix_path.ps1'
[9.191s] INFO:colcon.colcon_core.shell:Creating environment descriptor '/home/katzchen/Documents/Robotics/Examples_ws/install/Example_C_ws/share/Example_C_ws/hook/cmake_prefix_path.dsv'
[9.191s] INFO:colcon.colcon_core.shell:Creating environment hook '/home/katzchen/Documents/Robotics/Examples_ws/install/Example_C_ws/share/Example_C_ws/hook/cmake_prefix_path.sh'
[9.192s] Level 1:colcon.colcon_core.environment:checking '/home/katzchen/Documents/Robotics/Examples_ws/install/Example_C_ws/lib'
[9.192s] Level 1:colcon.colcon_core.environment:checking '/home/katzchen/Documents/Robotics/Examples_ws/install/Example_C_ws/bin'
[9.192s] Level 1:colcon.colcon_core.environment:checking '/home/katzchen/Documents/Robotics/Examples_ws/install/Example_C_ws/lib/pkgconfig/Example_C_ws.pc'
[9.192s] Level 1:colcon.colcon_core.environment:checking '/home/katzchen/Documents/Robotics/Examples_ws/install/Example_C_ws/lib/python3.10/site-packages'
[9.192s] Level 1:colcon.colcon_core.environment:checking '/home/katzchen/Documents/Robotics/Examples_ws/install/Example_C_ws/bin'
[9.192s] INFO:colcon.colcon_core.shell:Creating package script '/home/katzchen/Documents/Robotics/Examples_ws/install/Example_C_ws/share/Example_C_ws/package.ps1'
[9.193s] INFO:colcon.colcon_core.shell:Creating package descriptor '/home/katzchen/Documents/Robotics/Examples_ws/install/Example_C_ws/share/Example_C_ws/package.dsv'
[9.193s] INFO:colcon.colcon_core.shell:Creating package script '/home/katzchen/Documents/Robotics/Examples_ws/install/Example_C_ws/share/Example_C_ws/package.sh'
[9.194s] INFO:colcon.colcon_core.shell:Creating package script '/home/katzchen/Documents/Robotics/Examples_ws/install/Example_C_ws/share/Example_C_ws/package.bash'
[9.194s] INFO:colcon.colcon_core.shell:Creating package script '/home/katzchen/Documents/Robotics/Examples_ws/install/Example_C_ws/share/Example_C_ws/package.zsh'
[9.194s] Level 1:colcon.colcon_core.environment:create_file_with_runtime_dependencies(/home/katzchen/Documents/Robotics/Examples_ws/install/Example_C_ws/share/colcon-core/packages/Example_C_ws)
[9.235s] Level 1:colcon.colcon_core.environment:create_environment_scripts_only(Example_C_ws)
[9.235s] Level 1:colcon.colcon_core.environment:checking '/home/katzchen/Documents/Robotics/Examples_ws/install/Example_C_ws' for CMake module files
[9.236s] Level 1:colcon.colcon_core.environment:checking '/home/katzchen/Documents/Robotics/Examples_ws/install/Example_C_ws' for CMake config files
[9.236s] Level 1:colcon.colcon_core.shell:create_environment_hook('Example_C_ws', 'cmake_prefix_path')
[9.236s] INFO:colcon.colcon_core.shell:Creating environment hook '/home/katzchen/Documents/Robotics/Examples_ws/install/Example_C_ws/share/Example_C_ws/hook/cmake_prefix_path.ps1'
[9.237s] INFO:colcon.colcon_core.shell:Creating environment descriptor '/home/katzchen/Documents/Robotics/Examples_ws/install/Example_C_ws/share/Example_C_ws/hook/cmake_prefix_path.dsv'
[9.237s] INFO:colcon.colcon_core.shell:Creating environment hook '/home/katzchen/Documents/Robotics/Examples_ws/install/Example_C_ws/share/Example_C_ws/hook/cmake_prefix_path.sh'
[9.237s] Level 1:colcon.colcon_core.environment:checking '/home/katzchen/Documents/Robotics/Examples_ws/install/Example_C_ws/lib'
[9.238s] Level 1:colcon.colcon_core.environment:checking '/home/katzchen/Documents/Robotics/Examples_ws/install/Example_C_ws/bin'
[9.238s] Level 1:colcon.colcon_core.environment:checking '/home/katzchen/Documents/Robotics/Examples_ws/install/Example_C_ws/lib/pkgconfig/Example_C_ws.pc'
[9.238s] Level 1:colcon.colcon_core.environment:checking '/home/katzchen/Documents/Robotics/Examples_ws/install/Example_C_ws/lib/python3.10/site-packages'
[9.238s] Level 1:colcon.colcon_core.environment:checking '/home/katzchen/Documents/Robotics/Examples_ws/install/Example_C_ws/bin'
[9.238s] INFO:colcon.colcon_core.shell:Creating package script '/home/katzchen/Documents/Robotics/Examples_ws/install/Example_C_ws/share/Example_C_ws/package.ps1'
[9.239s] INFO:colcon.colcon_core.shell:Creating package descriptor '/home/katzchen/Documents/Robotics/Examples_ws/install/Example_C_ws/share/Example_C_ws/package.dsv'
[9.239s] INFO:colcon.colcon_core.shell:Creating package script '/home/katzchen/Documents/Robotics/Examples_ws/install/Example_C_ws/share/Example_C_ws/package.sh'
[9.240s] INFO:colcon.colcon_core.shell:Creating package script '/home/katzchen/Documents/Robotics/Examples_ws/install/Example_C_ws/share/Example_C_ws/package.bash'
[9.240s] INFO:colcon.colcon_core.shell:Creating package script '/home/katzchen/Documents/Robotics/Examples_ws/install/Example_C_ws/share/Example_C_ws/package.zsh'
[9.240s] Level 1:colcon.colcon_core.environment:create_file_with_runtime_dependencies(/home/katzchen/Documents/Robotics/Examples_ws/install/Example_C_ws/share/colcon-core/packages/Example_C_ws)
[9.241s] DEBUG:colcon.colcon_parallel_executor.executor.parallel:closing loop
[9.241s] DEBUG:colcon.colcon_parallel_executor.executor.parallel:loop closed
[9.241s] DEBUG:colcon.colcon_parallel_executor.executor.parallel:run_until_complete finished with '0'
[9.241s] DEBUG:colcon.colcon_core.event_reactor:joining thread
[9.247s] INFO:colcon.colcon_core.plugin_system:Skipping extension 'colcon_notification.desktop_notification.terminal_notifier': Not used on non-Darwin systems
[9.247s] INFO:colcon.colcon_core.plugin_system:Skipping extension 'colcon_notification.desktop_notification.win32': Not used on non-Windows systems
[9.247s] INFO:colcon.colcon_notification.desktop_notification:Sending desktop notification using 'notify2'
[9.261s] DEBUG:colcon.colcon_core.event_reactor:joined thread
[9.261s] INFO:colcon.colcon_core.shell:Creating prefix script '/home/katzchen/Documents/Robotics/Examples_ws/install/local_setup.ps1'
[9.262s] INFO:colcon.colcon_core.shell:Creating prefix util module '/home/katzchen/Documents/Robotics/Examples_ws/install/_local_setup_util_ps1.py'
[9.263s] INFO:colcon.colcon_core.shell:Creating prefix chain script '/home/katzchen/Documents/Robotics/Examples_ws/install/setup.ps1'
[9.264s] INFO:colcon.colcon_core.shell:Creating prefix script '/home/katzchen/Documents/Robotics/Examples_ws/install/local_setup.sh'
[9.265s] INFO:colcon.colcon_core.shell:Creating prefix util module '/home/katzchen/Documents/Robotics/Examples_ws/install/_local_setup_util_sh.py'
[9.265s] INFO:colcon.colcon_core.shell:Creating prefix chain script '/home/katzchen/Documents/Robotics/Examples_ws/install/setup.sh'
[9.266s] INFO:colcon.colcon_core.shell:Creating prefix script '/home/katzchen/Documents/Robotics/Examples_ws/install/local_setup.bash'
[9.267s] INFO:colcon.colcon_core.shell:Creating prefix chain script '/home/katzchen/Documents/Robotics/Examples_ws/install/setup.bash'
[9.267s] INFO:colcon.colcon_core.shell:Creating prefix script '/home/katzchen/Documents/Robotics/Examples_ws/install/local_setup.zsh'
[9.268s] INFO:colcon.colcon_core.shell:Creating prefix chain script '/home/katzchen/Documents/Robotics/Examples_ws/install/setup.zsh'
