[0.036s] Invoking command in '/home/katzchen/Documents/Robotics/Examples_ws/build/Example_C_ws': CMAKE_PREFIX_PATH=/opt/ros/humble /usr/bin/cmake --build /home/katzchen/Documents/Robotics/Examples_ws/build/Example_C_ws -- -j16 -l16
[0.139s] [35m[1mConsolidate compiler generated dependencies of target sub[0m
[0.170s] [ 66%] Built target pub
[0.170s] [ 66%] Built target pubsub
[0.184s] [ 83%] [32mBuilding CXX object CMakeFiles/sub.dir/src/sub.cpp.o[0m
[5.063s] [01m[K/home/katzchen/Documents/Robotics/Examples_ws/Example_C_ws/src/sub.cpp:[m[K In member function ‘[01m[Kvoid Alpha_Subscriber::topic_callback(const UInt8MultiArray&) const[m[K’:
[5.063s] [01m[K/home/katzchen/Documents/Robotics/Examples_ws/Example_C_ws/src/sub.cpp:47:29:[m[K [01;35m[Kwarning: [m[Kcomparison is always false due to limited range of data type [[01;35m[K]8;;https://gcc.gnu.org/onlinedocs/gcc/Warning-Options.html#index-Wtype-limits-Wtype-limits]8;;[m[K]
[5.063s]    47 |         if (message.data[i] < 0)
[11.252s] [100%] [32m[1mLinking CXX executable sub[0m
[11.528s] [100%] Built target sub
[11.539s] Invoked command in '/home/katzchen/Documents/Robotics/Examples_ws/build/Example_C_ws' returned '0': CMAKE_PREFIX_PATH=/opt/ros/humble /usr/bin/cmake --build /home/katzchen/Documents/Robotics/Examples_ws/build/Example_C_ws -- -j16 -l16
[11.579s] Invoking command in '/home/katzchen/Documents/Robotics/Examples_ws/build/Example_C_ws': CMAKE_PREFIX_PATH=/opt/ros/humble /usr/bin/cmake --install /home/katzchen/Documents/Robotics/Examples_ws/build/Example_C_ws
[11.584s] -- Install configuration: ""
[11.584s] -- Up-to-date: /home/katzchen/Documents/Robotics/Examples_ws/install/Example_C_ws/lib/Example_C_ws/pub
[11.585s] -- Up-to-date: /home/katzchen/Documents/Robotics/Examples_ws/install/Example_C_ws/lib/Example_C_ws/pubsub
[11.585s] -- Installing: /home/katzchen/Documents/Robotics/Examples_ws/install/Example_C_ws/lib/Example_C_ws/sub
[11.590s] -- Set runtime path of "/home/katzchen/Documents/Robotics/Examples_ws/install/Example_C_ws/lib/Example_C_ws/sub" to ""
[11.591s] -- Up-to-date: /home/katzchen/Documents/Robotics/Examples_ws/install/Example_C_ws/share/ament_index/resource_index/package_run_dependencies/Example_C_ws
[11.591s] -- Up-to-date: /home/katzchen/Documents/Robotics/Examples_ws/install/Example_C_ws/share/ament_index/resource_index/parent_prefix_path/Example_C_ws
[11.591s] -- Up-to-date: /home/katzchen/Documents/Robotics/Examples_ws/install/Example_C_ws/share/Example_C_ws/environment/ament_prefix_path.sh
[11.591s] -- Up-to-date: /home/katzchen/Documents/Robotics/Examples_ws/install/Example_C_ws/share/Example_C_ws/environment/ament_prefix_path.dsv
[11.591s] -- Up-to-date: /home/katzchen/Documents/Robotics/Examples_ws/install/Example_C_ws/share/Example_C_ws/environment/path.sh
[11.591s] -- Up-to-date: /home/katzchen/Documents/Robotics/Examples_ws/install/Example_C_ws/share/Example_C_ws/environment/path.dsv
[11.591s] -- Up-to-date: /home/katzchen/Documents/Robotics/Examples_ws/install/Example_C_ws/share/Example_C_ws/local_setup.bash
[11.591s] -- Up-to-date: /home/katzchen/Documents/Robotics/Examples_ws/install/Example_C_ws/share/Example_C_ws/local_setup.sh
[11.591s] -- Up-to-date: /home/katzchen/Documents/Robotics/Examples_ws/install/Example_C_ws/share/Example_C_ws/local_setup.zsh
[11.591s] -- Up-to-date: /home/katzchen/Documents/Robotics/Examples_ws/install/Example_C_ws/share/Example_C_ws/local_setup.dsv
[11.591s] -- Installing: /home/katzchen/Documents/Robotics/Examples_ws/install/Example_C_ws/share/Example_C_ws/package.dsv
[11.591s] -- Up-to-date: /home/katzchen/Documents/Robotics/Examples_ws/install/Example_C_ws/share/ament_index/resource_index/packages/Example_C_ws
[11.591s] -- Up-to-date: /home/katzchen/Documents/Robotics/Examples_ws/install/Example_C_ws/share/Example_C_ws/cmake/Example_C_wsConfig.cmake
[11.591s] -- Up-to-date: /home/katzchen/Documents/Robotics/Examples_ws/install/Example_C_ws/share/Example_C_ws/cmake/Example_C_wsConfig-version.cmake
[11.591s] -- Up-to-date: /home/katzchen/Documents/Robotics/Examples_ws/install/Example_C_ws/share/Example_C_ws/package.xml
[11.593s] Invoked command in '/home/katzchen/Documents/Robotics/Examples_ws/build/Example_C_ws' returned '0': CMAKE_PREFIX_PATH=/opt/ros/humble /usr/bin/cmake --install /home/katzchen/Documents/Robotics/Examples_ws/build/Example_C_ws
