[0.703s] Invoking command in '/home/katzchen/Documents/Robotics/Examples_ws/Example_py_ws': PYTHONPATH=/home/katzchen/Documents/Robotics/Examples_ws/build/Example_py_ws/prefix_override:/usr/lib/python3/dist-packages/colcon_core/task/python/colcon_distutils_commands:/home/katzchen/Documents/Robotics/Examples_ws/install/Example_py_ws/lib/python3.10/site-packages:${PYTHONPATH} /usr/bin/python3 -W ignore:setup.py install is deprecated setup.py egg_info --egg-base ../build/Example_py_ws build --build-base /home/katzchen/Documents/Robotics/Examples_ws/build/Example_py_ws/build install --record /home/katzchen/Documents/Robotics/Examples_ws/build/Example_py_ws/install.log --single-version-externally-managed install_data
[0.972s] running egg_info
[0.972s] writing ../build/Example_py_ws/Example_py_ws.egg-info/PKG-INFO
[0.972s] writing dependency_links to ../build/Example_py_ws/Example_py_ws.egg-info/dependency_links.txt
[0.972s] writing entry points to ../build/Example_py_ws/Example_py_ws.egg-info/entry_points.txt
[0.973s] writing requirements to ../build/Example_py_ws/Example_py_ws.egg-info/requires.txt
[0.973s] writing top-level names to ../build/Example_py_ws/Example_py_ws.egg-info/top_level.txt
[0.975s] reading manifest file '../build/Example_py_ws/Example_py_ws.egg-info/SOURCES.txt'
[0.975s] adding license file 'LICENSE'
[0.976s] writing manifest file '../build/Example_py_ws/Example_py_ws.egg-info/SOURCES.txt'
[0.976s] running build
[0.976s] running build_py
[0.976s] running install
[0.977s] running install_lib
[0.978s] running install_data
[0.978s] running install_egg_info
[0.980s] removing '/home/katzchen/Documents/Robotics/Examples_ws/install/Example_py_ws/lib/python3.10/site-packages/Example_py_ws-0.0.0-py3.10.egg-info' (and everything under it)
[0.981s] Copying ../build/Example_py_ws/Example_py_ws.egg-info to /home/katzchen/Documents/Robotics/Examples_ws/install/Example_py_ws/lib/python3.10/site-packages/Example_py_ws-0.0.0-py3.10.egg-info
[0.982s] running install_scripts
[1.003s] writing list of installed files to '/home/katzchen/Documents/Robotics/Examples_ws/build/Example_py_ws/install.log'
[1.038s] Invoked command in '/home/katzchen/Documents/Robotics/Examples_ws/Example_py_ws' returned '0': PYTHONPATH=/home/katzchen/Documents/Robotics/Examples_ws/build/Example_py_ws/prefix_override:/usr/lib/python3/dist-packages/colcon_core/task/python/colcon_distutils_commands:/home/katzchen/Documents/Robotics/Examples_ws/install/Example_py_ws/lib/python3.10/site-packages:${PYTHONPATH} /usr/bin/python3 -W ignore:setup.py install is deprecated setup.py egg_info --egg-base ../build/Example_py_ws build --build-base /home/katzchen/Documents/Robotics/Examples_ws/build/Example_py_ws/build install --record /home/katzchen/Documents/Robotics/Examples_ws/build/Example_py_ws/install.log --single-version-externally-managed install_data
