[0.808s] Invoking command in '/home/katzchen/Documents/Robotics/Examples_ws/Example_py_ws': PYTHONPATH=/home/katzchen/Documents/Robotics/Examples_ws/build/Example_py_ws/prefix_override:/usr/lib/python3/dist-packages/colcon_core/task/python/colcon_distutils_commands:/home/katzchen/Documents/Robotics/Examples_ws/install/Example_py_ws/lib/python3.10/site-packages:${PYTHONPATH} /usr/bin/python3 -W ignore:setup.py install is deprecated setup.py egg_info --egg-base ../build/Example_py_ws build --build-base /home/katzchen/Documents/Robotics/Examples_ws/build/Example_py_ws/build install --record /home/katzchen/Documents/Robotics/Examples_ws/build/Example_py_ws/install.log --single-version-externally-managed install_data
[1.089s] running egg_info
[1.090s] writing ../build/Example_py_ws/Example_py_ws.egg-info/PKG-INFO
[1.091s] writing dependency_links to ../build/Example_py_ws/Example_py_ws.egg-info/dependency_links.txt
[1.091s] writing entry points to ../build/Example_py_ws/Example_py_ws.egg-info/entry_points.txt
[1.091s] writing requirements to ../build/Example_py_ws/Example_py_ws.egg-info/requires.txt
[1.091s] writing top-level names to ../build/Example_py_ws/Example_py_ws.egg-info/top_level.txt
[1.097s] reading manifest file '../build/Example_py_ws/Example_py_ws.egg-info/SOURCES.txt'
[1.097s] adding license file 'LICENSE'
[1.099s] writing manifest file '../build/Example_py_ws/Example_py_ws.egg-info/SOURCES.txt'
[1.099s] running build
[1.099s] running build_py
[1.100s] copying Example_py_ws/pub.py -> /home/katzchen/Documents/Robotics/Examples_ws/build/Example_py_ws/build/lib/Example_py_ws
[1.100s] copying Example_py_ws/pubsub.py -> /home/katzchen/Documents/Robotics/Examples_ws/build/Example_py_ws/build/lib/Example_py_ws
[1.100s] running install
[1.101s] running install_lib
[1.102s] copying /home/katzchen/Documents/Robotics/Examples_ws/build/Example_py_ws/build/lib/Example_py_ws/pub.py -> /home/katzchen/Documents/Robotics/Examples_ws/install/Example_py_ws/lib/python3.10/site-packages/Example_py_ws
[1.102s] copying /home/katzchen/Documents/Robotics/Examples_ws/build/Example_py_ws/build/lib/Example_py_ws/pubsub.py -> /home/katzchen/Documents/Robotics/Examples_ws/install/Example_py_ws/lib/python3.10/site-packages/Example_py_ws
[1.103s] byte-compiling /home/katzchen/Documents/Robotics/Examples_ws/install/Example_py_ws/lib/python3.10/site-packages/Example_py_ws/pub.py to pub.cpython-310.pyc
[1.104s] byte-compiling /home/katzchen/Documents/Robotics/Examples_ws/install/Example_py_ws/lib/python3.10/site-packages/Example_py_ws/pubsub.py to pubsub.cpython-310.pyc
[1.105s] running install_data
[1.105s] running install_egg_info
[1.111s] removing '/home/katzchen/Documents/Robotics/Examples_ws/install/Example_py_ws/lib/python3.10/site-packages/Example_py_ws-0.0.0-py3.10.egg-info' (and everything under it)
[1.112s] Copying ../build/Example_py_ws/Example_py_ws.egg-info to /home/katzchen/Documents/Robotics/Examples_ws/install/Example_py_ws/lib/python3.10/site-packages/Example_py_ws-0.0.0-py3.10.egg-info
[1.113s] running install_scripts
[1.145s] Installing pub script to /home/katzchen/Documents/Robotics/Examples_ws/install/Example_py_ws/lib/Example_py_ws
[1.145s] Installing pubsub script to /home/katzchen/Documents/Robotics/Examples_ws/install/Example_py_ws/lib/Example_py_ws
[1.146s] writing list of installed files to '/home/katzchen/Documents/Robotics/Examples_ws/build/Example_py_ws/install.log'
[1.209s] Invoked command in '/home/katzchen/Documents/Robotics/Examples_ws/Example_py_ws' returned '0': PYTHONPATH=/home/katzchen/Documents/Robotics/Examples_ws/build/Example_py_ws/prefix_override:/usr/lib/python3/dist-packages/colcon_core/task/python/colcon_distutils_commands:/home/katzchen/Documents/Robotics/Examples_ws/install/Example_py_ws/lib/python3.10/site-packages:${PYTHONPATH} /usr/bin/python3 -W ignore:setup.py install is deprecated setup.py egg_info --egg-base ../build/Example_py_ws build --build-base /home/katzchen/Documents/Robotics/Examples_ws/build/Example_py_ws/build install --record /home/katzchen/Documents/Robotics/Examples_ws/build/Example_py_ws/install.log --single-version-externally-managed install_data
