[1.555s] Invoking command in '/home/katzchen/Documents/Robotics/ESP32_ws': PYTHONPATH=/home/katzchen/Documents/Robotics/ESP32_ws/build/ESP32_ws/prefix_override:/usr/lib/python3/dist-packages/colcon_core/task/python/colcon_distutils_commands:/home/katzchen/Documents/Robotics/ESP32_ws/install/ESP32_ws/lib/python3.10/site-packages:${PYTHONPATH} /usr/bin/python3 -W ignore:setup.py install is deprecated setup.py egg_info --egg-base build/ESP32_ws build --build-base /home/katzchen/Documents/Robotics/ESP32_ws/build/ESP32_ws/build install --record /home/katzchen/Documents/Robotics/ESP32_ws/build/ESP32_ws/install.log --single-version-externally-managed install_data
[2.119s] running egg_info
[2.121s] writing build/ESP32_ws/ESP32_ws.egg-info/PKG-INFO
[2.121s] writing dependency_links to build/ESP32_ws/ESP32_ws.egg-info/dependency_links.txt
[2.122s] writing entry points to build/ESP32_ws/ESP32_ws.egg-info/entry_points.txt
[2.122s] writing requirements to build/ESP32_ws/ESP32_ws.egg-info/requires.txt
[2.123s] writing top-level names to build/ESP32_ws/ESP32_ws.egg-info/top_level.txt
[2.127s] reading manifest file 'build/ESP32_ws/ESP32_ws.egg-info/SOURCES.txt'
[2.129s] adding license file 'LICENSE'
[2.130s] writing manifest file 'build/ESP32_ws/ESP32_ws.egg-info/SOURCES.txt'
[2.131s] running build
[2.131s] running build_py
[2.131s] copying ESP32_ws/cli.py -> /home/katzchen/Documents/Robotics/ESP32_ws/build/ESP32_ws/build/lib/ESP32_ws
[2.133s] running install
[2.133s] running install_lib
[2.135s] copying /home/katzchen/Documents/Robotics/ESP32_ws/build/ESP32_ws/build/lib/ESP32_ws/cli.py -> /home/katzchen/Documents/Robotics/ESP32_ws/install/ESP32_ws/lib/python3.10/site-packages/ESP32_ws
[2.137s] byte-compiling /home/katzchen/Documents/Robotics/ESP32_ws/install/ESP32_ws/lib/python3.10/site-packages/ESP32_ws/cli.py to cli.cpython-310.pyc
[2.138s] running install_data
[2.139s] running install_egg_info
[2.144s] removing '/home/katzchen/Documents/Robotics/ESP32_ws/install/ESP32_ws/lib/python3.10/site-packages/ESP32_ws-0.0.0-py3.10.egg-info' (and everything under it)
[2.145s] Copying build/ESP32_ws/ESP32_ws.egg-info to /home/katzchen/Documents/Robotics/ESP32_ws/install/ESP32_ws/lib/python3.10/site-packages/ESP32_ws-0.0.0-py3.10.egg-info
[2.148s] running install_scripts
[2.190s] Installing cli script to /home/katzchen/Documents/Robotics/ESP32_ws/install/ESP32_ws/lib/ESP32_ws
[2.191s] writing list of installed files to '/home/katzchen/Documents/Robotics/ESP32_ws/build/ESP32_ws/install.log'
[2.236s] Invoked command in '/home/katzchen/Documents/Robotics/ESP32_ws' returned '0': PYTHONPATH=/home/katzchen/Documents/Robotics/ESP32_ws/build/ESP32_ws/prefix_override:/usr/lib/python3/dist-packages/colcon_core/task/python/colcon_distutils_commands:/home/katzchen/Documents/Robotics/ESP32_ws/install/ESP32_ws/lib/python3.10/site-packages:${PYTHONPATH} /usr/bin/python3 -W ignore:setup.py install is deprecated setup.py egg_info --egg-base build/ESP32_ws build --build-base /home/katzchen/Documents/Robotics/ESP32_ws/build/ESP32_ws/build install --record /home/katzchen/Documents/Robotics/ESP32_ws/build/ESP32_ws/install.log --single-version-externally-managed install_data
