[0.037s] Invoking command in '/home/katzchen/Documents/Robotics/Examples_ws/build/Example_C_ws': CMAKE_PREFIX_PATH=/opt/ros/humble /usr/bin/cmake --build /home/katzchen/Documents/Robotics/Examples_ws/build/Example_C_ws -- -j16 -l16
[0.144s] [35m[1mConsolidate compiler generated dependencies of target pubsub[0m
[0.145s] [35m[1mConsolidate compiler generated dependencies of target pub[0m
[0.174s] [ 33%] Built target sub
[0.189s] [ 50%] [32mBuilding CXX object CMakeFiles/pubsub.dir/src/pubsub.cpp.o[0m
[0.189s] [ 83%] Built target pub
[10.761s] [100%] [32m[1mLinking CXX executable pubsub[0m
[11.018s] [100%] Built target pubsub
[11.028s] Invoked command in '/home/katzchen/Documents/Robotics/Examples_ws/build/Example_C_ws' returned '0': CMAKE_PREFIX_PATH=/opt/ros/humble /usr/bin/cmake --build /home/katzchen/Documents/Robotics/Examples_ws/build/Example_C_ws -- -j16 -l16
[11.065s] Invoking command in '/home/katzchen/Documents/Robotics/Examples_ws/build/Example_C_ws': CMAKE_PREFIX_PATH=/opt/ros/humble /usr/bin/cmake --install /home/katzchen/Documents/Robotics/Examples_ws/build/Example_C_ws
[11.070s] -- Install configuration: ""
[11.070s] -- Up-to-date: /home/katzchen/Documents/Robotics/Examples_ws/install/Example_C_ws/lib/Example_C_ws/pub
[11.071s] -- Installing: /home/katzchen/Documents/Robotics/Examples_ws/install/Example_C_ws/lib/Example_C_ws/pubsub
[11.076s] -- Set runtime path of "/home/katzchen/Documents/Robotics/Examples_ws/install/Example_C_ws/lib/Example_C_ws/pubsub" to ""
[11.076s] -- Up-to-date: /home/katzchen/Documents/Robotics/Examples_ws/install/Example_C_ws/lib/Example_C_ws/sub
[11.076s] -- Up-to-date: /home/katzchen/Documents/Robotics/Examples_ws/install/Example_C_ws/share/ament_index/resource_index/package_run_dependencies/Example_C_ws
[11.076s] -- Up-to-date: /home/katzchen/Documents/Robotics/Examples_ws/install/Example_C_ws/share/ament_index/resource_index/parent_prefix_path/Example_C_ws
[11.076s] -- Up-to-date: /home/katzchen/Documents/Robotics/Examples_ws/install/Example_C_ws/share/Example_C_ws/environment/ament_prefix_path.sh
[11.076s] -- Up-to-date: /home/katzchen/Documents/Robotics/Examples_ws/install/Example_C_ws/share/Example_C_ws/environment/ament_prefix_path.dsv
[11.077s] -- Up-to-date: /home/katzchen/Documents/Robotics/Examples_ws/install/Example_C_ws/share/Example_C_ws/environment/path.sh
[11.077s] -- Up-to-date: /home/katzchen/Documents/Robotics/Examples_ws/install/Example_C_ws/share/Example_C_ws/environment/path.dsv
[11.077s] -- Up-to-date: /home/katzchen/Documents/Robotics/Examples_ws/install/Example_C_ws/share/Example_C_ws/local_setup.bash
[11.077s] -- Up-to-date: /home/katzchen/Documents/Robotics/Examples_ws/install/Example_C_ws/share/Example_C_ws/local_setup.sh
[11.077s] -- Up-to-date: /home/katzchen/Documents/Robotics/Examples_ws/install/Example_C_ws/share/Example_C_ws/local_setup.zsh
[11.077s] -- Up-to-date: /home/katzchen/Documents/Robotics/Examples_ws/install/Example_C_ws/share/Example_C_ws/local_setup.dsv
[11.077s] -- Installing: /home/katzchen/Documents/Robotics/Examples_ws/install/Example_C_ws/share/Example_C_ws/package.dsv
[11.077s] -- Up-to-date: /home/katzchen/Documents/Robotics/Examples_ws/install/Example_C_ws/share/ament_index/resource_index/packages/Example_C_ws
[11.077s] -- Up-to-date: /home/katzchen/Documents/Robotics/Examples_ws/install/Example_C_ws/share/Example_C_ws/cmake/Example_C_wsConfig.cmake
[11.077s] -- Up-to-date: /home/katzchen/Documents/Robotics/Examples_ws/install/Example_C_ws/share/Example_C_ws/cmake/Example_C_wsConfig-version.cmake
[11.077s] -- Up-to-date: /home/katzchen/Documents/Robotics/Examples_ws/install/Example_C_ws/share/Example_C_ws/package.xml
[11.079s] Invoked command in '/home/katzchen/Documents/Robotics/Examples_ws/build/Example_C_ws' returned '0': CMAKE_PREFIX_PATH=/opt/ros/humble /usr/bin/cmake --install /home/katzchen/Documents/Robotics/Examples_ws/build/Example_C_ws
