running egg_info
writing build/ESP32_ws/ESP32_ws.egg-info/PKG-INFO
writing dependency_links to build/ESP32_ws/ESP32_ws.egg-info/dependency_links.txt
writing entry points to build/ESP32_ws/ESP32_ws.egg-info/entry_points.txt
writing requirements to build/ESP32_ws/ESP32_ws.egg-info/requires.txt
writing top-level names to build/ESP32_ws/ESP32_ws.egg-info/top_level.txt
reading manifest file 'build/ESP32_ws/ESP32_ws.egg-info/SOURCES.txt'
adding license file 'LICENSE'
writing manifest file 'build/ESP32_ws/ESP32_ws.egg-info/SOURCES.txt'
running build
running build_py
running install
running install_lib
running install_data
running install_egg_info
removing '/home/katzchen/Documents/Robotics/ESP32_ws/install/ESP32_ws/lib/python3.10/site-packages/ESP32_ws-0.0.0-py3.10.egg-info' (and everything under it)
Copying build/ESP32_ws/ESP32_ws.egg-info to /home/katzchen/Documents/Robotics/ESP32_ws/install/ESP32_ws/lib/python3.10/site-packages/ESP32_ws-0.0.0-py3.10.egg-info
running install_scripts
Installing cli script to /home/katzchen/Documents/Robotics/ESP32_ws/install/ESP32_ws/lib/ESP32_ws
writing list of installed files to '/home/katzchen/Documents/Robotics/ESP32_ws/build/ESP32_ws/install.log'
