[0.710s] Invoking command in '/home/katzchen/Documents/Robotics/ESP32_ws': PYTHONPATH=/home/katzchen/Documents/Robotics/ESP32_ws/build/ESP32_ws/prefix_override:/usr/lib/python3/dist-packages/colcon_core/task/python/colcon_distutils_commands:/home/katzchen/Documents/Robotics/ESP32_ws/install/ESP32_ws/lib/python3.10/site-packages:${PYTHONPATH} /usr/bin/python3 -W ignore:setup.py install is deprecated setup.py egg_info --egg-base build/ESP32_ws build --build-base /home/katzchen/Documents/Robotics/ESP32_ws/build/ESP32_ws/build install --record /home/katzchen/Documents/Robotics/ESP32_ws/build/ESP32_ws/install.log --single-version-externally-managed install_data
[0.986s] running egg_info
[0.987s] writing build/ESP32_ws/ESP32_ws.egg-info/PKG-INFO
[0.987s] writing dependency_links to build/ESP32_ws/ESP32_ws.egg-info/dependency_links.txt
[0.987s] writing entry points to build/ESP32_ws/ESP32_ws.egg-info/entry_points.txt
[0.987s] writing requirements to build/ESP32_ws/ESP32_ws.egg-info/requires.txt
[0.988s] writing top-level names to build/ESP32_ws/ESP32_ws.egg-info/top_level.txt
[0.989s] reading manifest file 'build/ESP32_ws/ESP32_ws.egg-info/SOURCES.txt'
[0.990s] adding license file 'LICENSE'
[0.990s] writing manifest file 'build/ESP32_ws/ESP32_ws.egg-info/SOURCES.txt'
[0.991s] running build
[0.991s] running build_py
[0.991s] running install
[0.991s] running install_lib
[0.993s] running install_data
[0.993s] running install_egg_info
[0.996s] removing '/home/katzchen/Documents/Robotics/ESP32_ws/install/ESP32_ws/lib/python3.10/site-packages/ESP32_ws-0.0.0-py3.10.egg-info' (and everything under it)
[0.996s] Copying build/ESP32_ws/ESP32_ws.egg-info to /home/katzchen/Documents/Robotics/ESP32_ws/install/ESP32_ws/lib/python3.10/site-packages/ESP32_ws-0.0.0-py3.10.egg-info
[0.998s] running install_scripts
[1.018s] Installing cli script to /home/katzchen/Documents/Robotics/ESP32_ws/install/ESP32_ws/lib/ESP32_ws
[1.019s] writing list of installed files to '/home/katzchen/Documents/Robotics/ESP32_ws/build/ESP32_ws/install.log'
[1.050s] Invoked command in '/home/katzchen/Documents/Robotics/ESP32_ws' returned '0': PYTHONPATH=/home/katzchen/Documents/Robotics/ESP32_ws/build/ESP32_ws/prefix_override:/usr/lib/python3/dist-packages/colcon_core/task/python/colcon_distutils_commands:/home/katzchen/Documents/Robotics/ESP32_ws/install/ESP32_ws/lib/python3.10/site-packages:${PYTHONPATH} /usr/bin/python3 -W ignore:setup.py install is deprecated setup.py egg_info --egg-base build/ESP32_ws build --build-base /home/katzchen/Documents/Robotics/ESP32_ws/build/ESP32_ws/build install --record /home/katzchen/Documents/Robotics/ESP32_ws/build/ESP32_ws/install.log --single-version-externally-managed install_data
